# JRE version: Java(TM) SE Runtime Environment (16.0.2+7) (build 16.0.2+7-67)
# Java VM: Java HotSpot(TM) 64-Bit Server VM (16.0.2+7-67, mixed mode, sharing, tiered, compressed oops, compressed class ptrs, g1 gc, windows-amd64)
GC Precious Log:
 CPUs: 8 total, 8 available
 Memory: 16149M
 Large Page Support: Disabled
 NUMA Support: Disabled
 Compressed Oops: Enabled (Zero based)
 Heap Region Size: 2M
 Heap Min Capacity: 8M
 Heap Initial Capacity: 254M
 Heap Max Capacity: 4038M
 Pre-touch: Disabled
 Parallel Workers: 8
 Concurrent Workers: 2
 Concurrent Refinement Workers: 8
 Periodic GC: Disabled
Heap:
 garbage-first heap   total 376832K, used 191940K [0x0000000703a00000, 0x0000000800000000)
  region size 2048K, 93 young (190464K), 1 survivors (2048K)
 Metaspace       used 12692K, committed 12864K, reserved 1064960K
  class space    used 884K, committed 960K, reserved 1048576K
GC Heap History (20 events):
Event: 9.475 GC heap before
{Heap before GC invocations=36 (full 0):
 garbage-first heap   total 376832K, used 228771K [0x0000000703a00000, 0x0000000800000000)
  region size 2048K, 110 young (225280K), 1 survivors (2048K)
 Metaspace       used 12554K, committed 12736K, reserved 1064960K
  class space    used 880K, committed 960K, reserved 1048576K
}
Event: 9.476 GC heap after
{Heap after GC invocations=37 (full 0):
 garbage-first heap   total 376832K, used 5537K [0x0000000703a00000, 0x0000000800000000)
  region size 2048K, 1 young (2048K), 1 survivors (2048K)
 Metaspace       used 12554K, committed 12736K, reserved 1064960K
  class space    used 880K, committed 960K, reserved 1048576K
}
Event: 9.714 GC heap before
{Heap before GC invocations=37 (full 0):
 garbage-first heap   total 376832K, used 228769K [0x0000000703a00000, 0x0000000800000000)
  region size 2048K, 110 young (225280K), 1 survivors (2048K)
 Metaspace       used 12554K, committed 12736K, reserved 1064960K
  class space    used 880K, committed 960K, reserved 1048576K
}
Event: 9.715 GC heap after
{Heap after GC invocations=38 (full 0):
 garbage-first heap   total 376832K, used 5539K [0x0000000703a00000, 0x0000000800000000)
  region size 2048K, 1 young (2048K), 1 survivors (2048K)
 Metaspace       used 12554K, committed 12736K, reserved 1064960K
  class space    used 880K, committed 960K, reserved 1048576K
}
Event: 9.947 GC heap before
{Heap before GC invocations=38 (full 0):
 garbage-first heap   total 376832K, used 228771K [0x0000000703a00000, 0x0000000800000000)
  region size 2048K, 110 young (225280K), 1 survivors (2048K)
 Metaspace       used 12568K, committed 12736K, reserved 1064960K
  class space    used 880K, committed 960K, reserved 1048576K
}
Event: 9.949 GC heap after
{Heap after GC invocations=39 (full 0):
 garbage-first heap   total 376832K, used 5541K [0x0000000703a00000, 0x0000000800000000)
  region size 2048K, 1 young (2048K), 1 survivors (2048K)
 Metaspace       used 12568K, committed 12736K, reserved 1064960K
  class space    used 880K, committed 960K, reserved 1048576K
}
Event: 10.182 GC heap before
{Heap before GC invocations=39 (full 0):
 garbage-first heap   total 376832K, used 228773K [0x0000000703a00000, 0x0000000800000000)
  region size 2048K, 110 young (225280K), 1 survivors (2048K)
 Metaspace       used 12568K, committed 12736K, reserved 1064960K
  class space    used 880K, committed 960K, reserved 1048576K
}
Event: 10.184 GC heap after
{Heap after GC invocations=40 (full 0):
 garbage-first heap   total 376832K, used 5543K [0x0000000703a00000, 0x0000000800000000)
  region size 2048K, 1 young (2048K), 1 survivors (2048K)
 Metaspace       used 12568K, committed 12736K, reserved 1064960K
  class space    used 880K, committed 960K, reserved 1048576K
}
Event: 10.405 GC heap before
{Heap before GC invocations=40 (full 0):
 garbage-first heap   total 376832K, used 228775K [0x0000000703a00000, 0x0000000800000000)
  region size 2048K, 110 young (225280K), 1 survivors (2048K)
 Metaspace       used 12568K, committed 12736K, reserved 1064960K
  class space    used 880K, committed 960K, reserved 1048576K
}
Event: 10.406 GC heap after
{Heap after GC invocations=41 (full 0):
 garbage-first heap   total 376832K, used 5543K [0x0000000703a00000, 0x0000000800000000)
  region size 2048K, 1 young (2048K), 1 survivors (2048K)
 Metaspace       used 12568K, committed 12736K, reserved 1064960K
  class space    used 880K, committed 960K, reserved 1048576K
}
Event: 10.653 GC heap before
{Heap before GC invocations=41 (full 0):
 garbage-first heap   total 376832K, used 228775K [0x0000000703a00000, 0x0000000800000000)
  region size 2048K, 110 young (225280K), 1 survivors (2048K)
 Metaspace       used 12569K, committed 12736K, reserved 1064960K
  class space    used 880K, committed 960K, reserved 1048576K
}
Event: 10.654 GC heap after
{Heap after GC invocations=42 (full 0):
 garbage-first heap   total 376832K, used 5544K [0x0000000703a00000, 0x0000000800000000)
  region size 2048K, 1 young (2048K), 1 survivors (2048K)
 Metaspace       used 12569K, committed 12736K, reserved 1064960K
  class space    used 880K, committed 960K, reserved 1048576K
}
Event: 10.905 GC heap before
{Heap before GC invocations=42 (full 0):
 garbage-first heap   total 376832K, used 228776K [0x0000000703a00000, 0x0000000800000000)
  region size 2048K, 110 young (225280K), 1 survivors (2048K)
 Metaspace       used 12638K, committed 12800K, reserved 1064960K
  class space    used 880K, committed 960K, reserved 1048576K
}
Event: 10.906 GC heap after
{Heap after GC invocations=43 (full 0):
 garbage-first heap   total 376832K, used 5546K [0x0000000703a00000, 0x0000000800000000)
  region size 2048K, 1 young (2048K), 1 survivors (2048K)
 Metaspace       used 12638K, committed 12800K, reserved 1064960K
  class space    used 880K, committed 960K, reserved 1048576K
}
Event: 11.158 GC heap before
{Heap before GC invocations=43 (full 0):
 garbage-first heap   total 376832K, used 228778K [0x0000000703a00000, 0x0000000800000000)
  region size 2048K, 110 young (225280K), 1 survivors (2048K)
 Metaspace       used 12647K, committed 12800K, reserved 1064960K
  class space    used 880K, committed 960K, reserved 1048576K
}
Event: 11.159 GC heap after
{Heap after GC invocations=44 (full 0):
 garbage-first heap   total 376832K, used 5555K [0x0000000703a00000, 0x0000000800000000)
  region size 2048K, 1 young (2048K), 1 survivors (2048K)
 Metaspace       used 12647K, committed 12800K, reserved 1064960K
  class space    used 880K, committed 960K, reserved 1048576K
}
Event: 11.390 GC heap before
{Heap before GC invocations=44 (full 0):
 garbage-first heap   total 376832K, used 228787K [0x0000000703a00000, 0x0000000800000000)
  region size 2048K, 110 young (225280K), 1 survivors (2048K)
 Metaspace       used 12647K, committed 12800K, reserved 1064960K
  class space    used 880K, committed 960K, reserved 1048576K
}
Event: 11.391 GC heap after
{Heap after GC invocations=45 (full 0):
 garbage-first heap   total 376832K, used 5565K [0x0000000703a00000, 0x0000000800000000)
  region size 2048K, 1 young (2048K), 1 survivors (2048K)
 Metaspace       used 12647K, committed 12800K, reserved 1064960K
  class space    used 880K, committed 960K, reserved 1048576K
}
Event: 11.648 GC heap before
{Heap before GC invocations=45 (full 0):
 garbage-first heap   total 376832K, used 228797K [0x0000000703a00000, 0x0000000800000000)
  region size 2048K, 110 young (225280K), 1 survivors (2048K)
 Metaspace       used 12647K, committed 12800K, reserved 1064960K
  class space    used 880K, committed 960K, reserved 1048576K
}
Event: 11.649 GC heap after
{Heap after GC invocations=46 (full 0):
 garbage-first heap   total 376832K, used 5572K [0x0000000703a00000, 0x0000000800000000)
  region size 2048K, 1 young (2048K), 1 survivors (2048K)
 Metaspace       used 12647K, committed 12800K, reserved 1064960K
  class space    used 880K, committed 960K, reserved 1048576K
}

