# JRE version: Java(TM) SE Runtime Environment (16.0.2+7) (build 16.0.2+7-67)
# Java VM: Java HotSpot(TM) 64-Bit Server VM (16.0.2+7-67, mixed mode, sharing, tiered, compressed oops, compressed class ptrs, g1 gc, windows-amd64)
GC Precious Log:
 CPUs: 8 total, 8 available
 Memory: 16149M
 Large Page Support: Disabled
 NUMA Support: Disabled
 Compressed Oops: Enabled (Zero based)
 Heap Region Size: 2M
 Heap Min Capacity: 8M
 Heap Initial Capacity: 254M
 Heap Max Capacity: 4038M
 Pre-touch: Disabled
 Parallel Workers: 8
 Concurrent Workers: 2
 Concurrent Refinement Workers: 8
 Periodic GC: Disabled
Heap:
 garbage-first heap   total 454656K, used 230676K [0x0000000703a00000, 0x0000000800000000)
  region size 2048K, 111 young (227328K), 1 survivors (2048K)
 Metaspace       used 12661K, committed 12800K, reserved 1064960K
  class space    used 884K, committed 960K, reserved 1048576K
GC Heap History (20 events):
Event: 6.274 GC heap before
{Heap before GC invocations=23 (full 0):
 garbage-first heap   total 454656K, used 277683K [0x0000000703a00000, 0x0000000800000000)
  region size 2048K, 133 young (272384K), 1 survivors (2048K)
 Metaspace       used 12471K, committed 12672K, reserved 1064960K
  class space    used 880K, committed 960K, reserved 1048576K
}
Event: 6.276 GC heap after
{Heap after GC invocations=24 (full 0):
 garbage-first heap   total 454656K, used 7350K [0x0000000703a00000, 0x0000000800000000)
  region size 2048K, 1 young (2048K), 1 survivors (2048K)
 Metaspace       used 12471K, committed 12672K, reserved 1064960K
  class space    used 880K, committed 960K, reserved 1048576K
}
Event: 6.538 GC heap before
{Heap before GC invocations=24 (full 0):
 garbage-first heap   total 454656K, used 277686K [0x0000000703a00000, 0x0000000800000000)
  region size 2048K, 133 young (272384K), 1 survivors (2048K)
 Metaspace       used 12488K, committed 12672K, reserved 1064960K
  class space    used 880K, committed 960K, reserved 1048576K
}
Event: 6.539 GC heap after
{Heap after GC invocations=25 (full 0):
 garbage-first heap   total 454656K, used 7362K [0x0000000703a00000, 0x0000000800000000)
  region size 2048K, 1 young (2048K), 1 survivors (2048K)
 Metaspace       used 12488K, committed 12672K, reserved 1064960K
  class space    used 880K, committed 960K, reserved 1048576K
}
Event: 6.745 GC heap before
{Heap before GC invocations=25 (full 0):
 garbage-first heap   total 454656K, used 277698K [0x0000000703a00000, 0x0000000800000000)
  region size 2048K, 133 young (272384K), 1 survivors (2048K)
 Metaspace       used 12489K, committed 12672K, reserved 1064960K
  class space    used 880K, committed 960K, reserved 1048576K
}
Event: 6.746 GC heap after
{Heap after GC invocations=26 (full 0):
 garbage-first heap   total 454656K, used 7368K [0x0000000703a00000, 0x0000000800000000)
  region size 2048K, 1 young (2048K), 1 survivors (2048K)
 Metaspace       used 12489K, committed 12672K, reserved 1064960K
  class space    used 880K, committed 960K, reserved 1048576K
}
Event: 7.006 GC heap before
{Heap before GC invocations=26 (full 0):
 garbage-first heap   total 454656K, used 277704K [0x0000000703a00000, 0x0000000800000000)
  region size 2048K, 133 young (272384K), 1 survivors (2048K)
 Metaspace       used 12493K, committed 12672K, reserved 1064960K
  class space    used 880K, committed 960K, reserved 1048576K
}
Event: 7.008 GC heap after
{Heap after GC invocations=27 (full 0):
 garbage-first heap   total 454656K, used 7381K [0x0000000703a00000, 0x0000000800000000)
  region size 2048K, 1 young (2048K), 1 survivors (2048K)
 Metaspace       used 12493K, committed 12672K, reserved 1064960K
  class space    used 880K, committed 960K, reserved 1048576K
}
Event: 7.287 GC heap before
{Heap before GC invocations=27 (full 0):
 garbage-first heap   total 454656K, used 277717K [0x0000000703a00000, 0x0000000800000000)
  region size 2048K, 133 young (272384K), 1 survivors (2048K)
 Metaspace       used 12595K, committed 12800K, reserved 1064960K
  class space    used 880K, committed 960K, reserved 1048576K
}
Event: 7.289 GC heap after
{Heap after GC invocations=28 (full 0):
 garbage-first heap   total 454656K, used 7382K [0x0000000703a00000, 0x0000000800000000)
  region size 2048K, 1 young (2048K), 1 survivors (2048K)
 Metaspace       used 12595K, committed 12800K, reserved 1064960K
  class space    used 880K, committed 960K, reserved 1048576K
}
Event: 7.512 GC heap before
{Heap before GC invocations=28 (full 0):
 garbage-first heap   total 454656K, used 277718K [0x0000000703a00000, 0x0000000800000000)
  region size 2048K, 133 young (272384K), 1 survivors (2048K)
 Metaspace       used 12596K, committed 12800K, reserved 1064960K
  class space    used 880K, committed 960K, reserved 1048576K
}
Event: 7.514 GC heap after
{Heap after GC invocations=29 (full 0):
 garbage-first heap   total 454656K, used 7410K [0x0000000703a00000, 0x0000000800000000)
  region size 2048K, 1 young (2048K), 1 survivors (2048K)
 Metaspace       used 12596K, committed 12800K, reserved 1064960K
  class space    used 880K, committed 960K, reserved 1048576K
}
Event: 7.747 GC heap before
{Heap before GC invocations=29 (full 0):
 garbage-first heap   total 454656K, used 277746K [0x0000000703a00000, 0x0000000800000000)
  region size 2048K, 133 young (272384K), 1 survivors (2048K)
 Metaspace       used 12596K, committed 12800K, reserved 1064960K
  class space    used 880K, committed 960K, reserved 1048576K
}
Event: 7.748 GC heap after
{Heap after GC invocations=30 (full 0):
 garbage-first heap   total 454656K, used 7402K [0x0000000703a00000, 0x0000000800000000)
  region size 2048K, 1 young (2048K), 1 survivors (2048K)
 Metaspace       used 12596K, committed 12800K, reserved 1064960K
  class space    used 880K, committed 960K, reserved 1048576K
}
Event: 8.018 GC heap before
{Heap before GC invocations=30 (full 0):
 garbage-first heap   total 454656K, used 277738K [0x0000000703a00000, 0x0000000800000000)
  region size 2048K, 133 young (272384K), 1 survivors (2048K)
 Metaspace       used 12596K, committed 12800K, reserved 1064960K
  class space    used 880K, committed 960K, reserved 1048576K
}
Event: 8.019 GC heap after
{Heap after GC invocations=31 (full 0):
 garbage-first heap   total 454656K, used 7418K [0x0000000703a00000, 0x0000000800000000)
  region size 2048K, 1 young (2048K), 1 survivors (2048K)
 Metaspace       used 12596K, committed 12800K, reserved 1064960K
  class space    used 880K, committed 960K, reserved 1048576K
}
Event: 8.297 GC heap before
{Heap before GC invocations=31 (full 0):
 garbage-first heap   total 454656K, used 277754K [0x0000000703a00000, 0x0000000800000000)
  region size 2048K, 133 young (272384K), 1 survivors (2048K)
 Metaspace       used 12596K, committed 12800K, reserved 1064960K
  class space    used 880K, committed 960K, reserved 1048576K
}
Event: 8.298 GC heap after
{Heap after GC invocations=32 (full 0):
 garbage-first heap   total 454656K, used 7439K [0x0000000703a00000, 0x0000000800000000)
  region size 2048K, 1 young (2048K), 1 survivors (2048K)
 Metaspace       used 12596K, committed 12800K, reserved 1064960K
  class space    used 880K, committed 960K, reserved 1048576K
}
Event: 8.556 GC heap before
{Heap before GC invocations=32 (full 0):
 garbage-first heap   total 454656K, used 277775K [0x0000000703a00000, 0x0000000800000000)
  region size 2048K, 133 young (272384K), 1 survivors (2048K)
 Metaspace       used 12613K, committed 12800K, reserved 1064960K
  class space    used 880K, committed 960K, reserved 1048576K
}
Event: 8.557 GC heap after
{Heap after GC invocations=33 (full 0):
 garbage-first heap   total 454656K, used 7444K [0x0000000703a00000, 0x0000000800000000)
  region size 2048K, 1 young (2048K), 1 survivors (2048K)
 Metaspace       used 12613K, committed 12800K, reserved 1064960K
  class space    used 880K, committed 960K, reserved 1048576K
}

