# JRE version: Java(TM) SE Runtime Environment (16.0.2+7) (build 16.0.2+7-67)
# Java VM: Java HotSpot(TM) 64-Bit Server VM (16.0.2+7-67, mixed mode, sharing, tiered, compressed oops, compressed class ptrs, g1 gc, windows-amd64)
GC Precious Log:
 CPUs: 8 total, 8 available
 Memory: 16149M
 Large Page Support: Disabled
 NUMA Support: Disabled
 Compressed Oops: Enabled (Zero based)
 Heap Region Size: 2M
 Heap Min Capacity: 8M
 Heap Initial Capacity: 254M
 Heap Max Capacity: 4038M
 Pre-touch: Disabled
 Parallel Workers: 8
 Concurrent Workers: 2
 Concurrent Refinement Workers: 8
 Periodic GC: Disabled
Heap:
 garbage-first heap   total 376832K, used 197511K [0x0000000703a00000, 0x0000000800000000)
  region size 2048K, 92 young (188416K), 1 survivors (2048K)
 Metaspace       used 12787K, committed 12928K, reserved 1064960K
  class space    used 885K, committed 960K, reserved 1048576K
GC Heap History (20 events):
Event: 37.528 GC heap before
{Heap before GC invocations=104 (full 0):
 garbage-first heap   total 376832K, used 236333K [0x0000000703a00000, 0x0000000800000000)
  region size 2048K, 110 young (225280K), 1 survivors (2048K)
 Metaspace       used 12744K, committed 12864K, reserved 1064960K
  class space    used 881K, committed 960K, reserved 1048576K
}
Event: 37.530 GC heap after
{Heap after GC invocations=105 (full 0):
 garbage-first heap   total 376832K, used 13096K [0x0000000703a00000, 0x0000000800000000)
  region size 2048K, 1 young (2048K), 1 survivors (2048K)
 Metaspace       used 12744K, committed 12864K, reserved 1064960K
  class space    used 881K, committed 960K, reserved 1048576K
}
Event: 38.005 GC heap before
{Heap before GC invocations=105 (full 0):
 garbage-first heap   total 376832K, used 236328K [0x0000000703a00000, 0x0000000800000000)
  region size 2048K, 110 young (225280K), 1 survivors (2048K)
 Metaspace       used 12744K, committed 12864K, reserved 1064960K
  class space    used 881K, committed 960K, reserved 1048576K
}
Event: 38.006 GC heap after
{Heap after GC invocations=106 (full 0):
 garbage-first heap   total 376832K, used 13122K [0x0000000703a00000, 0x0000000800000000)
  region size 2048K, 1 young (2048K), 1 survivors (2048K)
 Metaspace       used 12744K, committed 12864K, reserved 1064960K
  class space    used 881K, committed 960K, reserved 1048576K
}
Event: 38.445 GC heap before
{Heap before GC invocations=106 (full 0):
 garbage-first heap   total 376832K, used 236354K [0x0000000703a00000, 0x0000000800000000)
  region size 2048K, 110 young (225280K), 1 survivors (2048K)
 Metaspace       used 12744K, committed 12864K, reserved 1064960K
  class space    used 881K, committed 960K, reserved 1048576K
}
Event: 38.447 GC heap after
{Heap after GC invocations=107 (full 0):
 garbage-first heap   total 376832K, used 13136K [0x0000000703a00000, 0x0000000800000000)
  region size 2048K, 1 young (2048K), 1 survivors (2048K)
 Metaspace       used 12744K, committed 12864K, reserved 1064960K
  class space    used 881K, committed 960K, reserved 1048576K
}
Event: 38.990 GC heap before
{Heap before GC invocations=107 (full 0):
 garbage-first heap   total 376832K, used 236368K [0x0000000703a00000, 0x0000000800000000)
  region size 2048K, 110 young (225280K), 1 survivors (2048K)
 Metaspace       used 12744K, committed 12864K, reserved 1064960K
  class space    used 881K, committed 960K, reserved 1048576K
}
Event: 38.992 GC heap after
{Heap after GC invocations=108 (full 0):
 garbage-first heap   total 376832K, used 13145K [0x0000000703a00000, 0x0000000800000000)
  region size 2048K, 1 young (2048K), 1 survivors (2048K)
 Metaspace       used 12744K, committed 12864K, reserved 1064960K
  class space    used 881K, committed 960K, reserved 1048576K
}
Event: 39.446 GC heap before
{Heap before GC invocations=108 (full 0):
 garbage-first heap   total 376832K, used 236377K [0x0000000703a00000, 0x0000000800000000)
  region size 2048K, 110 young (225280K), 1 survivors (2048K)
 Metaspace       used 12744K, committed 12864K, reserved 1064960K
  class space    used 881K, committed 960K, reserved 1048576K
}
Event: 39.448 GC heap after
{Heap after GC invocations=109 (full 0):
 garbage-first heap   total 376832K, used 13153K [0x0000000703a00000, 0x0000000800000000)
  region size 2048K, 1 young (2048K), 1 survivors (2048K)
 Metaspace       used 12744K, committed 12864K, reserved 1064960K
  class space    used 881K, committed 960K, reserved 1048576K
}
Event: 39.918 GC heap before
{Heap before GC invocations=109 (full 0):
 garbage-first heap   total 376832K, used 236385K [0x0000000703a00000, 0x0000000800000000)
  region size 2048K, 110 young (225280K), 1 survivors (2048K)
 Metaspace       used 12744K, committed 12864K, reserved 1064960K
  class space    used 881K, committed 960K, reserved 1048576K
}
Event: 39.919 GC heap after
{Heap after GC invocations=110 (full 0):
 garbage-first heap   total 376832K, used 13166K [0x0000000703a00000, 0x0000000800000000)
  region size 2048K, 1 young (2048K), 1 survivors (2048K)
 Metaspace       used 12744K, committed 12864K, reserved 1064960K
  class space    used 881K, committed 960K, reserved 1048576K
}
Event: 40.375 GC heap before
{Heap before GC invocations=110 (full 0):
 garbage-first heap   total 376832K, used 236398K [0x0000000703a00000, 0x0000000800000000)
  region size 2048K, 110 young (225280K), 1 survivors (2048K)
 Metaspace       used 12744K, committed 12864K, reserved 1064960K
  class space    used 881K, committed 960K, reserved 1048576K
}
Event: 40.376 GC heap after
{Heap after GC invocations=111 (full 0):
 garbage-first heap   total 376832K, used 13173K [0x0000000703a00000, 0x0000000800000000)
  region size 2048K, 1 young (2048K), 1 survivors (2048K)
 Metaspace       used 12744K, committed 12864K, reserved 1064960K
  class space    used 881K, committed 960K, reserved 1048576K
}
Event: 40.857 GC heap before
{Heap before GC invocations=111 (full 0):
 garbage-first heap   total 376832K, used 236405K [0x0000000703a00000, 0x0000000800000000)
  region size 2048K, 110 young (225280K), 1 survivors (2048K)
 Metaspace       used 12744K, committed 12864K, reserved 1064960K
  class space    used 881K, committed 960K, reserved 1048576K
}
Event: 40.859 GC heap after
{Heap after GC invocations=112 (full 0):
 garbage-first heap   total 376832K, used 13173K [0x0000000703a00000, 0x0000000800000000)
  region size 2048K, 1 young (2048K), 1 survivors (2048K)
 Metaspace       used 12744K, committed 12864K, reserved 1064960K
  class space    used 881K, committed 960K, reserved 1048576K
}
Event: 41.366 GC heap before
{Heap before GC invocations=112 (full 0):
 garbage-first heap   total 376832K, used 236405K [0x0000000703a00000, 0x0000000800000000)
  region size 2048K, 110 young (225280K), 1 survivors (2048K)
 Metaspace       used 12744K, committed 12864K, reserved 1064960K
  class space    used 881K, committed 960K, reserved 1048576K
}
Event: 41.368 GC heap after
{Heap after GC invocations=113 (full 0):
 garbage-first heap   total 376832K, used 13183K [0x0000000703a00000, 0x0000000800000000)
  region size 2048K, 1 young (2048K), 1 survivors (2048K)
 Metaspace       used 12744K, committed 12864K, reserved 1064960K
  class space    used 881K, committed 960K, reserved 1048576K
}
Event: 41.817 GC heap before
{Heap before GC invocations=113 (full 0):
 garbage-first heap   total 376832K, used 236415K [0x0000000703a00000, 0x0000000800000000)
  region size 2048K, 110 young (225280K), 1 survivors (2048K)
 Metaspace       used 12744K, committed 12864K, reserved 1064960K
  class space    used 881K, committed 960K, reserved 1048576K
}
Event: 41.819 GC heap after
{Heap after GC invocations=114 (full 0):
 garbage-first heap   total 376832K, used 13191K [0x0000000703a00000, 0x0000000800000000)
  region size 2048K, 1 young (2048K), 1 survivors (2048K)
 Metaspace       used 12744K, committed 12864K, reserved 1064960K
  class space    used 881K, committed 960K, reserved 1048576K
}

