# JRE version: Java(TM) SE Runtime Environment (16.0.2+7) (build 16.0.2+7-67)
# Java VM: Java HotSpot(TM) 64-Bit Server VM (16.0.2+7-67, mixed mode, sharing, tiered, compressed oops, compressed class ptrs, g1 gc, windows-amd64)
GC Precious Log:
 CPUs: 8 total, 8 available
 Memory: 16149M
 Large Page Support: Disabled
 NUMA Support: Disabled
 Compressed Oops: Enabled (Zero based)
 Heap Region Size: 2M
 Heap Min Capacity: 8M
 Heap Initial Capacity: 254M
 Heap Max Capacity: 4038M
 Pre-touch: Disabled
 Parallel Workers: 8
 Concurrent Workers: 2
 Concurrent Refinement Workers: 8
 Periodic GC: Disabled
Heap:
 garbage-first heap   total 452608K, used 242278K [0x0000000703a00000, 0x0000000800000000)
  region size 2048K, 115 young (235520K), 1 survivors (2048K)
 Metaspace       used 12971K, committed 13248K, reserved 1064960K
  class space    used 889K, committed 1024K, reserved 1048576K
GC Heap History (20 events):
Event: 4663.063 GC heap before
{Heap before GC invocations=2799 (full 0):
 garbage-first heap   total 452608K, used 279134K [0x0000000703a00000, 0x0000000800000000)
  region size 2048K, 132 young (270336K), 1 survivors (2048K)
 Metaspace       used 12926K, committed 13120K, reserved 1064960K
  class space    used 885K, committed 960K, reserved 1048576K
}
Event: 4663.064 GC heap after
{Heap after GC invocations=2800 (full 0):
 garbage-first heap   total 452608K, used 10850K [0x0000000703a00000, 0x0000000800000000)
  region size 2048K, 1 young (2048K), 1 survivors (2048K)
 Metaspace       used 12926K, committed 13120K, reserved 1064960K
  class space    used 885K, committed 960K, reserved 1048576K
}
Event: 4664.269 GC heap before
{Heap before GC invocations=2800 (full 0):
 garbage-first heap   total 452608K, used 279138K [0x0000000703a00000, 0x0000000800000000)
  region size 2048K, 132 young (270336K), 1 survivors (2048K)
 Metaspace       used 12926K, committed 13120K, reserved 1064960K
  class space    used 885K, committed 960K, reserved 1048576K
}
Event: 4664.270 GC heap after
{Heap after GC invocations=2801 (full 0):
 garbage-first heap   total 452608K, used 10852K [0x0000000703a00000, 0x0000000800000000)
  region size 2048K, 1 young (2048K), 1 survivors (2048K)
 Metaspace       used 12926K, committed 13120K, reserved 1064960K
  class space    used 885K, committed 960K, reserved 1048576K
}
Event: 4665.695 GC heap before
{Heap before GC invocations=2801 (full 0):
 garbage-first heap   total 452608K, used 279140K [0x0000000703a00000, 0x0000000800000000)
  region size 2048K, 132 young (270336K), 1 survivors (2048K)
 Metaspace       used 12926K, committed 13120K, reserved 1064960K
  class space    used 885K, committed 960K, reserved 1048576K
}
Event: 4665.696 GC heap after
{Heap after GC invocations=2802 (full 0):
 garbage-first heap   total 452608K, used 10856K [0x0000000703a00000, 0x0000000800000000)
  region size 2048K, 1 young (2048K), 1 survivors (2048K)
 Metaspace       used 12926K, committed 13120K, reserved 1064960K
  class space    used 885K, committed 960K, reserved 1048576K
}
Event: 4666.836 GC heap before
{Heap before GC invocations=2802 (full 0):
 garbage-first heap   total 452608K, used 279144K [0x0000000703a00000, 0x0000000800000000)
  region size 2048K, 132 young (270336K), 1 survivors (2048K)
 Metaspace       used 12926K, committed 13120K, reserved 1064960K
  class space    used 885K, committed 960K, reserved 1048576K
}
Event: 4666.837 GC heap after
{Heap after GC invocations=2803 (full 0):
 garbage-first heap   total 452608K, used 10854K [0x0000000703a00000, 0x0000000800000000)
  region size 2048K, 1 young (2048K), 1 survivors (2048K)
 Metaspace       used 12926K, committed 13120K, reserved 1064960K
  class space    used 885K, committed 960K, reserved 1048576K
}
Event: 4668.070 GC heap before
{Heap before GC invocations=2803 (full 0):
 garbage-first heap   total 452608K, used 279142K [0x0000000703a00000, 0x0000000800000000)
  region size 2048K, 132 young (270336K), 1 survivors (2048K)
 Metaspace       used 12926K, committed 13120K, reserved 1064960K
  class space    used 885K, committed 960K, reserved 1048576K
}
Event: 4668.071 GC heap after
{Heap after GC invocations=2804 (full 0):
 garbage-first heap   total 452608K, used 10852K [0x0000000703a00000, 0x0000000800000000)
  region size 2048K, 1 young (2048K), 1 survivors (2048K)
 Metaspace       used 12926K, committed 13120K, reserved 1064960K
  class space    used 885K, committed 960K, reserved 1048576K
}
Event: 4669.240 GC heap before
{Heap before GC invocations=2804 (full 0):
 garbage-first heap   total 452608K, used 279140K [0x0000000703a00000, 0x0000000800000000)
  region size 2048K, 132 young (270336K), 1 survivors (2048K)
 Metaspace       used 12926K, committed 13120K, reserved 1064960K
  class space    used 885K, committed 960K, reserved 1048576K
}
Event: 4669.240 GC heap after
{Heap after GC invocations=2805 (full 0):
 garbage-first heap   total 452608K, used 10854K [0x0000000703a00000, 0x0000000800000000)
  region size 2048K, 1 young (2048K), 1 survivors (2048K)
 Metaspace       used 12926K, committed 13120K, reserved 1064960K
  class space    used 885K, committed 960K, reserved 1048576K
}
Event: 4670.154 GC heap before
{Heap before GC invocations=2805 (full 0):
 garbage-first heap   total 452608K, used 279142K [0x0000000703a00000, 0x0000000800000000)
  region size 2048K, 132 young (270336K), 1 survivors (2048K)
 Metaspace       used 12927K, committed 13120K, reserved 1064960K
  class space    used 885K, committed 960K, reserved 1048576K
}
Event: 4670.156 GC heap after
{Heap after GC invocations=2806 (full 0):
 garbage-first heap   total 452608K, used 10852K [0x0000000703a00000, 0x0000000800000000)
  region size 2048K, 1 young (2048K), 1 survivors (2048K)
 Metaspace       used 12927K, committed 13120K, reserved 1064960K
  class space    used 885K, committed 960K, reserved 1048576K
}
Event: 4670.928 GC heap before
{Heap before GC invocations=2806 (full 0):
 garbage-first heap   total 452608K, used 279140K [0x0000000703a00000, 0x0000000800000000)
  region size 2048K, 132 young (270336K), 1 survivors (2048K)
 Metaspace       used 12927K, committed 13120K, reserved 1064960K
  class space    used 885K, committed 960K, reserved 1048576K
}
Event: 4670.929 GC heap after
{Heap after GC invocations=2807 (full 0):
 garbage-first heap   total 452608K, used 10854K [0x0000000703a00000, 0x0000000800000000)
  region size 2048K, 1 young (2048K), 1 survivors (2048K)
 Metaspace       used 12927K, committed 13120K, reserved 1064960K
  class space    used 885K, committed 960K, reserved 1048576K
}
Event: 4672.074 GC heap before
{Heap before GC invocations=2807 (full 0):
 garbage-first heap   total 452608K, used 279142K [0x0000000703a00000, 0x0000000800000000)
  region size 2048K, 132 young (270336K), 1 survivors (2048K)
 Metaspace       used 12927K, committed 13120K, reserved 1064960K
  class space    used 885K, committed 960K, reserved 1048576K
}
Event: 4672.075 GC heap after
{Heap after GC invocations=2808 (full 0):
 garbage-first heap   total 452608K, used 10852K [0x0000000703a00000, 0x0000000800000000)
  region size 2048K, 1 young (2048K), 1 survivors (2048K)
 Metaspace       used 12927K, committed 13120K, reserved 1064960K
  class space    used 885K, committed 960K, reserved 1048576K
}
Event: 4673.175 GC heap before
{Heap before GC invocations=2808 (full 0):
 garbage-first heap   total 452608K, used 279140K [0x0000000703a00000, 0x0000000800000000)
  region size 2048K, 132 young (270336K), 1 survivors (2048K)
 Metaspace       used 12927K, committed 13120K, reserved 1064960K
  class space    used 885K, committed 960K, reserved 1048576K
}
Event: 4673.176 GC heap after
{Heap after GC invocations=2809 (full 0):
 garbage-first heap   total 452608K, used 10854K [0x0000000703a00000, 0x0000000800000000)
  region size 2048K, 1 young (2048K), 1 survivors (2048K)
 Metaspace       used 12927K, committed 13120K, reserved 1064960K
  class space    used 885K, committed 960K, reserved 1048576K
}

