# JRE version: Java(TM) SE Runtime Environment (16.0.2+7) (build 16.0.2+7-67)
# Java VM: Java HotSpot(TM) 64-Bit Server VM (16.0.2+7-67, mixed mode, sharing, tiered, compressed oops, compressed class ptrs, g1 gc, windows-amd64)
GC Precious Log:
 CPUs: 8 total, 8 available
 Memory: 16149M
 Large Page Support: Disabled
 NUMA Support: Disabled
 Compressed Oops: Enabled (Zero based)
 Heap Region Size: 2M
 Heap Min Capacity: 8M
 Heap Initial Capacity: 254M
 Heap Max Capacity: 4038M
 Pre-touch: Disabled
 Parallel Workers: 8
 Concurrent Workers: 2
 Concurrent Refinement Workers: 8
 Periodic GC: Disabled
Heap:
 garbage-first heap   total 401408K, used 74379K [0x0000000703a00000, 0x0000000800000000)
  region size 2048K, 34 young (69632K), 1 survivors (2048K)
 Metaspace       used 12796K, committed 12992K, reserved 1064960K
  class space    used 884K, committed 960K, reserved 1048576K
GC Heap History (20 events):
Event: 252.833 GC heap before
{Heap before GC invocations=687 (full 0):
 garbage-first heap   total 401408K, used 246404K [0x0000000703a00000, 0x0000000800000000)
  region size 2048K, 117 young (239616K), 1 survivors (2048K)
 Metaspace       used 12753K, committed 12928K, reserved 1064960K
  class space    used 880K, committed 960K, reserved 1048576K
}
Event: 252.834 GC heap after
{Heap after GC invocations=688 (full 0):
 garbage-first heap   total 401408K, used 8838K [0x0000000703a00000, 0x0000000800000000)
  region size 2048K, 1 young (2048K), 1 survivors (2048K)
 Metaspace       used 12753K, committed 12928K, reserved 1064960K
  class space    used 880K, committed 960K, reserved 1048576K
}
Event: 253.201 GC heap before
{Heap before GC invocations=688 (full 0):
 garbage-first heap   total 401408K, used 246406K [0x0000000703a00000, 0x0000000800000000)
  region size 2048K, 117 young (239616K), 1 survivors (2048K)
 Metaspace       used 12753K, committed 12928K, reserved 1064960K
  class space    used 880K, committed 960K, reserved 1048576K
}
Event: 253.202 GC heap after
{Heap after GC invocations=689 (full 0):
 garbage-first heap   total 401408K, used 8836K [0x0000000703a00000, 0x0000000800000000)
  region size 2048K, 1 young (2048K), 1 survivors (2048K)
 Metaspace       used 12753K, committed 12928K, reserved 1064960K
  class space    used 880K, committed 960K, reserved 1048576K
}
Event: 253.597 GC heap before
{Heap before GC invocations=689 (full 0):
 garbage-first heap   total 401408K, used 246404K [0x0000000703a00000, 0x0000000800000000)
  region size 2048K, 117 young (239616K), 1 survivors (2048K)
 Metaspace       used 12753K, committed 12928K, reserved 1064960K
  class space    used 880K, committed 960K, reserved 1048576K
}
Event: 253.598 GC heap after
{Heap after GC invocations=690 (full 0):
 garbage-first heap   total 401408K, used 8838K [0x0000000703a00000, 0x0000000800000000)
  region size 2048K, 1 young (2048K), 1 survivors (2048K)
 Metaspace       used 12753K, committed 12928K, reserved 1064960K
  class space    used 880K, committed 960K, reserved 1048576K
}
Event: 253.983 GC heap before
{Heap before GC invocations=690 (full 0):
 garbage-first heap   total 401408K, used 246406K [0x0000000703a00000, 0x0000000800000000)
  region size 2048K, 117 young (239616K), 1 survivors (2048K)
 Metaspace       used 12753K, committed 12928K, reserved 1064960K
  class space    used 880K, committed 960K, reserved 1048576K
}
Event: 253.983 GC heap after
{Heap after GC invocations=691 (full 0):
 garbage-first heap   total 401408K, used 8836K [0x0000000703a00000, 0x0000000800000000)
  region size 2048K, 1 young (2048K), 1 survivors (2048K)
 Metaspace       used 12753K, committed 12928K, reserved 1064960K
  class space    used 880K, committed 960K, reserved 1048576K
}
Event: 254.348 GC heap before
{Heap before GC invocations=691 (full 0):
 garbage-first heap   total 401408K, used 246404K [0x0000000703a00000, 0x0000000800000000)
  region size 2048K, 117 young (239616K), 1 survivors (2048K)
 Metaspace       used 12753K, committed 12928K, reserved 1064960K
  class space    used 880K, committed 960K, reserved 1048576K
}
Event: 254.349 GC heap after
{Heap after GC invocations=692 (full 0):
 garbage-first heap   total 401408K, used 8839K [0x0000000703a00000, 0x0000000800000000)
  region size 2048K, 1 young (2048K), 1 survivors (2048K)
 Metaspace       used 12753K, committed 12928K, reserved 1064960K
  class space    used 880K, committed 960K, reserved 1048576K
}
Event: 254.745 GC heap before
{Heap before GC invocations=692 (full 0):
 garbage-first heap   total 401408K, used 246407K [0x0000000703a00000, 0x0000000800000000)
  region size 2048K, 117 young (239616K), 1 survivors (2048K)
 Metaspace       used 12753K, committed 12928K, reserved 1064960K
  class space    used 880K, committed 960K, reserved 1048576K
}
Event: 254.746 GC heap after
{Heap after GC invocations=693 (full 0):
 garbage-first heap   total 401408K, used 8839K [0x0000000703a00000, 0x0000000800000000)
  region size 2048K, 1 young (2048K), 1 survivors (2048K)
 Metaspace       used 12753K, committed 12928K, reserved 1064960K
  class space    used 880K, committed 960K, reserved 1048576K
}
Event: 255.123 GC heap before
{Heap before GC invocations=693 (full 0):
 garbage-first heap   total 401408K, used 246407K [0x0000000703a00000, 0x0000000800000000)
  region size 2048K, 117 young (239616K), 1 survivors (2048K)
 Metaspace       used 12753K, committed 12928K, reserved 1064960K
  class space    used 880K, committed 960K, reserved 1048576K
}
Event: 255.124 GC heap after
{Heap after GC invocations=694 (full 0):
 garbage-first heap   total 401408K, used 8841K [0x0000000703a00000, 0x0000000800000000)
  region size 2048K, 1 young (2048K), 1 survivors (2048K)
 Metaspace       used 12753K, committed 12928K, reserved 1064960K
  class space    used 880K, committed 960K, reserved 1048576K
}
Event: 255.542 GC heap before
{Heap before GC invocations=694 (full 0):
 garbage-first heap   total 401408K, used 246409K [0x0000000703a00000, 0x0000000800000000)
  region size 2048K, 117 young (239616K), 1 survivors (2048K)
 Metaspace       used 12753K, committed 12928K, reserved 1064960K
  class space    used 880K, committed 960K, reserved 1048576K
}
Event: 255.543 GC heap after
{Heap after GC invocations=695 (full 0):
 garbage-first heap   total 401408K, used 8839K [0x0000000703a00000, 0x0000000800000000)
  region size 2048K, 1 young (2048K), 1 survivors (2048K)
 Metaspace       used 12753K, committed 12928K, reserved 1064960K
  class space    used 880K, committed 960K, reserved 1048576K
}
Event: 255.883 GC heap before
{Heap before GC invocations=695 (full 0):
 garbage-first heap   total 401408K, used 246407K [0x0000000703a00000, 0x0000000800000000)
  region size 2048K, 117 young (239616K), 1 survivors (2048K)
 Metaspace       used 12753K, committed 12928K, reserved 1064960K
  class space    used 880K, committed 960K, reserved 1048576K
}
Event: 255.884 GC heap after
{Heap after GC invocations=696 (full 0):
 garbage-first heap   total 401408K, used 8839K [0x0000000703a00000, 0x0000000800000000)
  region size 2048K, 1 young (2048K), 1 survivors (2048K)
 Metaspace       used 12753K, committed 12928K, reserved 1064960K
  class space    used 880K, committed 960K, reserved 1048576K
}
Event: 256.293 GC heap before
{Heap before GC invocations=696 (full 0):
 garbage-first heap   total 401408K, used 246407K [0x0000000703a00000, 0x0000000800000000)
  region size 2048K, 117 young (239616K), 1 survivors (2048K)
 Metaspace       used 12753K, committed 12928K, reserved 1064960K
  class space    used 880K, committed 960K, reserved 1048576K
}
Event: 256.294 GC heap after
{Heap after GC invocations=697 (full 0):
 garbage-first heap   total 401408K, used 8843K [0x0000000703a00000, 0x0000000800000000)
  region size 2048K, 1 young (2048K), 1 survivors (2048K)
 Metaspace       used 12753K, committed 12928K, reserved 1064960K
  class space    used 880K, committed 960K, reserved 1048576K
}

