# JRE version: Java(TM) SE Runtime Environment (16.0.2+7) (build 16.0.2+7-67)
# Java VM: Java HotSpot(TM) 64-Bit Server VM (16.0.2+7-67, mixed mode, sharing, tiered, compressed oops, compressed class ptrs, g1 gc, windows-amd64)
GC Precious Log:
 CPUs: 8 total, 8 available
 Memory: 16149M
 Large Page Support: Disabled
 NUMA Support: Disabled
 Compressed Oops: Enabled (Zero based)
 Heap Region Size: 2M
 Heap Min Capacity: 8M
 Heap Initial Capacity: 254M
 Heap Max Capacity: 4038M
 Pre-touch: Disabled
 Parallel Workers: 8
 Concurrent Workers: 2
 Concurrent Refinement Workers: 8
 Periodic GC: Disabled
Heap:
 garbage-first heap   total 452608K, used 211756K [0x0000000703a00000, 0x0000000800000000)
  region size 2048K, 102 young (208896K), 1 survivors (2048K)
 Metaspace       used 12860K, committed 12992K, reserved 1064960K
  class space    used 887K, committed 960K, reserved 1048576K
GC Heap History (20 events):
Event: 55.478 GC heap before
{Heap before GC invocations=235 (full 0):
 garbage-first heap   total 452608K, used 275234K [0x0000000703a00000, 0x0000000800000000)
  region size 2048K, 132 young (270336K), 1 survivors (2048K)
 Metaspace       used 12817K, committed 12992K, reserved 1064960K
  class space    used 884K, committed 960K, reserved 1048576K
}
Event: 55.479 GC heap after
{Heap after GC invocations=236 (full 0):
 garbage-first heap   total 452608K, used 6948K [0x0000000703a00000, 0x0000000800000000)
  region size 2048K, 1 young (2048K), 1 survivors (2048K)
 Metaspace       used 12817K, committed 12992K, reserved 1064960K
  class space    used 884K, committed 960K, reserved 1048576K
}
Event: 55.782 GC heap before
{Heap before GC invocations=236 (full 0):
 garbage-first heap   total 452608K, used 275236K [0x0000000703a00000, 0x0000000800000000)
  region size 2048K, 132 young (270336K), 1 survivors (2048K)
 Metaspace       used 12817K, committed 12992K, reserved 1064960K
  class space    used 884K, committed 960K, reserved 1048576K
}
Event: 55.783 GC heap after
{Heap after GC invocations=237 (full 0):
 garbage-first heap   total 452608K, used 6948K [0x0000000703a00000, 0x0000000800000000)
  region size 2048K, 1 young (2048K), 1 survivors (2048K)
 Metaspace       used 12817K, committed 12992K, reserved 1064960K
  class space    used 884K, committed 960K, reserved 1048576K
}
Event: 56.098 GC heap before
{Heap before GC invocations=237 (full 0):
 garbage-first heap   total 452608K, used 275236K [0x0000000703a00000, 0x0000000800000000)
  region size 2048K, 132 young (270336K), 1 survivors (2048K)
 Metaspace       used 12817K, committed 12992K, reserved 1064960K
  class space    used 884K, committed 960K, reserved 1048576K
}
Event: 56.099 GC heap after
{Heap after GC invocations=238 (full 0):
 garbage-first heap   total 452608K, used 6948K [0x0000000703a00000, 0x0000000800000000)
  region size 2048K, 1 young (2048K), 1 survivors (2048K)
 Metaspace       used 12817K, committed 12992K, reserved 1064960K
  class space    used 884K, committed 960K, reserved 1048576K
}
Event: 56.371 GC heap before
{Heap before GC invocations=238 (full 0):
 garbage-first heap   total 452608K, used 275236K [0x0000000703a00000, 0x0000000800000000)
  region size 2048K, 132 young (270336K), 1 survivors (2048K)
 Metaspace       used 12817K, committed 12992K, reserved 1064960K
  class space    used 884K, committed 960K, reserved 1048576K
}
Event: 56.374 GC heap after
{Heap after GC invocations=239 (full 0):
 garbage-first heap   total 452608K, used 6950K [0x0000000703a00000, 0x0000000800000000)
  region size 2048K, 1 young (2048K), 1 survivors (2048K)
 Metaspace       used 12817K, committed 12992K, reserved 1064960K
  class space    used 884K, committed 960K, reserved 1048576K
}
Event: 56.641 GC heap before
{Heap before GC invocations=239 (full 0):
 garbage-first heap   total 452608K, used 275238K [0x0000000703a00000, 0x0000000800000000)
  region size 2048K, 132 young (270336K), 1 survivors (2048K)
 Metaspace       used 12817K, committed 12992K, reserved 1064960K
  class space    used 884K, committed 960K, reserved 1048576K
}
Event: 56.643 GC heap after
{Heap after GC invocations=240 (full 0):
 garbage-first heap   total 452608K, used 6951K [0x0000000703a00000, 0x0000000800000000)
  region size 2048K, 1 young (2048K), 1 survivors (2048K)
 Metaspace       used 12817K, committed 12992K, reserved 1064960K
  class space    used 884K, committed 960K, reserved 1048576K
}
Event: 56.909 GC heap before
{Heap before GC invocations=240 (full 0):
 garbage-first heap   total 452608K, used 275239K [0x0000000703a00000, 0x0000000800000000)
  region size 2048K, 132 young (270336K), 1 survivors (2048K)
 Metaspace       used 12817K, committed 12992K, reserved 1064960K
  class space    used 884K, committed 960K, reserved 1048576K
}
Event: 56.910 GC heap after
{Heap after GC invocations=241 (full 0):
 garbage-first heap   total 452608K, used 6953K [0x0000000703a00000, 0x0000000800000000)
  region size 2048K, 1 young (2048K), 1 survivors (2048K)
 Metaspace       used 12817K, committed 12992K, reserved 1064960K
  class space    used 884K, committed 960K, reserved 1048576K
}
Event: 57.165 GC heap before
{Heap before GC invocations=241 (full 0):
 garbage-first heap   total 452608K, used 275241K [0x0000000703a00000, 0x0000000800000000)
  region size 2048K, 132 young (270336K), 1 survivors (2048K)
 Metaspace       used 12817K, committed 12992K, reserved 1064960K
  class space    used 884K, committed 960K, reserved 1048576K
}
Event: 57.166 GC heap after
{Heap after GC invocations=242 (full 0):
 garbage-first heap   total 452608K, used 6953K [0x0000000703a00000, 0x0000000800000000)
  region size 2048K, 1 young (2048K), 1 survivors (2048K)
 Metaspace       used 12817K, committed 12992K, reserved 1064960K
  class space    used 884K, committed 960K, reserved 1048576K
}
Event: 57.470 GC heap before
{Heap before GC invocations=242 (full 0):
 garbage-first heap   total 452608K, used 275241K [0x0000000703a00000, 0x0000000800000000)
  region size 2048K, 132 young (270336K), 1 survivors (2048K)
 Metaspace       used 12817K, committed 12992K, reserved 1064960K
  class space    used 884K, committed 960K, reserved 1048576K
}
Event: 57.471 GC heap after
{Heap after GC invocations=243 (full 0):
 garbage-first heap   total 452608K, used 6958K [0x0000000703a00000, 0x0000000800000000)
  region size 2048K, 1 young (2048K), 1 survivors (2048K)
 Metaspace       used 12817K, committed 12992K, reserved 1064960K
  class space    used 884K, committed 960K, reserved 1048576K
}
Event: 57.788 GC heap before
{Heap before GC invocations=243 (full 0):
 garbage-first heap   total 452608K, used 275246K [0x0000000703a00000, 0x0000000800000000)
  region size 2048K, 132 young (270336K), 1 survivors (2048K)
 Metaspace       used 12817K, committed 12992K, reserved 1064960K
  class space    used 884K, committed 960K, reserved 1048576K
}
Event: 57.789 GC heap after
{Heap after GC invocations=244 (full 0):
 garbage-first heap   total 452608K, used 6954K [0x0000000703a00000, 0x0000000800000000)
  region size 2048K, 1 young (2048K), 1 survivors (2048K)
 Metaspace       used 12817K, committed 12992K, reserved 1064960K
  class space    used 884K, committed 960K, reserved 1048576K
}
Event: 58.124 GC heap before
{Heap before GC invocations=244 (full 0):
 garbage-first heap   total 452608K, used 275242K [0x0000000703a00000, 0x0000000800000000)
  region size 2048K, 132 young (270336K), 1 survivors (2048K)
 Metaspace       used 12817K, committed 12992K, reserved 1064960K
  class space    used 884K, committed 960K, reserved 1048576K
}
Event: 58.125 GC heap after
{Heap after GC invocations=245 (full 0):
 garbage-first heap   total 452608K, used 6956K [0x0000000703a00000, 0x0000000800000000)
  region size 2048K, 1 young (2048K), 1 survivors (2048K)
 Metaspace       used 12817K, committed 12992K, reserved 1064960K
  class space    used 884K, committed 960K, reserved 1048576K
}

