# JRE version: Java(TM) SE Runtime Environment (16.0.2+7) (build 16.0.2+7-67)
# Java VM: Java HotSpot(TM) 64-Bit Server VM (16.0.2+7-67, mixed mode, sharing, tiered, compressed oops, compressed class ptrs, g1 gc, windows-amd64)
GC Precious Log:
 CPUs: 8 total, 8 available
 Memory: 16149M
 Large Page Support: Disabled
 NUMA Support: Disabled
 Compressed Oops: Enabled (Zero based)
 Heap Region Size: 2M
 Heap Min Capacity: 8M
 Heap Initial Capacity: 254M
 Heap Max Capacity: 4038M
 Pre-touch: Disabled
 Parallel Workers: 8
 Concurrent Workers: 2
 Concurrent Refinement Workers: 8
 Periodic GC: Disabled
Heap:
 garbage-first heap   total 489472K, used 134049K [0x0000000703a00000, 0x0000000800000000)
  region size 2048K, 64 young (131072K), 1 survivors (2048K)
 Metaspace       used 12504K, committed 12672K, reserved 1064960K
  class space    used 884K, committed 960K, reserved 1048576K
GC Heap History (20 events):
Event: 3.457 GC heap before
{Heap before GC invocations=15 (full 0):
 garbage-first heap   total 489472K, used 291729K [0x0000000703a00000, 0x0000000800000000)
  region size 2048K, 143 young (292864K), 4 survivors (8192K)
 Metaspace       used 12364K, committed 12544K, reserved 1064960K
  class space    used 880K, committed 960K, reserved 1048576K
}
Event: 3.460 GC heap after
{Heap after GC invocations=16 (full 0):
 garbage-first heap   total 489472K, used 6881K [0x0000000703a00000, 0x0000000800000000)
  region size 2048K, 3 young (6144K), 3 survivors (6144K)
 Metaspace       used 12364K, committed 12544K, reserved 1064960K
  class space    used 880K, committed 960K, reserved 1048576K
}
Event: 3.601 GC heap before
{Heap before GC invocations=16 (full 0):
 garbage-first heap   total 489472K, used 293601K [0x0000000703a00000, 0x0000000800000000)
  region size 2048K, 143 young (292864K), 3 survivors (6144K)
 Metaspace       used 12372K, committed 12544K, reserved 1064960K
  class space    used 880K, committed 960K, reserved 1048576K
}
Event: 3.603 GC heap after
{Heap after GC invocations=17 (full 0):
 garbage-first heap   total 489472K, used 7046K [0x0000000703a00000, 0x0000000800000000)
  region size 2048K, 2 young (4096K), 2 survivors (4096K)
 Metaspace       used 12372K, committed 12544K, reserved 1064960K
  class space    used 880K, committed 960K, reserved 1048576K
}
Event: 3.742 GC heap before
{Heap before GC invocations=17 (full 0):
 garbage-first heap   total 489472K, used 295814K [0x0000000703a00000, 0x0000000800000000)
  region size 2048K, 143 young (292864K), 2 survivors (4096K)
 Metaspace       used 12407K, committed 12544K, reserved 1064960K
  class space    used 880K, committed 960K, reserved 1048576K
}
Event: 3.744 GC heap after
{Heap after GC invocations=18 (full 0):
 garbage-first heap   total 489472K, used 6940K [0x0000000703a00000, 0x0000000800000000)
  region size 2048K, 1 young (2048K), 1 survivors (2048K)
 Metaspace       used 12407K, committed 12544K, reserved 1064960K
  class space    used 880K, committed 960K, reserved 1048576K
}
Event: 3.889 GC heap before
{Heap before GC invocations=18 (full 0):
 garbage-first heap   total 489472K, used 297756K [0x0000000703a00000, 0x0000000800000000)
  region size 2048K, 143 young (292864K), 1 survivors (2048K)
 Metaspace       used 12413K, committed 12544K, reserved 1064960K
  class space    used 880K, committed 960K, reserved 1048576K
}
Event: 3.890 GC heap after
{Heap after GC invocations=19 (full 0):
 garbage-first heap   total 489472K, used 7008K [0x0000000703a00000, 0x0000000800000000)
  region size 2048K, 1 young (2048K), 1 survivors (2048K)
 Metaspace       used 12413K, committed 12544K, reserved 1064960K
  class space    used 880K, committed 960K, reserved 1048576K
}
Event: 4.032 GC heap before
{Heap before GC invocations=19 (full 0):
 garbage-first heap   total 489472K, used 297824K [0x0000000703a00000, 0x0000000800000000)
  region size 2048K, 143 young (292864K), 1 survivors (2048K)
 Metaspace       used 12424K, committed 12544K, reserved 1064960K
  class space    used 880K, committed 960K, reserved 1048576K
}
Event: 4.033 GC heap after
{Heap after GC invocations=20 (full 0):
 garbage-first heap   total 489472K, used 7023K [0x0000000703a00000, 0x0000000800000000)
  region size 2048K, 1 young (2048K), 1 survivors (2048K)
 Metaspace       used 12424K, committed 12544K, reserved 1064960K
  class space    used 880K, committed 960K, reserved 1048576K
}
Event: 4.174 GC heap before
{Heap before GC invocations=20 (full 0):
 garbage-first heap   total 489472K, used 297839K [0x0000000703a00000, 0x0000000800000000)
  region size 2048K, 143 young (292864K), 1 survivors (2048K)
 Metaspace       used 12427K, committed 12544K, reserved 1064960K
  class space    used 880K, committed 960K, reserved 1048576K
}
Event: 4.175 GC heap after
{Heap after GC invocations=21 (full 0):
 garbage-first heap   total 489472K, used 7031K [0x0000000703a00000, 0x0000000800000000)
  region size 2048K, 1 young (2048K), 1 survivors (2048K)
 Metaspace       used 12427K, committed 12544K, reserved 1064960K
  class space    used 880K, committed 960K, reserved 1048576K
}
Event: 4.317 GC heap before
{Heap before GC invocations=21 (full 0):
 garbage-first heap   total 489472K, used 297847K [0x0000000703a00000, 0x0000000800000000)
  region size 2048K, 143 young (292864K), 1 survivors (2048K)
 Metaspace       used 12430K, committed 12544K, reserved 1064960K
  class space    used 880K, committed 960K, reserved 1048576K
}
Event: 4.319 GC heap after
{Heap after GC invocations=22 (full 0):
 garbage-first heap   total 489472K, used 7034K [0x0000000703a00000, 0x0000000800000000)
  region size 2048K, 1 young (2048K), 1 survivors (2048K)
 Metaspace       used 12430K, committed 12544K, reserved 1064960K
  class space    used 880K, committed 960K, reserved 1048576K
}
Event: 4.457 GC heap before
{Heap before GC invocations=22 (full 0):
 garbage-first heap   total 489472K, used 297850K [0x0000000703a00000, 0x0000000800000000)
  region size 2048K, 143 young (292864K), 1 survivors (2048K)
 Metaspace       used 12444K, committed 12672K, reserved 1064960K
  class space    used 880K, committed 960K, reserved 1048576K
}
Event: 4.458 GC heap after
{Heap after GC invocations=23 (full 0):
 garbage-first heap   total 489472K, used 7045K [0x0000000703a00000, 0x0000000800000000)
  region size 2048K, 1 young (2048K), 1 survivors (2048K)
 Metaspace       used 12444K, committed 12672K, reserved 1064960K
  class space    used 880K, committed 960K, reserved 1048576K
}
Event: 4.605 GC heap before
{Heap before GC invocations=23 (full 0):
 garbage-first heap   total 489472K, used 297861K [0x0000000703a00000, 0x0000000800000000)
  region size 2048K, 143 young (292864K), 1 survivors (2048K)
 Metaspace       used 12455K, committed 12672K, reserved 1064960K
  class space    used 880K, committed 960K, reserved 1048576K
}
Event: 4.607 GC heap after
{Heap after GC invocations=24 (full 0):
 garbage-first heap   total 489472K, used 7059K [0x0000000703a00000, 0x0000000800000000)
  region size 2048K, 1 young (2048K), 1 survivors (2048K)
 Metaspace       used 12455K, committed 12672K, reserved 1064960K
  class space    used 880K, committed 960K, reserved 1048576K
}
Event: 4.747 GC heap before
{Heap before GC invocations=24 (full 0):
 garbage-first heap   total 489472K, used 297875K [0x0000000703a00000, 0x0000000800000000)
  region size 2048K, 143 young (292864K), 1 survivors (2048K)
 Metaspace       used 12455K, committed 12672K, reserved 1064960K
  class space    used 880K, committed 960K, reserved 1048576K
}
Event: 4.748 GC heap after
{Heap after GC invocations=25 (full 0):
 garbage-first heap   total 489472K, used 7073K [0x0000000703a00000, 0x0000000800000000)
  region size 2048K, 1 young (2048K), 1 survivors (2048K)
 Metaspace       used 12455K, committed 12672K, reserved 1064960K
  class space    used 880K, committed 960K, reserved 1048576K
}

