# JRE version: Java(TM) SE Runtime Environment (16.0.2+7) (build 16.0.2+7-67)
# Java VM: Java HotSpot(TM) 64-Bit Server VM (16.0.2+7-67, mixed mode, sharing, tiered, compressed oops, compressed class ptrs, g1 gc, windows-amd64)
GC Precious Log:
 CPUs: 8 total, 8 available
 Memory: 16149M
 Large Page Support: Disabled
 NUMA Support: Disabled
 Compressed Oops: Enabled (Zero based)
 Heap Region Size: 2M
 Heap Min Capacity: 8M
 Heap Initial Capacity: 254M
 Heap Max Capacity: 4038M
 Pre-touch: Disabled
 Parallel Workers: 8
 Concurrent Workers: 2
 Concurrent Refinement Workers: 8
 Periodic GC: Disabled
Heap:
 garbage-first heap   total 376832K, used 58846K [0x0000000703a00000, 0x0000000800000000)
  region size 2048K, 28 young (57344K), 1 survivors (2048K)
 Metaspace       used 12633K, committed 12800K, reserved 1064960K
  class space    used 882K, committed 960K, reserved 1048576K
GC Heap History (20 events):
Event: 8.814 GC heap before
{Heap before GC invocations=30 (full 0):
 garbage-first heap   total 376832K, used 228765K [0x0000000703a00000, 0x0000000800000000)
  region size 2048K, 110 young (225280K), 1 survivors (2048K)
 Metaspace       used 12570K, committed 12736K, reserved 1064960K
  class space    used 879K, committed 960K, reserved 1048576K
}
Event: 8.815 GC heap after
{Heap after GC invocations=31 (full 0):
 garbage-first heap   total 376832K, used 5533K [0x0000000703a00000, 0x0000000800000000)
  region size 2048K, 1 young (2048K), 1 survivors (2048K)
 Metaspace       used 12570K, committed 12736K, reserved 1064960K
  class space    used 879K, committed 960K, reserved 1048576K
}
Event: 9.078 GC heap before
{Heap before GC invocations=31 (full 0):
 garbage-first heap   total 376832K, used 228765K [0x0000000703a00000, 0x0000000800000000)
  region size 2048K, 110 young (225280K), 1 survivors (2048K)
 Metaspace       used 12570K, committed 12736K, reserved 1064960K
  class space    used 879K, committed 960K, reserved 1048576K
}
Event: 9.079 GC heap after
{Heap after GC invocations=32 (full 0):
 garbage-first heap   total 376832K, used 5550K [0x0000000703a00000, 0x0000000800000000)
  region size 2048K, 1 young (2048K), 1 survivors (2048K)
 Metaspace       used 12570K, committed 12736K, reserved 1064960K
  class space    used 879K, committed 960K, reserved 1048576K
}
Event: 9.350 GC heap before
{Heap before GC invocations=32 (full 0):
 garbage-first heap   total 376832K, used 228782K [0x0000000703a00000, 0x0000000800000000)
  region size 2048K, 110 young (225280K), 1 survivors (2048K)
 Metaspace       used 12570K, committed 12736K, reserved 1064960K
  class space    used 879K, committed 960K, reserved 1048576K
}
Event: 9.351 GC heap after
{Heap after GC invocations=33 (full 0):
 garbage-first heap   total 376832K, used 5552K [0x0000000703a00000, 0x0000000800000000)
  region size 2048K, 1 young (2048K), 1 survivors (2048K)
 Metaspace       used 12570K, committed 12736K, reserved 1064960K
  class space    used 879K, committed 960K, reserved 1048576K
}
Event: 9.628 GC heap before
{Heap before GC invocations=33 (full 0):
 garbage-first heap   total 376832K, used 228784K [0x0000000703a00000, 0x0000000800000000)
  region size 2048K, 110 young (225280K), 1 survivors (2048K)
 Metaspace       used 12570K, committed 12736K, reserved 1064960K
  class space    used 879K, committed 960K, reserved 1048576K
}
Event: 9.630 GC heap after
{Heap after GC invocations=34 (full 0):
 garbage-first heap   total 376832K, used 5563K [0x0000000703a00000, 0x0000000800000000)
  region size 2048K, 1 young (2048K), 1 survivors (2048K)
 Metaspace       used 12570K, committed 12736K, reserved 1064960K
  class space    used 879K, committed 960K, reserved 1048576K
}
Event: 9.910 GC heap before
{Heap before GC invocations=34 (full 0):
 garbage-first heap   total 376832K, used 228795K [0x0000000703a00000, 0x0000000800000000)
  region size 2048K, 110 young (225280K), 1 survivors (2048K)
 Metaspace       used 12570K, committed 12736K, reserved 1064960K
  class space    used 879K, committed 960K, reserved 1048576K
}
Event: 9.911 GC heap after
{Heap after GC invocations=35 (full 0):
 garbage-first heap   total 376832K, used 5563K [0x0000000703a00000, 0x0000000800000000)
  region size 2048K, 1 young (2048K), 1 survivors (2048K)
 Metaspace       used 12570K, committed 12736K, reserved 1064960K
  class space    used 879K, committed 960K, reserved 1048576K
}
Event: 10.187 GC heap before
{Heap before GC invocations=35 (full 0):
 garbage-first heap   total 376832K, used 228795K [0x0000000703a00000, 0x0000000800000000)
  region size 2048K, 110 young (225280K), 1 survivors (2048K)
 Metaspace       used 12570K, committed 12736K, reserved 1064960K
  class space    used 879K, committed 960K, reserved 1048576K
}
Event: 10.188 GC heap after
{Heap after GC invocations=36 (full 0):
 garbage-first heap   total 376832K, used 5568K [0x0000000703a00000, 0x0000000800000000)
  region size 2048K, 1 young (2048K), 1 survivors (2048K)
 Metaspace       used 12570K, committed 12736K, reserved 1064960K
  class space    used 879K, committed 960K, reserved 1048576K
}
Event: 10.472 GC heap before
{Heap before GC invocations=36 (full 0):
 garbage-first heap   total 376832K, used 228800K [0x0000000703a00000, 0x0000000800000000)
  region size 2048K, 110 young (225280K), 1 survivors (2048K)
 Metaspace       used 12571K, committed 12736K, reserved 1064960K
  class space    used 879K, committed 960K, reserved 1048576K
}
Event: 10.474 GC heap after
{Heap after GC invocations=37 (full 0):
 garbage-first heap   total 376832K, used 5570K [0x0000000703a00000, 0x0000000800000000)
  region size 2048K, 1 young (2048K), 1 survivors (2048K)
 Metaspace       used 12571K, committed 12736K, reserved 1064960K
  class space    used 879K, committed 960K, reserved 1048576K
}
Event: 10.750 GC heap before
{Heap before GC invocations=37 (full 0):
 garbage-first heap   total 376832K, used 228802K [0x0000000703a00000, 0x0000000800000000)
  region size 2048K, 110 young (225280K), 1 survivors (2048K)
 Metaspace       used 12571K, committed 12736K, reserved 1064960K
  class space    used 879K, committed 960K, reserved 1048576K
}
Event: 10.751 GC heap after
{Heap after GC invocations=38 (full 0):
 garbage-first heap   total 376832K, used 5581K [0x0000000703a00000, 0x0000000800000000)
  region size 2048K, 1 young (2048K), 1 survivors (2048K)
 Metaspace       used 12571K, committed 12736K, reserved 1064960K
  class space    used 879K, committed 960K, reserved 1048576K
}
Event: 11.031 GC heap before
{Heap before GC invocations=38 (full 0):
 garbage-first heap   total 376832K, used 228813K [0x0000000703a00000, 0x0000000800000000)
  region size 2048K, 110 young (225280K), 1 survivors (2048K)
 Metaspace       used 12585K, committed 12736K, reserved 1064960K
  class space    used 879K, committed 960K, reserved 1048576K
}
Event: 11.032 GC heap after
{Heap after GC invocations=39 (full 0):
 garbage-first heap   total 376832K, used 5591K [0x0000000703a00000, 0x0000000800000000)
  region size 2048K, 1 young (2048K), 1 survivors (2048K)
 Metaspace       used 12585K, committed 12736K, reserved 1064960K
  class space    used 879K, committed 960K, reserved 1048576K
}
Event: 11.304 GC heap before
{Heap before GC invocations=39 (full 0):
 garbage-first heap   total 376832K, used 228823K [0x0000000703a00000, 0x0000000800000000)
  region size 2048K, 110 young (225280K), 1 survivors (2048K)
 Metaspace       used 12585K, committed 12736K, reserved 1064960K
  class space    used 879K, committed 960K, reserved 1048576K
}
Event: 11.305 GC heap after
{Heap after GC invocations=40 (full 0):
 garbage-first heap   total 376832K, used 5598K [0x0000000703a00000, 0x0000000800000000)
  region size 2048K, 1 young (2048K), 1 survivors (2048K)
 Metaspace       used 12585K, committed 12736K, reserved 1064960K
  class space    used 879K, committed 960K, reserved 1048576K
}

