# JRE version: Java(TM) SE Runtime Environment (16.0.2+7) (build 16.0.2+7-67)
# Java VM: Java HotSpot(TM) 64-Bit Server VM (16.0.2+7-67, mixed mode, sharing, tiered, compressed oops, compressed class ptrs, g1 gc, windows-amd64)
GC Precious Log:
 CPUs: 8 total, 8 available
 Memory: 16149M
 Large Page Support: Disabled
 NUMA Support: Disabled
 Compressed Oops: Enabled (Zero based)
 Heap Region Size: 2M
 Heap Min Capacity: 8M
 Heap Initial Capacity: 254M
 Heap Max Capacity: 4038M
 Pre-touch: Disabled
 Parallel Workers: 8
 Concurrent Workers: 2
 Concurrent Refinement Workers: 8
 Periodic GC: Disabled
Heap:
 garbage-first heap   total 507904K, used 153251K [0x0000000703a00000, 0x0000000800000000)
  region size 2048K, 73 young (149504K), 1 survivors (2048K)
 Metaspace       used 12758K, committed 12928K, reserved 1064960K
  class space    used 884K, committed 960K, reserved 1048576K
GC Heap History (20 events):
Event: 44.990 GC heap before
{Heap before GC invocations=169 (full 0):
 garbage-first heap   total 507904K, used 308885K [0x0000000703a00000, 0x0000000800000000)
  region size 2048K, 148 young (303104K), 1 survivors (2048K)
 Metaspace       used 12711K, committed 12864K, reserved 1064960K
  class space    used 880K, committed 960K, reserved 1048576K
}
Event: 44.991 GC heap after
{Heap after GC invocations=170 (full 0):
 garbage-first heap   total 507904K, used 7827K [0x0000000703a00000, 0x0000000800000000)
  region size 2048K, 1 young (2048K), 1 survivors (2048K)
 Metaspace       used 12711K, committed 12864K, reserved 1064960K
  class space    used 880K, committed 960K, reserved 1048576K
}
Event: 45.250 GC heap before
{Heap before GC invocations=170 (full 0):
 garbage-first heap   total 507904K, used 308883K [0x0000000703a00000, 0x0000000800000000)
  region size 2048K, 148 young (303104K), 1 survivors (2048K)
 Metaspace       used 12711K, committed 12864K, reserved 1064960K
  class space    used 880K, committed 960K, reserved 1048576K
}
Event: 45.251 GC heap after
{Heap after GC invocations=171 (full 0):
 garbage-first heap   total 507904K, used 7825K [0x0000000703a00000, 0x0000000800000000)
  region size 2048K, 1 young (2048K), 1 survivors (2048K)
 Metaspace       used 12711K, committed 12864K, reserved 1064960K
  class space    used 880K, committed 960K, reserved 1048576K
}
Event: 45.504 GC heap before
{Heap before GC invocations=171 (full 0):
 garbage-first heap   total 507904K, used 308881K [0x0000000703a00000, 0x0000000800000000)
  region size 2048K, 148 young (303104K), 1 survivors (2048K)
 Metaspace       used 12711K, committed 12864K, reserved 1064960K
  class space    used 880K, committed 960K, reserved 1048576K
}
Event: 45.505 GC heap after
{Heap after GC invocations=172 (full 0):
 garbage-first heap   total 507904K, used 7825K [0x0000000703a00000, 0x0000000800000000)
  region size 2048K, 1 young (2048K), 1 survivors (2048K)
 Metaspace       used 12711K, committed 12864K, reserved 1064960K
  class space    used 880K, committed 960K, reserved 1048576K
}
Event: 45.774 GC heap before
{Heap before GC invocations=172 (full 0):
 garbage-first heap   total 507904K, used 308881K [0x0000000703a00000, 0x0000000800000000)
  region size 2048K, 148 young (303104K), 1 survivors (2048K)
 Metaspace       used 12711K, committed 12864K, reserved 1064960K
  class space    used 880K, committed 960K, reserved 1048576K
}
Event: 45.775 GC heap after
{Heap after GC invocations=173 (full 0):
 garbage-first heap   total 507904K, used 7825K [0x0000000703a00000, 0x0000000800000000)
  region size 2048K, 1 young (2048K), 1 survivors (2048K)
 Metaspace       used 12711K, committed 12864K, reserved 1064960K
  class space    used 880K, committed 960K, reserved 1048576K
}
Event: 46.086 GC heap before
{Heap before GC invocations=173 (full 0):
 garbage-first heap   total 507904K, used 308881K [0x0000000703a00000, 0x0000000800000000)
  region size 2048K, 148 young (303104K), 1 survivors (2048K)
 Metaspace       used 12711K, committed 12864K, reserved 1064960K
  class space    used 880K, committed 960K, reserved 1048576K
}
Event: 46.087 GC heap after
{Heap after GC invocations=174 (full 0):
 garbage-first heap   total 507904K, used 7825K [0x0000000703a00000, 0x0000000800000000)
  region size 2048K, 1 young (2048K), 1 survivors (2048K)
 Metaspace       used 12711K, committed 12864K, reserved 1064960K
  class space    used 880K, committed 960K, reserved 1048576K
}
Event: 46.367 GC heap before
{Heap before GC invocations=174 (full 0):
 garbage-first heap   total 507904K, used 308881K [0x0000000703a00000, 0x0000000800000000)
  region size 2048K, 148 young (303104K), 1 survivors (2048K)
 Metaspace       used 12711K, committed 12864K, reserved 1064960K
  class space    used 880K, committed 960K, reserved 1048576K
}
Event: 46.368 GC heap after
{Heap after GC invocations=175 (full 0):
 garbage-first heap   total 507904K, used 7832K [0x0000000703a00000, 0x0000000800000000)
  region size 2048K, 1 young (2048K), 1 survivors (2048K)
 Metaspace       used 12711K, committed 12864K, reserved 1064960K
  class space    used 880K, committed 960K, reserved 1048576K
}
Event: 46.681 GC heap before
{Heap before GC invocations=175 (full 0):
 garbage-first heap   total 507904K, used 308888K [0x0000000703a00000, 0x0000000800000000)
  region size 2048K, 148 young (303104K), 1 survivors (2048K)
 Metaspace       used 12715K, committed 12864K, reserved 1064960K
  class space    used 881K, committed 960K, reserved 1048576K
}
Event: 46.683 GC heap after
{Heap after GC invocations=176 (full 0):
 garbage-first heap   total 507904K, used 7840K [0x0000000703a00000, 0x0000000800000000)
  region size 2048K, 1 young (2048K), 1 survivors (2048K)
 Metaspace       used 12715K, committed 12864K, reserved 1064960K
  class space    used 881K, committed 960K, reserved 1048576K
}
Event: 46.963 GC heap before
{Heap before GC invocations=176 (full 0):
 garbage-first heap   total 507904K, used 308896K [0x0000000703a00000, 0x0000000800000000)
  region size 2048K, 148 young (303104K), 1 survivors (2048K)
 Metaspace       used 12715K, committed 12864K, reserved 1064960K
  class space    used 881K, committed 960K, reserved 1048576K
}
Event: 46.964 GC heap after
{Heap after GC invocations=177 (full 0):
 garbage-first heap   total 507904K, used 7843K [0x0000000703a00000, 0x0000000800000000)
  region size 2048K, 1 young (2048K), 1 survivors (2048K)
 Metaspace       used 12715K, committed 12864K, reserved 1064960K
  class space    used 881K, committed 960K, reserved 1048576K
}
Event: 47.236 GC heap before
{Heap before GC invocations=177 (full 0):
 garbage-first heap   total 507904K, used 308899K [0x0000000703a00000, 0x0000000800000000)
  region size 2048K, 148 young (303104K), 1 survivors (2048K)
 Metaspace       used 12715K, committed 12864K, reserved 1064960K
  class space    used 881K, committed 960K, reserved 1048576K
}
Event: 47.236 GC heap after
{Heap after GC invocations=178 (full 0):
 garbage-first heap   total 507904K, used 7839K [0x0000000703a00000, 0x0000000800000000)
  region size 2048K, 1 young (2048K), 1 survivors (2048K)
 Metaspace       used 12715K, committed 12864K, reserved 1064960K
  class space    used 881K, committed 960K, reserved 1048576K
}
Event: 47.499 GC heap before
{Heap before GC invocations=178 (full 0):
 garbage-first heap   total 507904K, used 308895K [0x0000000703a00000, 0x0000000800000000)
  region size 2048K, 148 young (303104K), 1 survivors (2048K)
 Metaspace       used 12715K, committed 12864K, reserved 1064960K
  class space    used 881K, committed 960K, reserved 1048576K
}
Event: 47.501 GC heap after
{Heap after GC invocations=179 (full 0):
 garbage-first heap   total 507904K, used 7843K [0x0000000703a00000, 0x0000000800000000)
  region size 2048K, 1 young (2048K), 1 survivors (2048K)
 Metaspace       used 12715K, committed 12864K, reserved 1064960K
  class space    used 881K, committed 960K, reserved 1048576K
}

