# JRE version: Java(TM) SE Runtime Environment (16.0.2+7) (build 16.0.2+7-67)
# Java VM: Java HotSpot(TM) 64-Bit Server VM (16.0.2+7-67, mixed mode, sharing, tiered, compressed oops, compressed class ptrs, g1 gc, windows-amd64)
GC Precious Log:
 CPUs: 8 total, 8 available
 Memory: 16149M
 Large Page Support: Disabled
 NUMA Support: Disabled
 Compressed Oops: Enabled (Zero based)
 Heap Region Size: 2M
 Heap Min Capacity: 8M
 Heap Initial Capacity: 254M
 Heap Max Capacity: 4038M
 Pre-touch: Disabled
 Parallel Workers: 8
 Concurrent Workers: 2
 Concurrent Refinement Workers: 8
 Periodic GC: Disabled
Heap:
 garbage-first heap   total 452608K, used 242745K [0x0000000703a00000, 0x0000000800000000)
  region size 2048K, 117 young (239616K), 1 survivors (2048K)
 Metaspace       used 12808K, committed 12928K, reserved 1064960K
  class space    used 885K, committed 960K, reserved 1048576K
GC Heap History (20 events):
Event: 34.463 GC heap before
{Heap before GC invocations=174 (full 0):
 garbage-first heap   total 452608K, used 275509K [0x0000000703a00000, 0x0000000800000000)
  region size 2048K, 132 young (270336K), 1 survivors (2048K)
 Metaspace       used 12765K, committed 12928K, reserved 1064960K
  class space    used 881K, committed 960K, reserved 1048576K
}
Event: 34.464 GC heap after
{Heap after GC invocations=175 (full 0):
 garbage-first heap   total 452608K, used 7221K [0x0000000703a00000, 0x0000000800000000)
  region size 2048K, 1 young (2048K), 1 survivors (2048K)
 Metaspace       used 12765K, committed 12928K, reserved 1064960K
  class space    used 881K, committed 960K, reserved 1048576K
}
Event: 34.742 GC heap before
{Heap before GC invocations=175 (full 0):
 garbage-first heap   total 452608K, used 275509K [0x0000000703a00000, 0x0000000800000000)
  region size 2048K, 132 young (270336K), 1 survivors (2048K)
 Metaspace       used 12765K, committed 12928K, reserved 1064960K
  class space    used 881K, committed 960K, reserved 1048576K
}
Event: 34.743 GC heap after
{Heap after GC invocations=176 (full 0):
 garbage-first heap   total 452608K, used 7223K [0x0000000703a00000, 0x0000000800000000)
  region size 2048K, 1 young (2048K), 1 survivors (2048K)
 Metaspace       used 12765K, committed 12928K, reserved 1064960K
  class space    used 881K, committed 960K, reserved 1048576K
}
Event: 35.024 GC heap before
{Heap before GC invocations=176 (full 0):
 garbage-first heap   total 452608K, used 275511K [0x0000000703a00000, 0x0000000800000000)
  region size 2048K, 132 young (270336K), 1 survivors (2048K)
 Metaspace       used 12765K, committed 12928K, reserved 1064960K
  class space    used 881K, committed 960K, reserved 1048576K
}
Event: 35.026 GC heap after
{Heap after GC invocations=177 (full 0):
 garbage-first heap   total 452608K, used 7223K [0x0000000703a00000, 0x0000000800000000)
  region size 2048K, 1 young (2048K), 1 survivors (2048K)
 Metaspace       used 12765K, committed 12928K, reserved 1064960K
  class space    used 881K, committed 960K, reserved 1048576K
}
Event: 35.303 GC heap before
{Heap before GC invocations=177 (full 0):
 garbage-first heap   total 452608K, used 275511K [0x0000000703a00000, 0x0000000800000000)
  region size 2048K, 132 young (270336K), 1 survivors (2048K)
 Metaspace       used 12765K, committed 12928K, reserved 1064960K
  class space    used 881K, committed 960K, reserved 1048576K
}
Event: 35.304 GC heap after
{Heap after GC invocations=178 (full 0):
 garbage-first heap   total 452608K, used 7225K [0x0000000703a00000, 0x0000000800000000)
  region size 2048K, 1 young (2048K), 1 survivors (2048K)
 Metaspace       used 12765K, committed 12928K, reserved 1064960K
  class space    used 881K, committed 960K, reserved 1048576K
}
Event: 35.584 GC heap before
{Heap before GC invocations=178 (full 0):
 garbage-first heap   total 452608K, used 275513K [0x0000000703a00000, 0x0000000800000000)
  region size 2048K, 132 young (270336K), 1 survivors (2048K)
 Metaspace       used 12765K, committed 12928K, reserved 1064960K
  class space    used 881K, committed 960K, reserved 1048576K
}
Event: 35.586 GC heap after
{Heap after GC invocations=179 (full 0):
 garbage-first heap   total 452608K, used 7223K [0x0000000703a00000, 0x0000000800000000)
  region size 2048K, 1 young (2048K), 1 survivors (2048K)
 Metaspace       used 12765K, committed 12928K, reserved 1064960K
  class space    used 881K, committed 960K, reserved 1048576K
}
Event: 35.874 GC heap before
{Heap before GC invocations=179 (full 0):
 garbage-first heap   total 452608K, used 275511K [0x0000000703a00000, 0x0000000800000000)
  region size 2048K, 132 young (270336K), 1 survivors (2048K)
 Metaspace       used 12765K, committed 12928K, reserved 1064960K
  class space    used 881K, committed 960K, reserved 1048576K
}
Event: 35.875 GC heap after
{Heap after GC invocations=180 (full 0):
 garbage-first heap   total 452608K, used 7225K [0x0000000703a00000, 0x0000000800000000)
  region size 2048K, 1 young (2048K), 1 survivors (2048K)
 Metaspace       used 12765K, committed 12928K, reserved 1064960K
  class space    used 881K, committed 960K, reserved 1048576K
}
Event: 36.153 GC heap before
{Heap before GC invocations=180 (full 0):
 garbage-first heap   total 452608K, used 275513K [0x0000000703a00000, 0x0000000800000000)
  region size 2048K, 132 young (270336K), 1 survivors (2048K)
 Metaspace       used 12765K, committed 12928K, reserved 1064960K
  class space    used 881K, committed 960K, reserved 1048576K
}
Event: 36.154 GC heap after
{Heap after GC invocations=181 (full 0):
 garbage-first heap   total 452608K, used 7221K [0x0000000703a00000, 0x0000000800000000)
  region size 2048K, 1 young (2048K), 1 survivors (2048K)
 Metaspace       used 12765K, committed 12928K, reserved 1064960K
  class space    used 881K, committed 960K, reserved 1048576K
}
Event: 36.431 GC heap before
{Heap before GC invocations=181 (full 0):
 garbage-first heap   total 452608K, used 275509K [0x0000000703a00000, 0x0000000800000000)
  region size 2048K, 132 young (270336K), 1 survivors (2048K)
 Metaspace       used 12765K, committed 12928K, reserved 1064960K
  class space    used 881K, committed 960K, reserved 1048576K
}
Event: 36.432 GC heap after
{Heap after GC invocations=182 (full 0):
 garbage-first heap   total 452608K, used 7223K [0x0000000703a00000, 0x0000000800000000)
  region size 2048K, 1 young (2048K), 1 survivors (2048K)
 Metaspace       used 12765K, committed 12928K, reserved 1064960K
  class space    used 881K, committed 960K, reserved 1048576K
}
Event: 36.712 GC heap before
{Heap before GC invocations=182 (full 0):
 garbage-first heap   total 452608K, used 275511K [0x0000000703a00000, 0x0000000800000000)
  region size 2048K, 132 young (270336K), 1 survivors (2048K)
 Metaspace       used 12765K, committed 12928K, reserved 1064960K
  class space    used 881K, committed 960K, reserved 1048576K
}
Event: 36.713 GC heap after
{Heap after GC invocations=183 (full 0):
 garbage-first heap   total 452608K, used 7223K [0x0000000703a00000, 0x0000000800000000)
  region size 2048K, 1 young (2048K), 1 survivors (2048K)
 Metaspace       used 12765K, committed 12928K, reserved 1064960K
  class space    used 881K, committed 960K, reserved 1048576K
}
Event: 36.996 GC heap before
{Heap before GC invocations=183 (full 0):
 garbage-first heap   total 452608K, used 275511K [0x0000000703a00000, 0x0000000800000000)
  region size 2048K, 132 young (270336K), 1 survivors (2048K)
 Metaspace       used 12765K, committed 12928K, reserved 1064960K
  class space    used 881K, committed 960K, reserved 1048576K
}
Event: 36.997 GC heap after
{Heap after GC invocations=184 (full 0):
 garbage-first heap   total 452608K, used 7225K [0x0000000703a00000, 0x0000000800000000)
  region size 2048K, 1 young (2048K), 1 survivors (2048K)
 Metaspace       used 12765K, committed 12928K, reserved 1064960K
  class space    used 881K, committed 960K, reserved 1048576K
}

