# JRE version: Java(TM) SE Runtime Environment (16.0.2+7) (build 16.0.2+7-67)
# Java VM: Java HotSpot(TM) 64-Bit Server VM (16.0.2+7-67, mixed mode, sharing, tiered, compressed oops, compressed class ptrs, g1 gc, windows-amd64)
GC Precious Log:
 CPUs: 8 total, 8 available
 Memory: 16149M
 Large Page Support: Disabled
 NUMA Support: Disabled
 Compressed Oops: Enabled (Zero based)
 Heap Region Size: 2M
 Heap Min Capacity: 8M
 Heap Initial Capacity: 254M
 Heap Max Capacity: 4038M
 Pre-touch: Disabled
 Parallel Workers: 8
 Concurrent Workers: 2
 Concurrent Refinement Workers: 8
 Periodic GC: Disabled
Heap:
 garbage-first heap   total 376832K, used 20949K [0x0000000703a00000, 0x0000000800000000)
  region size 2048K, 9 young (18432K), 1 survivors (2048K)
 Metaspace       used 12522K, committed 12672K, reserved 1064960K
  class space    used 883K, committed 960K, reserved 1048576K
GC Heap History (20 events):
Event: 7.365 GC heap before
{Heap before GC invocations=27 (full 0):
 garbage-first heap   total 376832K, used 229736K [0x0000000703a00000, 0x0000000800000000)
  region size 2048K, 110 young (225280K), 1 survivors (2048K)
 Metaspace       used 12425K, committed 12608K, reserved 1064960K
  class space    used 880K, committed 960K, reserved 1048576K
}
Event: 7.366 GC heap after
{Heap after GC invocations=28 (full 0):
 garbage-first heap   total 376832K, used 6510K [0x0000000703a00000, 0x0000000800000000)
  region size 2048K, 1 young (2048K), 1 survivors (2048K)
 Metaspace       used 12425K, committed 12608K, reserved 1064960K
  class space    used 880K, committed 960K, reserved 1048576K
}
Event: 7.632 GC heap before
{Heap before GC invocations=28 (full 0):
 garbage-first heap   total 376832K, used 229742K [0x0000000703a00000, 0x0000000800000000)
  region size 2048K, 110 young (225280K), 1 survivors (2048K)
 Metaspace       used 12425K, committed 12608K, reserved 1064960K
  class space    used 880K, committed 960K, reserved 1048576K
}
Event: 7.633 GC heap after
{Heap after GC invocations=29 (full 0):
 garbage-first heap   total 376832K, used 6517K [0x0000000703a00000, 0x0000000800000000)
  region size 2048K, 1 young (2048K), 1 survivors (2048K)
 Metaspace       used 12425K, committed 12608K, reserved 1064960K
  class space    used 880K, committed 960K, reserved 1048576K
}
Event: 7.902 GC heap before
{Heap before GC invocations=29 (full 0):
 garbage-first heap   total 376832K, used 229749K [0x0000000703a00000, 0x0000000800000000)
  region size 2048K, 110 young (225280K), 1 survivors (2048K)
 Metaspace       used 12432K, committed 12608K, reserved 1064960K
  class space    used 880K, committed 960K, reserved 1048576K
}
Event: 7.902 GC heap after
{Heap after GC invocations=30 (full 0):
 garbage-first heap   total 376832K, used 6527K [0x0000000703a00000, 0x0000000800000000)
  region size 2048K, 1 young (2048K), 1 survivors (2048K)
 Metaspace       used 12432K, committed 12608K, reserved 1064960K
  class space    used 880K, committed 960K, reserved 1048576K
}
Event: 8.170 GC heap before
{Heap before GC invocations=30 (full 0):
 garbage-first heap   total 376832K, used 229759K [0x0000000703a00000, 0x0000000800000000)
  region size 2048K, 110 young (225280K), 1 survivors (2048K)
 Metaspace       used 12456K, committed 12608K, reserved 1064960K
  class space    used 880K, committed 960K, reserved 1048576K
}
Event: 8.171 GC heap after
{Heap after GC invocations=31 (full 0):
 garbage-first heap   total 376832K, used 6546K [0x0000000703a00000, 0x0000000800000000)
  region size 2048K, 1 young (2048K), 1 survivors (2048K)
 Metaspace       used 12456K, committed 12608K, reserved 1064960K
  class space    used 880K, committed 960K, reserved 1048576K
}
Event: 8.448 GC heap before
{Heap before GC invocations=31 (full 0):
 garbage-first heap   total 376832K, used 229778K [0x0000000703a00000, 0x0000000800000000)
  region size 2048K, 110 young (225280K), 1 survivors (2048K)
 Metaspace       used 12459K, committed 12608K, reserved 1064960K
  class space    used 880K, committed 960K, reserved 1048576K
}
Event: 8.450 GC heap after
{Heap after GC invocations=32 (full 0):
 garbage-first heap   total 376832K, used 6558K [0x0000000703a00000, 0x0000000800000000)
  region size 2048K, 1 young (2048K), 1 survivors (2048K)
 Metaspace       used 12459K, committed 12608K, reserved 1064960K
  class space    used 880K, committed 960K, reserved 1048576K
}
Event: 8.726 GC heap before
{Heap before GC invocations=32 (full 0):
 garbage-first heap   total 376832K, used 229790K [0x0000000703a00000, 0x0000000800000000)
  region size 2048K, 110 young (225280K), 1 survivors (2048K)
 Metaspace       used 12476K, committed 12608K, reserved 1064960K
  class space    used 880K, committed 960K, reserved 1048576K
}
Event: 8.726 GC heap after
{Heap after GC invocations=33 (full 0):
 garbage-first heap   total 376832K, used 6573K [0x0000000703a00000, 0x0000000800000000)
  region size 2048K, 1 young (2048K), 1 survivors (2048K)
 Metaspace       used 12476K, committed 12608K, reserved 1064960K
  class space    used 880K, committed 960K, reserved 1048576K
}
Event: 8.998 GC heap before
{Heap before GC invocations=33 (full 0):
 garbage-first heap   total 376832K, used 229805K [0x0000000703a00000, 0x0000000800000000)
  region size 2048K, 110 young (225280K), 1 survivors (2048K)
 Metaspace       used 12476K, committed 12608K, reserved 1064960K
  class space    used 880K, committed 960K, reserved 1048576K
}
Event: 8.999 GC heap after
{Heap after GC invocations=34 (full 0):
 garbage-first heap   total 376832K, used 6583K [0x0000000703a00000, 0x0000000800000000)
  region size 2048K, 1 young (2048K), 1 survivors (2048K)
 Metaspace       used 12476K, committed 12608K, reserved 1064960K
  class space    used 880K, committed 960K, reserved 1048576K
}
Event: 9.274 GC heap before
{Heap before GC invocations=34 (full 0):
 garbage-first heap   total 376832K, used 229815K [0x0000000703a00000, 0x0000000800000000)
  region size 2048K, 110 young (225280K), 1 survivors (2048K)
 Metaspace       used 12476K, committed 12608K, reserved 1064960K
  class space    used 880K, committed 960K, reserved 1048576K
}
Event: 9.275 GC heap after
{Heap after GC invocations=35 (full 0):
 garbage-first heap   total 376832K, used 6600K [0x0000000703a00000, 0x0000000800000000)
  region size 2048K, 1 young (2048K), 1 survivors (2048K)
 Metaspace       used 12476K, committed 12608K, reserved 1064960K
  class space    used 880K, committed 960K, reserved 1048576K
}
Event: 9.565 GC heap before
{Heap before GC invocations=35 (full 0):
 garbage-first heap   total 376832K, used 229832K [0x0000000703a00000, 0x0000000800000000)
  region size 2048K, 110 young (225280K), 1 survivors (2048K)
 Metaspace       used 12476K, committed 12608K, reserved 1064960K
  class space    used 880K, committed 960K, reserved 1048576K
}
Event: 9.566 GC heap after
{Heap after GC invocations=36 (full 0):
 garbage-first heap   total 376832K, used 6606K [0x0000000703a00000, 0x0000000800000000)
  region size 2048K, 1 young (2048K), 1 survivors (2048K)
 Metaspace       used 12476K, committed 12608K, reserved 1064960K
  class space    used 880K, committed 960K, reserved 1048576K
}
Event: 9.852 GC heap before
{Heap before GC invocations=36 (full 0):
 garbage-first heap   total 376832K, used 229838K [0x0000000703a00000, 0x0000000800000000)
  region size 2048K, 110 young (225280K), 1 survivors (2048K)
 Metaspace       used 12479K, committed 12672K, reserved 1064960K
  class space    used 880K, committed 960K, reserved 1048576K
}
Event: 9.853 GC heap after
{Heap after GC invocations=37 (full 0):
 garbage-first heap   total 376832K, used 6613K [0x0000000703a00000, 0x0000000800000000)
  region size 2048K, 1 young (2048K), 1 survivors (2048K)
 Metaspace       used 12479K, committed 12672K, reserved 1064960K
  class space    used 880K, committed 960K, reserved 1048576K
}

