# JRE version: Java(TM) SE Runtime Environment (16.0.2+7) (build 16.0.2+7-67)
# Java VM: Java HotSpot(TM) 64-Bit Server VM (16.0.2+7-67, mixed mode, sharing, tiered, compressed oops, compressed class ptrs, g1 gc, windows-amd64)
GC Precious Log:
 CPUs: 8 total, 8 available
 Memory: 16149M
 Large Page Support: Disabled
 NUMA Support: Disabled
 Compressed Oops: Enabled (Zero based)
 Heap Region Size: 2M
 Heap Min Capacity: 8M
 Heap Initial Capacity: 254M
 Heap Max Capacity: 4038M
 Pre-touch: Disabled
 Parallel Workers: 8
 Concurrent Workers: 2
 Concurrent Refinement Workers: 8
 Periodic GC: Disabled
Heap:
 garbage-first heap   total 260096K, used 150693K [0x0000000703a00000, 0x0000000800000000)
  region size 2048K, 75 young (153600K), 3 survivors (6144K)
 Metaspace       used 12730K, committed 12864K, reserved 1064960K
  class space    used 883K, committed 960K, reserved 1048576K
GC Heap History (14 events):
Event: 3.063 GC heap before
{Heap before GC invocations=0 (full 0):
 garbage-first heap   total 260096K, used 22528K [0x0000000703a00000, 0x0000000800000000)
  region size 2048K, 11 young (22528K), 0 survivors (0K)
 Metaspace       used 11217K, committed 11328K, reserved 1064960K
  class space    used 806K, committed 832K, reserved 1048576K
}
Event: 3.074 GC heap after
{Heap after GC invocations=1 (full 0):
 garbage-first heap   total 260096K, used 2765K [0x0000000703a00000, 0x0000000800000000)
  region size 2048K, 2 young (4096K), 2 survivors (4096K)
 Metaspace       used 11217K, committed 11328K, reserved 1064960K
  class space    used 806K, committed 832K, reserved 1048576K
}
Event: 3.846 GC heap before
{Heap before GC invocations=1 (full 0):
 garbage-first heap   total 260096K, used 37581K [0x0000000703a00000, 0x0000000800000000)
  region size 2048K, 20 young (40960K), 2 survivors (4096K)
 Metaspace       used 12159K, committed 12352K, reserved 1064960K
  class space    used 879K, committed 960K, reserved 1048576K
}
Event: 3.850 GC heap after
{Heap after GC invocations=2 (full 0):
 garbage-first heap   total 260096K, used 5195K [0x0000000703a00000, 0x0000000800000000)
  region size 2048K, 3 young (6144K), 3 survivors (6144K)
 Metaspace       used 12159K, committed 12352K, reserved 1064960K
  class space    used 879K, committed 960K, reserved 1048576K
}
Event: 22.074 GC heap before
{Heap before GC invocations=2 (full 0):
 garbage-first heap   total 260096K, used 154699K [0x0000000703a00000, 0x0000000800000000)
  region size 2048K, 76 young (155648K), 3 survivors (6144K)
 Metaspace       used 12344K, committed 12480K, reserved 1064960K
  class space    used 879K, committed 960K, reserved 1048576K
}
Event: 22.077 GC heap after
{Heap after GC invocations=3 (full 0):
 garbage-first heap   total 260096K, used 5184K [0x0000000703a00000, 0x0000000800000000)
  region size 2048K, 3 young (6144K), 3 survivors (6144K)
 Metaspace       used 12344K, committed 12480K, reserved 1064960K
  class space    used 879K, committed 960K, reserved 1048576K
}
Event: 38.720 GC heap before
{Heap before GC invocations=3 (full 0):
 garbage-first heap   total 260096K, used 154688K [0x0000000703a00000, 0x0000000800000000)
  region size 2048K, 76 young (155648K), 3 survivors (6144K)
 Metaspace       used 12403K, committed 12544K, reserved 1064960K
  class space    used 879K, committed 960K, reserved 1048576K
}
Event: 38.725 GC heap after
{Heap after GC invocations=4 (full 0):
 garbage-first heap   total 260096K, used 5405K [0x0000000703a00000, 0x0000000800000000)
  region size 2048K, 3 young (6144K), 3 survivors (6144K)
 Metaspace       used 12403K, committed 12544K, reserved 1064960K
  class space    used 879K, committed 960K, reserved 1048576K
}
Event: 55.737 GC heap before
{Heap before GC invocations=4 (full 0):
 garbage-first heap   total 260096K, used 154909K [0x0000000703a00000, 0x0000000800000000)
  region size 2048K, 76 young (155648K), 3 survivors (6144K)
 Metaspace       used 12534K, committed 12736K, reserved 1064960K
  class space    used 879K, committed 960K, reserved 1048576K
}
Event: 55.743 GC heap after
{Heap after GC invocations=5 (full 0):
 garbage-first heap   total 260096K, used 5429K [0x0000000703a00000, 0x0000000800000000)
  region size 2048K, 3 young (6144K), 3 survivors (6144K)
 Metaspace       used 12534K, committed 12736K, reserved 1064960K
  class space    used 879K, committed 960K, reserved 1048576K
}
Event: 72.385 GC heap before
{Heap before GC invocations=5 (full 0):
 garbage-first heap   total 260096K, used 154933K [0x0000000703a00000, 0x0000000800000000)
  region size 2048K, 76 young (155648K), 3 survivors (6144K)
 Metaspace       used 12609K, committed 12800K, reserved 1064960K
  class space    used 879K, committed 960K, reserved 1048576K
}
Event: 72.389 GC heap after
{Heap after GC invocations=6 (full 0):
 garbage-first heap   total 260096K, used 5433K [0x0000000703a00000, 0x0000000800000000)
  region size 2048K, 3 young (6144K), 3 survivors (6144K)
 Metaspace       used 12609K, committed 12800K, reserved 1064960K
  class space    used 879K, committed 960K, reserved 1048576K
}
Event: 89.670 GC heap before
{Heap before GC invocations=6 (full 0):
 garbage-first heap   total 260096K, used 154937K [0x0000000703a00000, 0x0000000800000000)
  region size 2048K, 76 young (155648K), 3 survivors (6144K)
 Metaspace       used 12642K, committed 12864K, reserved 1064960K
  class space    used 879K, committed 960K, reserved 1048576K
}
Event: 89.676 GC heap after
{Heap after GC invocations=7 (full 0):
 garbage-first heap   total 260096K, used 5285K [0x0000000703a00000, 0x0000000800000000)
  region size 2048K, 3 young (6144K), 3 survivors (6144K)
 Metaspace       used 12642K, committed 12864K, reserved 1064960K
  class space    used 879K, committed 960K, reserved 1048576K
}

