# JRE version: Java(TM) SE Runtime Environment (16.0.2+7) (build 16.0.2+7-67)
# Java VM: Java HotSpot(TM) 64-Bit Server VM (16.0.2+7-67, mixed mode, sharing, tiered, compressed oops, compressed class ptrs, g1 gc, windows-amd64)
GC Precious Log:
 CPUs: 8 total, 8 available
 Memory: 16149M
 Large Page Support: Disabled
 NUMA Support: Disabled
 Compressed Oops: Enabled (Zero based)
 Heap Region Size: 2M
 Heap Min Capacity: 8M
 Heap Initial Capacity: 254M
 Heap Max Capacity: 4038M
 Pre-touch: Disabled
 Parallel Workers: 8
 Concurrent Workers: 2
 Concurrent Refinement Workers: 8
 Periodic GC: Disabled
Heap:
 garbage-first heap   total 452608K, used 263392K [0x0000000703a00000, 0x0000000800000000)
  region size 2048K, 127 young (260096K), 1 survivors (2048K)
 Metaspace       used 12902K, committed 13120K, reserved 1064960K
  class space    used 885K, committed 960K, reserved 1048576K
GC Heap History (20 events):
Event: 193.553 GC heap before
{Heap before GC invocations=488 (full 0):
 garbage-first heap   total 452608K, used 275658K [0x0000000703a00000, 0x0000000800000000)
  region size 2048K, 132 young (270336K), 1 survivors (2048K)
 Metaspace       used 12860K, committed 13056K, reserved 1064960K
  class space    used 881K, committed 960K, reserved 1048576K
}
Event: 193.555 GC heap after
{Heap after GC invocations=489 (full 0):
 garbage-first heap   total 452608K, used 7370K [0x0000000703a00000, 0x0000000800000000)
  region size 2048K, 1 young (2048K), 1 survivors (2048K)
 Metaspace       used 12860K, committed 13056K, reserved 1064960K
  class space    used 881K, committed 960K, reserved 1048576K
}
Event: 193.868 GC heap before
{Heap before GC invocations=489 (full 0):
 garbage-first heap   total 452608K, used 275658K [0x0000000703a00000, 0x0000000800000000)
  region size 2048K, 132 young (270336K), 1 survivors (2048K)
 Metaspace       used 12860K, committed 13056K, reserved 1064960K
  class space    used 881K, committed 960K, reserved 1048576K
}
Event: 193.869 GC heap after
{Heap after GC invocations=490 (full 0):
 garbage-first heap   total 452608K, used 7368K [0x0000000703a00000, 0x0000000800000000)
  region size 2048K, 1 young (2048K), 1 survivors (2048K)
 Metaspace       used 12860K, committed 13056K, reserved 1064960K
  class space    used 881K, committed 960K, reserved 1048576K
}
Event: 194.178 GC heap before
{Heap before GC invocations=490 (full 0):
 garbage-first heap   total 452608K, used 275656K [0x0000000703a00000, 0x0000000800000000)
  region size 2048K, 132 young (270336K), 1 survivors (2048K)
 Metaspace       used 12860K, committed 13056K, reserved 1064960K
  class space    used 881K, committed 960K, reserved 1048576K
}
Event: 194.179 GC heap after
{Heap after GC invocations=491 (full 0):
 garbage-first heap   total 452608K, used 7368K [0x0000000703a00000, 0x0000000800000000)
  region size 2048K, 1 young (2048K), 1 survivors (2048K)
 Metaspace       used 12860K, committed 13056K, reserved 1064960K
  class space    used 881K, committed 960K, reserved 1048576K
}
Event: 194.530 GC heap before
{Heap before GC invocations=491 (full 0):
 garbage-first heap   total 452608K, used 275656K [0x0000000703a00000, 0x0000000800000000)
  region size 2048K, 132 young (270336K), 1 survivors (2048K)
 Metaspace       used 12860K, committed 13056K, reserved 1064960K
  class space    used 881K, committed 960K, reserved 1048576K
}
Event: 194.531 GC heap after
{Heap after GC invocations=492 (full 0):
 garbage-first heap   total 452608K, used 7368K [0x0000000703a00000, 0x0000000800000000)
  region size 2048K, 1 young (2048K), 1 survivors (2048K)
 Metaspace       used 12860K, committed 13056K, reserved 1064960K
  class space    used 881K, committed 960K, reserved 1048576K
}
Event: 194.808 GC heap before
{Heap before GC invocations=492 (full 0):
 garbage-first heap   total 452608K, used 275656K [0x0000000703a00000, 0x0000000800000000)
  region size 2048K, 132 young (270336K), 1 survivors (2048K)
 Metaspace       used 12860K, committed 13056K, reserved 1064960K
  class space    used 881K, committed 960K, reserved 1048576K
}
Event: 194.809 GC heap after
{Heap after GC invocations=493 (full 0):
 garbage-first heap   total 452608K, used 7368K [0x0000000703a00000, 0x0000000800000000)
  region size 2048K, 1 young (2048K), 1 survivors (2048K)
 Metaspace       used 12860K, committed 13056K, reserved 1064960K
  class space    used 881K, committed 960K, reserved 1048576K
}
Event: 195.124 GC heap before
{Heap before GC invocations=493 (full 0):
 garbage-first heap   total 452608K, used 275656K [0x0000000703a00000, 0x0000000800000000)
  region size 2048K, 132 young (270336K), 1 survivors (2048K)
 Metaspace       used 12860K, committed 13056K, reserved 1064960K
  class space    used 881K, committed 960K, reserved 1048576K
}
Event: 195.125 GC heap after
{Heap after GC invocations=494 (full 0):
 garbage-first heap   total 452608K, used 7368K [0x0000000703a00000, 0x0000000800000000)
  region size 2048K, 1 young (2048K), 1 survivors (2048K)
 Metaspace       used 12860K, committed 13056K, reserved 1064960K
  class space    used 881K, committed 960K, reserved 1048576K
}
Event: 195.423 GC heap before
{Heap before GC invocations=494 (full 0):
 garbage-first heap   total 452608K, used 275656K [0x0000000703a00000, 0x0000000800000000)
  region size 2048K, 132 young (270336K), 1 survivors (2048K)
 Metaspace       used 12860K, committed 13056K, reserved 1064960K
  class space    used 881K, committed 960K, reserved 1048576K
}
Event: 195.424 GC heap after
{Heap after GC invocations=495 (full 0):
 garbage-first heap   total 452608K, used 7370K [0x0000000703a00000, 0x0000000800000000)
  region size 2048K, 1 young (2048K), 1 survivors (2048K)
 Metaspace       used 12860K, committed 13056K, reserved 1064960K
  class space    used 881K, committed 960K, reserved 1048576K
}
Event: 195.749 GC heap before
{Heap before GC invocations=495 (full 0):
 garbage-first heap   total 452608K, used 275658K [0x0000000703a00000, 0x0000000800000000)
  region size 2048K, 132 young (270336K), 1 survivors (2048K)
 Metaspace       used 12860K, committed 13056K, reserved 1064960K
  class space    used 881K, committed 960K, reserved 1048576K
}
Event: 195.750 GC heap after
{Heap after GC invocations=496 (full 0):
 garbage-first heap   total 452608K, used 7370K [0x0000000703a00000, 0x0000000800000000)
  region size 2048K, 1 young (2048K), 1 survivors (2048K)
 Metaspace       used 12860K, committed 13056K, reserved 1064960K
  class space    used 881K, committed 960K, reserved 1048576K
}
Event: 201.560 GC heap before
{Heap before GC invocations=496 (full 0):
 garbage-first heap   total 452608K, used 275658K [0x0000000703a00000, 0x0000000800000000)
  region size 2048K, 132 young (270336K), 1 survivors (2048K)
 Metaspace       used 12860K, committed 13056K, reserved 1064960K
  class space    used 881K, committed 960K, reserved 1048576K
}
Event: 201.562 GC heap after
{Heap after GC invocations=497 (full 0):
 garbage-first heap   total 452608K, used 7370K [0x0000000703a00000, 0x0000000800000000)
  region size 2048K, 1 young (2048K), 1 survivors (2048K)
 Metaspace       used 12860K, committed 13056K, reserved 1064960K
  class space    used 881K, committed 960K, reserved 1048576K
}
Event: 221.024 GC heap before
{Heap before GC invocations=497 (full 0):
 garbage-first heap   total 452608K, used 275658K [0x0000000703a00000, 0x0000000800000000)
  region size 2048K, 132 young (270336K), 1 survivors (2048K)
 Metaspace       used 12861K, committed 13056K, reserved 1064960K
  class space    used 881K, committed 960K, reserved 1048576K
}
Event: 221.026 GC heap after
{Heap after GC invocations=498 (full 0):
 garbage-first heap   total 452608K, used 7392K [0x0000000703a00000, 0x0000000800000000)
  region size 2048K, 1 young (2048K), 1 survivors (2048K)
 Metaspace       used 12861K, committed 13056K, reserved 1064960K
  class space    used 881K, committed 960K, reserved 1048576K
}

