# JRE version: Java(TM) SE Runtime Environment (16.0.2+7) (build 16.0.2+7-67)
# Java VM: Java HotSpot(TM) 64-Bit Server VM (16.0.2+7-67, mixed mode, sharing, tiered, compressed oops, compressed class ptrs, g1 gc, windows-amd64)
GC Precious Log:
 CPUs: 8 total, 8 available
 Memory: 16149M
 Large Page Support: Disabled
 NUMA Support: Disabled
 Compressed Oops: Enabled (Zero based)
 Heap Region Size: 2M
 Heap Min Capacity: 8M
 Heap Initial Capacity: 254M
 Heap Max Capacity: 4038M
 Pre-touch: Disabled
 Parallel Workers: 8
 Concurrent Workers: 2
 Concurrent Refinement Workers: 8
 Periodic GC: Disabled
Heap:
 garbage-first heap   total 260096K, used 29960K [0x0000000703a00000, 0x0000000800000000)
  region size 2048K, 15 young (30720K), 4 survivors (8192K)
 Metaspace       used 12679K, committed 12800K, reserved 1064960K
  class space    used 884K, committed 960K, reserved 1048576K
GC Heap History (20 events):
Event: 1.829 GC heap before
{Heap before GC invocations=0 (full 0):
 garbage-first heap   total 260096K, used 22528K [0x0000000703a00000, 0x0000000800000000)
  region size 2048K, 11 young (22528K), 0 survivors (0K)
 Metaspace       used 11191K, committed 11328K, reserved 1064960K
  class space    used 803K, committed 832K, reserved 1048576K
}
Event: 1.840 GC heap after
{Heap after GC invocations=1 (full 0):
 garbage-first heap   total 260096K, used 2840K [0x0000000703a00000, 0x0000000800000000)
  region size 2048K, 2 young (4096K), 2 survivors (4096K)
 Metaspace       used 11191K, committed 11328K, reserved 1064960K
  class space    used 803K, committed 832K, reserved 1048576K
}
Event: 2.477 GC heap before
{Heap before GC invocations=1 (full 0):
 garbage-first heap   total 260096K, used 39704K [0x0000000703a00000, 0x0000000800000000)
  region size 2048K, 20 young (40960K), 2 survivors (4096K)
 Metaspace       used 12266K, committed 12416K, reserved 1064960K
  class space    used 878K, committed 960K, reserved 1048576K
}
Event: 2.482 GC heap after
{Heap after GC invocations=2 (full 0):
 garbage-first heap   total 260096K, used 9096K [0x0000000703a00000, 0x0000000800000000)
  region size 2048K, 3 young (6144K), 3 survivors (6144K)
 Metaspace       used 12266K, committed 12416K, reserved 1064960K
  class space    used 878K, committed 960K, reserved 1048576K
}
Event: 3.989 GC heap before
{Heap before GC invocations=2 (full 0):
 garbage-first heap   total 260096K, used 158600K [0x0000000703a00000, 0x0000000800000000)
  region size 2048K, 76 young (155648K), 3 survivors (6144K)
 Metaspace       used 12332K, committed 12544K, reserved 1064960K
  class space    used 879K, committed 960K, reserved 1048576K
}
Event: 3.995 GC heap after
{Heap after GC invocations=3 (full 0):
 garbage-first heap   total 260096K, used 10224K [0x0000000703a00000, 0x0000000800000000)
  region size 2048K, 4 young (8192K), 4 survivors (8192K)
 Metaspace       used 12332K, committed 12544K, reserved 1064960K
  class space    used 879K, committed 960K, reserved 1048576K
}
Event: 5.580 GC heap before
{Heap before GC invocations=3 (full 0):
 garbage-first heap   total 260096K, used 157680K [0x0000000703a00000, 0x0000000800000000)
  region size 2048K, 76 young (155648K), 4 survivors (8192K)
 Metaspace       used 12417K, committed 12608K, reserved 1064960K
  class space    used 879K, committed 960K, reserved 1048576K
}
Event: 5.585 GC heap after
{Heap after GC invocations=4 (full 0):
 garbage-first heap   total 260096K, used 9661K [0x0000000703a00000, 0x0000000800000000)
  region size 2048K, 4 young (8192K), 4 survivors (8192K)
 Metaspace       used 12417K, committed 12608K, reserved 1064960K
  class space    used 879K, committed 960K, reserved 1048576K
}
Event: 7.126 GC heap before
{Heap before GC invocations=4 (full 0):
 garbage-first heap   total 260096K, used 157117K [0x0000000703a00000, 0x0000000800000000)
  region size 2048K, 76 young (155648K), 4 survivors (8192K)
 Metaspace       used 12476K, committed 12672K, reserved 1064960K
  class space    used 879K, committed 960K, reserved 1048576K
}
Event: 7.131 GC heap after
{Heap after GC invocations=5 (full 0):
 garbage-first heap   total 260096K, used 9629K [0x0000000703a00000, 0x0000000800000000)
  region size 2048K, 4 young (8192K), 4 survivors (8192K)
 Metaspace       used 12476K, committed 12672K, reserved 1064960K
  class space    used 879K, committed 960K, reserved 1048576K
}
Event: 8.638 GC heap before
{Heap before GC invocations=5 (full 0):
 garbage-first heap   total 260096K, used 157085K [0x0000000703a00000, 0x0000000800000000)
  region size 2048K, 76 young (155648K), 4 survivors (8192K)
 Metaspace       used 12496K, committed 12672K, reserved 1064960K
  class space    used 880K, committed 960K, reserved 1048576K
}
Event: 8.644 GC heap after
{Heap after GC invocations=6 (full 0):
 garbage-first heap   total 260096K, used 9737K [0x0000000703a00000, 0x0000000800000000)
  region size 2048K, 4 young (8192K), 4 survivors (8192K)
 Metaspace       used 12496K, committed 12672K, reserved 1064960K
  class space    used 880K, committed 960K, reserved 1048576K
}
Event: 10.119 GC heap before
{Heap before GC invocations=6 (full 0):
 garbage-first heap   total 260096K, used 157193K [0x0000000703a00000, 0x0000000800000000)
  region size 2048K, 76 young (155648K), 4 survivors (8192K)
 Metaspace       used 12505K, committed 12672K, reserved 1064960K
  class space    used 880K, committed 960K, reserved 1048576K
}
Event: 10.124 GC heap after
{Heap after GC invocations=7 (full 0):
 garbage-first heap   total 260096K, used 10067K [0x0000000703a00000, 0x0000000800000000)
  region size 2048K, 4 young (8192K), 4 survivors (8192K)
 Metaspace       used 12505K, committed 12672K, reserved 1064960K
  class space    used 880K, committed 960K, reserved 1048576K
}
Event: 11.646 GC heap before
{Heap before GC invocations=7 (full 0):
 garbage-first heap   total 260096K, used 157523K [0x0000000703a00000, 0x0000000800000000)
  region size 2048K, 76 young (155648K), 4 survivors (8192K)
 Metaspace       used 12527K, committed 12672K, reserved 1064960K
  class space    used 880K, committed 960K, reserved 1048576K
}
Event: 11.651 GC heap after
{Heap after GC invocations=8 (full 0):
 garbage-first heap   total 260096K, used 9762K [0x0000000703a00000, 0x0000000800000000)
  region size 2048K, 4 young (8192K), 4 survivors (8192K)
 Metaspace       used 12527K, committed 12672K, reserved 1064960K
  class space    used 880K, committed 960K, reserved 1048576K
}
Event: 13.274 GC heap before
{Heap before GC invocations=8 (full 0):
 garbage-first heap   total 260096K, used 157218K [0x0000000703a00000, 0x0000000800000000)
  region size 2048K, 76 young (155648K), 4 survivors (8192K)
 Metaspace       used 12545K, committed 12672K, reserved 1064960K
  class space    used 880K, committed 960K, reserved 1048576K
}
Event: 13.279 GC heap after
{Heap after GC invocations=9 (full 0):
 garbage-first heap   total 260096K, used 9620K [0x0000000703a00000, 0x0000000800000000)
  region size 2048K, 4 young (8192K), 4 survivors (8192K)
 Metaspace       used 12545K, committed 12672K, reserved 1064960K
  class space    used 880K, committed 960K, reserved 1048576K
}
Event: 14.979 GC heap before
{Heap before GC invocations=9 (full 0):
 garbage-first heap   total 260096K, used 157076K [0x0000000703a00000, 0x0000000800000000)
  region size 2048K, 76 young (155648K), 4 survivors (8192K)
 Metaspace       used 12635K, committed 12800K, reserved 1064960K
  class space    used 880K, committed 960K, reserved 1048576K
}
Event: 14.984 GC heap after
{Heap after GC invocations=10 (full 0):
 garbage-first heap   total 260096K, used 9480K [0x0000000703a00000, 0x0000000800000000)
  region size 2048K, 4 young (8192K), 4 survivors (8192K)
 Metaspace       used 12635K, committed 12800K, reserved 1064960K
  class space    used 880K, committed 960K, reserved 1048576K
}

