# JRE version: Java(TM) SE Runtime Environment (16.0.2+7) (build 16.0.2+7-67)
# Java VM: Java HotSpot(TM) 64-Bit Server VM (16.0.2+7-67, mixed mode, sharing, tiered, compressed oops, compressed class ptrs, g1 gc, windows-amd64)
GC Precious Log:
 CPUs: 8 total, 8 available
 Memory: 16149M
 Large Page Support: Disabled
 NUMA Support: Disabled
 Compressed Oops: Enabled (Zero based)
 Heap Region Size: 2M
 Heap Min Capacity: 8M
 Heap Initial Capacity: 254M
 Heap Max Capacity: 4038M
 Pre-touch: Disabled
 Parallel Workers: 8
 Concurrent Workers: 2
 Concurrent Refinement Workers: 8
 Periodic GC: Disabled
Heap:
 garbage-first heap   total 483328K, used 123800K [0x0000000703a00000, 0x0000000800000000)
  region size 2048K, 58 young (118784K), 1 survivors (2048K)
 Metaspace       used 12797K, committed 12928K, reserved 1064960K
  class space    used 883K, committed 960K, reserved 1048576K
GC Heap History (20 events):
Event: 77.843 GC heap before
{Heap before GC invocations=372 (full 0):
 garbage-first heap   total 483328K, used 295830K [0x0000000703a00000, 0x0000000800000000)
  region size 2048K, 141 young (288768K), 1 survivors (2048K)
 Metaspace       used 12749K, committed 12928K, reserved 1064960K
  class space    used 879K, committed 960K, reserved 1048576K
}
Event: 77.844 GC heap after
{Heap after GC invocations=373 (full 0):
 garbage-first heap   total 483328K, used 9112K [0x0000000703a00000, 0x0000000800000000)
  region size 2048K, 1 young (2048K), 1 survivors (2048K)
 Metaspace       used 12749K, committed 12928K, reserved 1064960K
  class space    used 879K, committed 960K, reserved 1048576K
}
Event: 78.165 GC heap before
{Heap before GC invocations=373 (full 0):
 garbage-first heap   total 483328K, used 295832K [0x0000000703a00000, 0x0000000800000000)
  region size 2048K, 141 young (288768K), 1 survivors (2048K)
 Metaspace       used 12749K, committed 12928K, reserved 1064960K
  class space    used 879K, committed 960K, reserved 1048576K
}
Event: 78.167 GC heap after
{Heap after GC invocations=374 (full 0):
 garbage-first heap   total 483328K, used 9106K [0x0000000703a00000, 0x0000000800000000)
  region size 2048K, 1 young (2048K), 1 survivors (2048K)
 Metaspace       used 12749K, committed 12928K, reserved 1064960K
  class space    used 879K, committed 960K, reserved 1048576K
}
Event: 78.543 GC heap before
{Heap before GC invocations=374 (full 0):
 garbage-first heap   total 483328K, used 295826K [0x0000000703a00000, 0x0000000800000000)
  region size 2048K, 141 young (288768K), 1 survivors (2048K)
 Metaspace       used 12749K, committed 12928K, reserved 1064960K
  class space    used 879K, committed 960K, reserved 1048576K
}
Event: 78.545 GC heap after
{Heap after GC invocations=375 (full 0):
 garbage-first heap   total 483328K, used 9114K [0x0000000703a00000, 0x0000000800000000)
  region size 2048K, 1 young (2048K), 1 survivors (2048K)
 Metaspace       used 12749K, committed 12928K, reserved 1064960K
  class space    used 879K, committed 960K, reserved 1048576K
}
Event: 78.887 GC heap before
{Heap before GC invocations=375 (full 0):
 garbage-first heap   total 483328K, used 295834K [0x0000000703a00000, 0x0000000800000000)
  region size 2048K, 141 young (288768K), 1 survivors (2048K)
 Metaspace       used 12749K, committed 12928K, reserved 1064960K
  class space    used 879K, committed 960K, reserved 1048576K
}
Event: 78.888 GC heap after
{Heap after GC invocations=376 (full 0):
 garbage-first heap   total 483328K, used 9114K [0x0000000703a00000, 0x0000000800000000)
  region size 2048K, 1 young (2048K), 1 survivors (2048K)
 Metaspace       used 12749K, committed 12928K, reserved 1064960K
  class space    used 879K, committed 960K, reserved 1048576K
}
Event: 79.189 GC heap before
{Heap before GC invocations=376 (full 0):
 garbage-first heap   total 483328K, used 295834K [0x0000000703a00000, 0x0000000800000000)
  region size 2048K, 141 young (288768K), 1 survivors (2048K)
 Metaspace       used 12749K, committed 12928K, reserved 1064960K
  class space    used 879K, committed 960K, reserved 1048576K
}
Event: 79.190 GC heap after
{Heap after GC invocations=377 (full 0):
 garbage-first heap   total 483328K, used 9114K [0x0000000703a00000, 0x0000000800000000)
  region size 2048K, 1 young (2048K), 1 survivors (2048K)
 Metaspace       used 12749K, committed 12928K, reserved 1064960K
  class space    used 879K, committed 960K, reserved 1048576K
}
Event: 79.560 GC heap before
{Heap before GC invocations=377 (full 0):
 garbage-first heap   total 483328K, used 295834K [0x0000000703a00000, 0x0000000800000000)
  region size 2048K, 141 young (288768K), 1 survivors (2048K)
 Metaspace       used 12749K, committed 12928K, reserved 1064960K
  class space    used 879K, committed 960K, reserved 1048576K
}
Event: 79.561 GC heap after
{Heap after GC invocations=378 (full 0):
 garbage-first heap   total 483328K, used 9110K [0x0000000703a00000, 0x0000000800000000)
  region size 2048K, 1 young (2048K), 1 survivors (2048K)
 Metaspace       used 12749K, committed 12928K, reserved 1064960K
  class space    used 879K, committed 960K, reserved 1048576K
}
Event: 79.869 GC heap before
{Heap before GC invocations=378 (full 0):
 garbage-first heap   total 483328K, used 295830K [0x0000000703a00000, 0x0000000800000000)
  region size 2048K, 141 young (288768K), 1 survivors (2048K)
 Metaspace       used 12749K, committed 12928K, reserved 1064960K
  class space    used 879K, committed 960K, reserved 1048576K
}
Event: 79.871 GC heap after
{Heap after GC invocations=379 (full 0):
 garbage-first heap   total 483328K, used 9116K [0x0000000703a00000, 0x0000000800000000)
  region size 2048K, 1 young (2048K), 1 survivors (2048K)
 Metaspace       used 12749K, committed 12928K, reserved 1064960K
  class space    used 879K, committed 960K, reserved 1048576K
}
Event: 80.156 GC heap before
{Heap before GC invocations=379 (full 0):
 garbage-first heap   total 483328K, used 295836K [0x0000000703a00000, 0x0000000800000000)
  region size 2048K, 141 young (288768K), 1 survivors (2048K)
 Metaspace       used 12749K, committed 12928K, reserved 1064960K
  class space    used 879K, committed 960K, reserved 1048576K
}
Event: 80.158 GC heap after
{Heap after GC invocations=380 (full 0):
 garbage-first heap   total 483328K, used 9114K [0x0000000703a00000, 0x0000000800000000)
  region size 2048K, 1 young (2048K), 1 survivors (2048K)
 Metaspace       used 12749K, committed 12928K, reserved 1064960K
  class space    used 879K, committed 960K, reserved 1048576K
}
Event: 80.426 GC heap before
{Heap before GC invocations=380 (full 0):
 garbage-first heap   total 483328K, used 295834K [0x0000000703a00000, 0x0000000800000000)
  region size 2048K, 141 young (288768K), 1 survivors (2048K)
 Metaspace       used 12749K, committed 12928K, reserved 1064960K
  class space    used 879K, committed 960K, reserved 1048576K
}
Event: 80.427 GC heap after
{Heap after GC invocations=381 (full 0):
 garbage-first heap   total 483328K, used 9114K [0x0000000703a00000, 0x0000000800000000)
  region size 2048K, 1 young (2048K), 1 survivors (2048K)
 Metaspace       used 12749K, committed 12928K, reserved 1064960K
  class space    used 879K, committed 960K, reserved 1048576K
}
Event: 80.741 GC heap before
{Heap before GC invocations=381 (full 0):
 garbage-first heap   total 483328K, used 295834K [0x0000000703a00000, 0x0000000800000000)
  region size 2048K, 141 young (288768K), 1 survivors (2048K)
 Metaspace       used 12749K, committed 12928K, reserved 1064960K
  class space    used 879K, committed 960K, reserved 1048576K
}
Event: 80.743 GC heap after
{Heap after GC invocations=382 (full 0):
 garbage-first heap   total 483328K, used 9112K [0x0000000703a00000, 0x0000000800000000)
  region size 2048K, 1 young (2048K), 1 survivors (2048K)
 Metaspace       used 12749K, committed 12928K, reserved 1064960K
  class space    used 879K, committed 960K, reserved 1048576K
}

