# JRE version: Java(TM) SE Runtime Environment (16.0.2+7) (build 16.0.2+7-67)
# Java VM: Java HotSpot(TM) 64-Bit Server VM (16.0.2+7-67, mixed mode, sharing, tiered, compressed oops, compressed class ptrs, g1 gc, windows-amd64)
GC Precious Log:
 CPUs: 8 total, 8 available
 Memory: 16149M
 Large Page Support: Disabled
 NUMA Support: Disabled
 Compressed Oops: Enabled (Zero based)
 Heap Region Size: 2M
 Heap Min Capacity: 8M
 Heap Initial Capacity: 254M
 Heap Max Capacity: 4038M
 Pre-touch: Disabled
 Parallel Workers: 8
 Concurrent Workers: 2
 Concurrent Refinement Workers: 8
 Periodic GC: Disabled
Heap:
 garbage-first heap   total 376832K, used 72413K [0x0000000703a00000, 0x0000000800000000)
  region size 2048K, 34 young (69632K), 1 survivors (2048K)
 Metaspace       used 12851K, committed 13056K, reserved 1064960K
  class space    used 886K, committed 960K, reserved 1048576K
GC Heap History (20 events):
Event: 159.210 GC heap before
{Heap before GC invocations=398 (full 0):
 garbage-first heap   total 376832K, used 230104K [0x0000000703a00000, 0x0000000800000000)
  region size 2048K, 110 young (225280K), 1 survivors (2048K)
 Metaspace       used 12808K, committed 12992K, reserved 1064960K
  class space    used 882K, committed 960K, reserved 1048576K
}
Event: 159.211 GC heap after
{Heap after GC invocations=399 (full 0):
 garbage-first heap   total 376832K, used 6872K [0x0000000703a00000, 0x0000000800000000)
  region size 2048K, 1 young (2048K), 1 survivors (2048K)
 Metaspace       used 12808K, committed 12992K, reserved 1064960K
  class space    used 882K, committed 960K, reserved 1048576K
}
Event: 159.652 GC heap before
{Heap before GC invocations=399 (full 0):
 garbage-first heap   total 376832K, used 230104K [0x0000000703a00000, 0x0000000800000000)
  region size 2048K, 110 young (225280K), 1 survivors (2048K)
 Metaspace       used 12808K, committed 12992K, reserved 1064960K
  class space    used 882K, committed 960K, reserved 1048576K
}
Event: 159.653 GC heap after
{Heap after GC invocations=400 (full 0):
 garbage-first heap   total 376832K, used 6872K [0x0000000703a00000, 0x0000000800000000)
  region size 2048K, 1 young (2048K), 1 survivors (2048K)
 Metaspace       used 12808K, committed 12992K, reserved 1064960K
  class space    used 882K, committed 960K, reserved 1048576K
}
Event: 160.055 GC heap before
{Heap before GC invocations=400 (full 0):
 garbage-first heap   total 376832K, used 230104K [0x0000000703a00000, 0x0000000800000000)
  region size 2048K, 110 young (225280K), 1 survivors (2048K)
 Metaspace       used 12808K, committed 12992K, reserved 1064960K
  class space    used 882K, committed 960K, reserved 1048576K
}
Event: 160.056 GC heap after
{Heap after GC invocations=401 (full 0):
 garbage-first heap   total 376832K, used 6877K [0x0000000703a00000, 0x0000000800000000)
  region size 2048K, 1 young (2048K), 1 survivors (2048K)
 Metaspace       used 12808K, committed 12992K, reserved 1064960K
  class space    used 882K, committed 960K, reserved 1048576K
}
Event: 160.465 GC heap before
{Heap before GC invocations=401 (full 0):
 garbage-first heap   total 376832K, used 230109K [0x0000000703a00000, 0x0000000800000000)
  region size 2048K, 110 young (225280K), 1 survivors (2048K)
 Metaspace       used 12808K, committed 12992K, reserved 1064960K
  class space    used 882K, committed 960K, reserved 1048576K
}
Event: 160.466 GC heap after
{Heap after GC invocations=402 (full 0):
 garbage-first heap   total 376832K, used 6877K [0x0000000703a00000, 0x0000000800000000)
  region size 2048K, 1 young (2048K), 1 survivors (2048K)
 Metaspace       used 12808K, committed 12992K, reserved 1064960K
  class space    used 882K, committed 960K, reserved 1048576K
}
Event: 160.884 GC heap before
{Heap before GC invocations=402 (full 0):
 garbage-first heap   total 376832K, used 230109K [0x0000000703a00000, 0x0000000800000000)
  region size 2048K, 110 young (225280K), 1 survivors (2048K)
 Metaspace       used 12808K, committed 12992K, reserved 1064960K
  class space    used 882K, committed 960K, reserved 1048576K
}
Event: 160.885 GC heap after
{Heap after GC invocations=403 (full 0):
 garbage-first heap   total 376832K, used 6877K [0x0000000703a00000, 0x0000000800000000)
  region size 2048K, 1 young (2048K), 1 survivors (2048K)
 Metaspace       used 12808K, committed 12992K, reserved 1064960K
  class space    used 882K, committed 960K, reserved 1048576K
}
Event: 161.325 GC heap before
{Heap before GC invocations=403 (full 0):
 garbage-first heap   total 376832K, used 230109K [0x0000000703a00000, 0x0000000800000000)
  region size 2048K, 110 young (225280K), 1 survivors (2048K)
 Metaspace       used 12808K, committed 12992K, reserved 1064960K
  class space    used 882K, committed 960K, reserved 1048576K
}
Event: 161.326 GC heap after
{Heap after GC invocations=404 (full 0):
 garbage-first heap   total 376832K, used 6877K [0x0000000703a00000, 0x0000000800000000)
  region size 2048K, 1 young (2048K), 1 survivors (2048K)
 Metaspace       used 12808K, committed 12992K, reserved 1064960K
  class space    used 882K, committed 960K, reserved 1048576K
}
Event: 161.737 GC heap before
{Heap before GC invocations=404 (full 0):
 garbage-first heap   total 376832K, used 230109K [0x0000000703a00000, 0x0000000800000000)
  region size 2048K, 110 young (225280K), 1 survivors (2048K)
 Metaspace       used 12808K, committed 12992K, reserved 1064960K
  class space    used 882K, committed 960K, reserved 1048576K
}
Event: 161.738 GC heap after
{Heap after GC invocations=405 (full 0):
 garbage-first heap   total 376832K, used 6877K [0x0000000703a00000, 0x0000000800000000)
  region size 2048K, 1 young (2048K), 1 survivors (2048K)
 Metaspace       used 12808K, committed 12992K, reserved 1064960K
  class space    used 882K, committed 960K, reserved 1048576K
}
Event: 162.170 GC heap before
{Heap before GC invocations=405 (full 0):
 garbage-first heap   total 376832K, used 230109K [0x0000000703a00000, 0x0000000800000000)
  region size 2048K, 110 young (225280K), 1 survivors (2048K)
 Metaspace       used 12808K, committed 12992K, reserved 1064960K
  class space    used 882K, committed 960K, reserved 1048576K
}
Event: 162.171 GC heap after
{Heap after GC invocations=406 (full 0):
 garbage-first heap   total 376832K, used 6877K [0x0000000703a00000, 0x0000000800000000)
  region size 2048K, 1 young (2048K), 1 survivors (2048K)
 Metaspace       used 12808K, committed 12992K, reserved 1064960K
  class space    used 882K, committed 960K, reserved 1048576K
}
Event: 162.615 GC heap before
{Heap before GC invocations=406 (full 0):
 garbage-first heap   total 376832K, used 230109K [0x0000000703a00000, 0x0000000800000000)
  region size 2048K, 110 young (225280K), 1 survivors (2048K)
 Metaspace       used 12808K, committed 12992K, reserved 1064960K
  class space    used 882K, committed 960K, reserved 1048576K
}
Event: 162.616 GC heap after
{Heap after GC invocations=407 (full 0):
 garbage-first heap   total 376832K, used 6877K [0x0000000703a00000, 0x0000000800000000)
  region size 2048K, 1 young (2048K), 1 survivors (2048K)
 Metaspace       used 12808K, committed 12992K, reserved 1064960K
  class space    used 882K, committed 960K, reserved 1048576K
}
Event: 163.058 GC heap before
{Heap before GC invocations=407 (full 0):
 garbage-first heap   total 376832K, used 230109K [0x0000000703a00000, 0x0000000800000000)
  region size 2048K, 110 young (225280K), 1 survivors (2048K)
 Metaspace       used 12808K, committed 12992K, reserved 1064960K
  class space    used 882K, committed 960K, reserved 1048576K
}
Event: 163.059 GC heap after
{Heap after GC invocations=408 (full 0):
 garbage-first heap   total 376832K, used 6877K [0x0000000703a00000, 0x0000000800000000)
  region size 2048K, 1 young (2048K), 1 survivors (2048K)
 Metaspace       used 12808K, committed 12992K, reserved 1064960K
  class space    used 882K, committed 960K, reserved 1048576K
}

