# JRE version: Java(TM) SE Runtime Environment (16.0.2+7) (build 16.0.2+7-67)
# Java VM: Java HotSpot(TM) 64-Bit Server VM (16.0.2+7-67, mixed mode, sharing, tiered, compressed oops, compressed class ptrs, g1 gc, windows-amd64)
GC Precious Log:
 CPUs: 8 total, 8 available
 Memory: 16149M
 Large Page Support: Disabled
 NUMA Support: Disabled
 Compressed Oops: Enabled (Zero based)
 Heap Region Size: 2M
 Heap Min Capacity: 8M
 Heap Initial Capacity: 254M
 Heap Max Capacity: 4038M
 Pre-touch: Disabled
 Parallel Workers: 8
 Concurrent Workers: 2
 Concurrent Refinement Workers: 8
 Periodic GC: Disabled
Heap:
 garbage-first heap   total 260096K, used 73836K [0x0000000703a00000, 0x0000000800000000)
  region size 2048K, 38 young (77824K), 3 survivors (6144K)
 Metaspace       used 12800K, committed 12992K, reserved 1064960K
  class space    used 884K, committed 960K, reserved 1048576K
GC Heap History (6 events):
Event: 2.010 GC heap before
{Heap before GC invocations=0 (full 0):
 garbage-first heap   total 260096K, used 22528K [0x0000000703a00000, 0x0000000800000000)
  region size 2048K, 11 young (22528K), 0 survivors (0K)
 Metaspace       used 11175K, committed 11264K, reserved 1064960K
  class space    used 805K, committed 832K, reserved 1048576K
}
Event: 2.019 GC heap after
{Heap after GC invocations=1 (full 0):
 garbage-first heap   total 260096K, used 2514K [0x0000000703a00000, 0x0000000800000000)
  region size 2048K, 2 young (4096K), 2 survivors (4096K)
 Metaspace       used 11175K, committed 11264K, reserved 1064960K
  class space    used 805K, committed 832K, reserved 1048576K
}
Event: 4.228 GC heap before
{Heap before GC invocations=1 (full 0):
 garbage-first heap   total 260096K, used 39378K [0x0000000703a00000, 0x0000000800000000)
  region size 2048K, 20 young (40960K), 2 survivors (4096K)
 Metaspace       used 12372K, committed 12544K, reserved 1064960K
  class space    used 880K, committed 960K, reserved 1048576K
}
Event: 4.235 GC heap after
{Heap after GC invocations=2 (full 0):
 garbage-first heap   total 260096K, used 4096K [0x0000000703a00000, 0x0000000800000000)
  region size 2048K, 2 young (4096K), 2 survivors (4096K)
 Metaspace       used 12372K, committed 12544K, reserved 1064960K
  class space    used 880K, committed 960K, reserved 1048576K
}
Event: 25.902 GC heap before
{Heap before GC invocations=2 (full 0):
 garbage-first heap   total 260096K, used 155648K [0x0000000703a00000, 0x0000000800000000)
  region size 2048K, 76 young (155648K), 2 survivors (4096K)
 Metaspace       used 12752K, committed 12928K, reserved 1064960K
  class space    used 881K, committed 960K, reserved 1048576K
}
Event: 25.905 GC heap after
{Heap after GC invocations=3 (full 0):
 garbage-first heap   total 260096K, used 4204K [0x0000000703a00000, 0x0000000800000000)
  region size 2048K, 3 young (6144K), 3 survivors (6144K)
 Metaspace       used 12752K, committed 12928K, reserved 1064960K
  class space    used 881K, committed 960K, reserved 1048576K
}

