# JRE version: Java(TM) SE Runtime Environment (16.0.2+7) (build 16.0.2+7-67)
# Java VM: Java HotSpot(TM) 64-Bit Server VM (16.0.2+7-67, mixed mode, sharing, tiered, compressed oops, compressed class ptrs, g1 gc, windows-amd64)
GC Precious Log:
 CPUs: 8 total, 8 available
 Memory: 16149M
 Large Page Support: Disabled
 NUMA Support: Disabled
 Compressed Oops: Enabled (Zero based)
 Heap Region Size: 2M
 Heap Min Capacity: 8M
 Heap Initial Capacity: 254M
 Heap Max Capacity: 4038M
 Pre-touch: Disabled
 Parallel Workers: 8
 Concurrent Workers: 2
 Concurrent Refinement Workers: 8
 Periodic GC: Disabled
Heap:
 garbage-first heap   total 452608K, used 269183K [0x0000000703a00000, 0x0000000800000000)
  region size 2048K, 130 young (266240K), 1 survivors (2048K)
 Metaspace       used 12481K, committed 12608K, reserved 1064960K
  class space    used 883K, committed 960K, reserved 1048576K
GC Heap History (20 events):
Event: 3.550 GC heap before
{Heap before GC invocations=14 (full 0):
 garbage-first heap   total 376832K, used 223956K [0x0000000703a00000, 0x0000000800000000)
  region size 2048K, 110 young (225280K), 4 survivors (8192K)
 Metaspace       used 12335K, committed 12544K, reserved 1064960K
  class space    used 879K, committed 960K, reserved 1048576K
}
Event: 3.553 GC heap after
{Heap after GC invocations=15 (full 0):
 garbage-first heap   total 452608K, used 7071K [0x0000000703a00000, 0x0000000800000000)
  region size 2048K, 4 young (8192K), 4 survivors (8192K)
 Metaspace       used 12335K, committed 12544K, reserved 1064960K
  class space    used 879K, committed 960K, reserved 1048576K
}
Event: 3.736 GC heap before
{Heap before GC invocations=15 (full 0):
 garbage-first heap   total 452608K, used 269215K [0x0000000703a00000, 0x0000000800000000)
  region size 2048K, 132 young (270336K), 4 survivors (8192K)
 Metaspace       used 12379K, committed 12544K, reserved 1064960K
  class space    used 879K, committed 960K, reserved 1048576K
}
Event: 3.739 GC heap after
{Heap after GC invocations=16 (full 0):
 garbage-first heap   total 452608K, used 6972K [0x0000000703a00000, 0x0000000800000000)
  region size 2048K, 3 young (6144K), 3 survivors (6144K)
 Metaspace       used 12379K, committed 12544K, reserved 1064960K
  class space    used 879K, committed 960K, reserved 1048576K
}
Event: 3.906 GC heap before
{Heap before GC invocations=16 (full 0):
 garbage-first heap   total 452608K, used 271164K [0x0000000703a00000, 0x0000000800000000)
  region size 2048K, 132 young (270336K), 3 survivors (6144K)
 Metaspace       used 12385K, committed 12544K, reserved 1064960K
  class space    used 879K, committed 960K, reserved 1048576K
}
Event: 3.908 GC heap after
{Heap after GC invocations=17 (full 0):
 garbage-first heap   total 452608K, used 6941K [0x0000000703a00000, 0x0000000800000000)
  region size 2048K, 2 young (4096K), 2 survivors (4096K)
 Metaspace       used 12385K, committed 12544K, reserved 1064960K
  class space    used 879K, committed 960K, reserved 1048576K
}
Event: 4.079 GC heap before
{Heap before GC invocations=17 (full 0):
 garbage-first heap   total 452608K, used 273181K [0x0000000703a00000, 0x0000000800000000)
  region size 2048K, 132 young (270336K), 2 survivors (4096K)
 Metaspace       used 12397K, committed 12544K, reserved 1064960K
  class space    used 879K, committed 960K, reserved 1048576K
}
Event: 4.081 GC heap after
{Heap after GC invocations=18 (full 0):
 garbage-first heap   total 452608K, used 7023K [0x0000000703a00000, 0x0000000800000000)
  region size 2048K, 1 young (2048K), 1 survivors (2048K)
 Metaspace       used 12397K, committed 12544K, reserved 1064960K
  class space    used 879K, committed 960K, reserved 1048576K
}
Event: 4.255 GC heap before
{Heap before GC invocations=18 (full 0):
 garbage-first heap   total 452608K, used 275311K [0x0000000703a00000, 0x0000000800000000)
  region size 2048K, 132 young (270336K), 1 survivors (2048K)
 Metaspace       used 12400K, committed 12544K, reserved 1064960K
  class space    used 879K, committed 960K, reserved 1048576K
}
Event: 4.256 GC heap after
{Heap after GC invocations=19 (full 0):
 garbage-first heap   total 452608K, used 6998K [0x0000000703a00000, 0x0000000800000000)
  region size 2048K, 1 young (2048K), 1 survivors (2048K)
 Metaspace       used 12400K, committed 12544K, reserved 1064960K
  class space    used 879K, committed 960K, reserved 1048576K
}
Event: 4.434 GC heap before
{Heap before GC invocations=19 (full 0):
 garbage-first heap   total 452608K, used 275286K [0x0000000703a00000, 0x0000000800000000)
  region size 2048K, 132 young (270336K), 1 survivors (2048K)
 Metaspace       used 12405K, committed 12544K, reserved 1064960K
  class space    used 879K, committed 960K, reserved 1048576K
}
Event: 4.435 GC heap after
{Heap after GC invocations=20 (full 0):
 garbage-first heap   total 452608K, used 7003K [0x0000000703a00000, 0x0000000800000000)
  region size 2048K, 1 young (2048K), 1 survivors (2048K)
 Metaspace       used 12405K, committed 12544K, reserved 1064960K
  class space    used 879K, committed 960K, reserved 1048576K
}
Event: 4.611 GC heap before
{Heap before GC invocations=20 (full 0):
 garbage-first heap   total 452608K, used 275291K [0x0000000703a00000, 0x0000000800000000)
  region size 2048K, 132 young (270336K), 1 survivors (2048K)
 Metaspace       used 12426K, committed 12608K, reserved 1064960K
  class space    used 879K, committed 960K, reserved 1048576K
}
Event: 4.612 GC heap after
{Heap after GC invocations=21 (full 0):
 garbage-first heap   total 452608K, used 7005K [0x0000000703a00000, 0x0000000800000000)
  region size 2048K, 1 young (2048K), 1 survivors (2048K)
 Metaspace       used 12426K, committed 12608K, reserved 1064960K
  class space    used 879K, committed 960K, reserved 1048576K
}
Event: 4.790 GC heap before
{Heap before GC invocations=21 (full 0):
 garbage-first heap   total 452608K, used 275293K [0x0000000703a00000, 0x0000000800000000)
  region size 2048K, 132 young (270336K), 1 survivors (2048K)
 Metaspace       used 12431K, committed 12608K, reserved 1064960K
  class space    used 879K, committed 960K, reserved 1048576K
}
Event: 4.792 GC heap after
{Heap after GC invocations=22 (full 0):
 garbage-first heap   total 452608K, used 7020K [0x0000000703a00000, 0x0000000800000000)
  region size 2048K, 1 young (2048K), 1 survivors (2048K)
 Metaspace       used 12431K, committed 12608K, reserved 1064960K
  class space    used 879K, committed 960K, reserved 1048576K
}
Event: 4.975 GC heap before
{Heap before GC invocations=22 (full 0):
 garbage-first heap   total 452608K, used 275308K [0x0000000703a00000, 0x0000000800000000)
  region size 2048K, 132 young (270336K), 1 survivors (2048K)
 Metaspace       used 12431K, committed 12608K, reserved 1064960K
  class space    used 879K, committed 960K, reserved 1048576K
}
Event: 4.976 GC heap after
{Heap after GC invocations=23 (full 0):
 garbage-first heap   total 452608K, used 7025K [0x0000000703a00000, 0x0000000800000000)
  region size 2048K, 1 young (2048K), 1 survivors (2048K)
 Metaspace       used 12431K, committed 12608K, reserved 1064960K
  class space    used 879K, committed 960K, reserved 1048576K
}
Event: 5.156 GC heap before
{Heap before GC invocations=23 (full 0):
 garbage-first heap   total 452608K, used 275313K [0x0000000703a00000, 0x0000000800000000)
  region size 2048K, 132 young (270336K), 1 survivors (2048K)
 Metaspace       used 12432K, committed 12608K, reserved 1064960K
  class space    used 879K, committed 960K, reserved 1048576K
}
Event: 5.158 GC heap after
{Heap after GC invocations=24 (full 0):
 garbage-first heap   total 452608K, used 7039K [0x0000000703a00000, 0x0000000800000000)
  region size 2048K, 1 young (2048K), 1 survivors (2048K)
 Metaspace       used 12432K, committed 12608K, reserved 1064960K
  class space    used 879K, committed 960K, reserved 1048576K
}

