# JRE version: Java(TM) SE Runtime Environment (16.0.2+7) (build 16.0.2+7-67)
# Java VM: Java HotSpot(TM) 64-Bit Server VM (16.0.2+7-67, mixed mode, sharing, tiered, compressed oops, compressed class ptrs, g1 gc, windows-amd64)
GC Precious Log:
 CPUs: 8 total, 8 available
 Memory: 16149M
 Large Page Support: Disabled
 NUMA Support: Disabled
 Compressed Oops: Enabled (Zero based)
 Heap Region Size: 2M
 Heap Min Capacity: 8M
 Heap Initial Capacity: 254M
 Heap Max Capacity: 4038M
 Pre-touch: Disabled
 Parallel Workers: 8
 Concurrent Workers: 2
 Concurrent Refinement Workers: 8
 Periodic GC: Disabled
Heap:
 garbage-first heap   total 260096K, used 95371K [0x0000000703a00000, 0x0000000800000000)
  region size 2048K, 48 young (98304K), 3 survivors (6144K)
 Metaspace       used 12424K, committed 12608K, reserved 1064960K
  class space    used 883K, committed 960K, reserved 1048576K
GC Heap History (8 events):
Event: 2.603 GC heap before
{Heap before GC invocations=0 (full 0):
 garbage-first heap   total 260096K, used 22528K [0x0000000703a00000, 0x0000000800000000)
  region size 2048K, 11 young (22528K), 0 survivors (0K)
 Metaspace       used 11220K, committed 11328K, reserved 1064960K
  class space    used 807K, committed 832K, reserved 1048576K
}
Event: 2.613 GC heap after
{Heap after GC invocations=1 (full 0):
 garbage-first heap   total 260096K, used 2770K [0x0000000703a00000, 0x0000000800000000)
  region size 2048K, 2 young (4096K), 2 survivors (4096K)
 Metaspace       used 11220K, committed 11328K, reserved 1064960K
  class space    used 807K, committed 832K, reserved 1048576K
}
Event: 4.017 GC heap before
{Heap before GC invocations=1 (full 0):
 garbage-first heap   total 260096K, used 37586K [0x0000000703a00000, 0x0000000800000000)
  region size 2048K, 20 young (40960K), 2 survivors (4096K)
 Metaspace       used 12267K, committed 12480K, reserved 1064960K
  class space    used 879K, committed 960K, reserved 1048576K
}
Event: 4.021 GC heap after
{Heap after GC invocations=2 (full 0):
 garbage-first heap   total 260096K, used 5114K [0x0000000703a00000, 0x0000000800000000)
  region size 2048K, 3 young (6144K), 3 survivors (6144K)
 Metaspace       used 12267K, committed 12480K, reserved 1064960K
  class space    used 879K, committed 960K, reserved 1048576K
}
Event: 8.722 GC heap before
{Heap before GC invocations=2 (full 0):
 garbage-first heap   total 260096K, used 154618K [0x0000000703a00000, 0x0000000800000000)
  region size 2048K, 76 young (155648K), 3 survivors (6144K)
 Metaspace       used 12300K, committed 12480K, reserved 1064960K
  class space    used 879K, committed 960K, reserved 1048576K
}
Event: 8.726 GC heap after
{Heap after GC invocations=3 (full 0):
 garbage-first heap   total 260096K, used 5182K [0x0000000703a00000, 0x0000000800000000)
  region size 2048K, 3 young (6144K), 3 survivors (6144K)
 Metaspace       used 12300K, committed 12480K, reserved 1064960K
  class space    used 879K, committed 960K, reserved 1048576K
}
Event: 12.466 GC heap before
{Heap before GC invocations=3 (full 0):
 garbage-first heap   total 260096K, used 154686K [0x0000000703a00000, 0x0000000800000000)
  region size 2048K, 76 young (155648K), 3 survivors (6144K)
 Metaspace       used 12333K, committed 12544K, reserved 1064960K
  class space    used 879K, committed 960K, reserved 1048576K
}
Event: 12.469 GC heap after
{Heap after GC invocations=4 (full 0):
 garbage-first heap   total 260096K, used 5259K [0x0000000703a00000, 0x0000000800000000)
  region size 2048K, 3 young (6144K), 3 survivors (6144K)
 Metaspace       used 12333K, committed 12544K, reserved 1064960K
  class space    used 879K, committed 960K, reserved 1048576K
}

