# JRE version: Java(TM) SE Runtime Environment (16.0.2+7) (build 16.0.2+7-67)
# Java VM: Java HotSpot(TM) 64-Bit Server VM (16.0.2+7-67, mixed mode, sharing, tiered, compressed oops, compressed class ptrs, g1 gc, windows-amd64)
GC Precious Log:
 CPUs: 8 total, 8 available
 Memory: 16149M
 Large Page Support: Disabled
 NUMA Support: Disabled
 Compressed Oops: Enabled (Zero based)
 Heap Region Size: 2M
 Heap Min Capacity: 8M
 Heap Initial Capacity: 254M
 Heap Max Capacity: 4038M
 Pre-touch: Disabled
 Parallel Workers: 8
 Concurrent Workers: 2
 Concurrent Refinement Workers: 8
 Periodic GC: Disabled
Heap:
 garbage-first heap   total 260096K, used 101685K [0x0000000703a00000, 0x0000000800000000)
  region size 2048K, 51 young (104448K), 3 survivors (6144K)
 Metaspace       used 12679K, committed 12864K, reserved 1064960K
  class space    used 883K, committed 960K, reserved 1048576K
GC Heap History (10 events):
Event: 1.526 GC heap before
{Heap before GC invocations=0 (full 0):
 garbage-first heap   total 260096K, used 22528K [0x0000000703a00000, 0x0000000800000000)
  region size 2048K, 11 young (22528K), 0 survivors (0K)
 Metaspace       used 11196K, committed 11328K, reserved 1064960K
  class space    used 804K, committed 832K, reserved 1048576K
}
Event: 1.533 GC heap after
{Heap after GC invocations=1 (full 0):
 garbage-first heap   total 260096K, used 2769K [0x0000000703a00000, 0x0000000800000000)
  region size 2048K, 2 young (4096K), 2 survivors (4096K)
 Metaspace       used 11196K, committed 11328K, reserved 1064960K
  class space    used 804K, committed 832K, reserved 1048576K
}
Event: 1.924 GC heap before
{Heap before GC invocations=1 (full 0):
 garbage-first heap   total 260096K, used 39633K [0x0000000703a00000, 0x0000000800000000)
  region size 2048K, 20 young (40960K), 2 survivors (4096K)
 Metaspace       used 11910K, committed 12032K, reserved 1064960K
  class space    used 870K, committed 960K, reserved 1048576K
}
Event: 1.927 GC heap after
{Heap after GC invocations=2 (full 0):
 garbage-first heap   total 260096K, used 3860K [0x0000000703a00000, 0x0000000800000000)
  region size 2048K, 2 young (4096K), 2 survivors (4096K)
 Metaspace       used 11910K, committed 12032K, reserved 1064960K
  class space    used 870K, committed 960K, reserved 1048576K
}
Event: 11.595 GC heap before
{Heap before GC invocations=2 (full 0):
 garbage-first heap   total 260096K, used 155412K [0x0000000703a00000, 0x0000000800000000)
  region size 2048K, 76 young (155648K), 2 survivors (4096K)
 Metaspace       used 12389K, committed 12544K, reserved 1064960K
  class space    used 880K, committed 960K, reserved 1048576K
}
Event: 11.598 GC heap after
{Heap after GC invocations=3 (full 0):
 garbage-first heap   total 260096K, used 5273K [0x0000000703a00000, 0x0000000800000000)
  region size 2048K, 3 young (6144K), 3 survivors (6144K)
 Metaspace       used 12389K, committed 12544K, reserved 1064960K
  class space    used 880K, committed 960K, reserved 1048576K
}
Event: 23.075 GC heap before
{Heap before GC invocations=3 (full 0):
 garbage-first heap   total 260096K, used 154777K [0x0000000703a00000, 0x0000000800000000)
  region size 2048K, 76 young (155648K), 3 survivors (6144K)
 Metaspace       used 12476K, committed 12608K, reserved 1064960K
  class space    used 880K, committed 960K, reserved 1048576K
}
Event: 23.077 GC heap after
{Heap after GC invocations=4 (full 0):
 garbage-first heap   total 260096K, used 5278K [0x0000000703a00000, 0x0000000800000000)
  region size 2048K, 3 young (6144K), 3 survivors (6144K)
 Metaspace       used 12476K, committed 12608K, reserved 1064960K
  class space    used 880K, committed 960K, reserved 1048576K
}
Event: 33.599 GC heap before
{Heap before GC invocations=4 (full 0):
 garbage-first heap   total 260096K, used 154782K [0x0000000703a00000, 0x0000000800000000)
  region size 2048K, 76 young (155648K), 3 survivors (6144K)
 Metaspace       used 12613K, committed 12736K, reserved 1064960K
  class space    used 880K, committed 960K, reserved 1048576K
}
Event: 33.602 GC heap after
{Heap after GC invocations=5 (full 0):
 garbage-first heap   total 260096K, used 5429K [0x0000000703a00000, 0x0000000800000000)
  region size 2048K, 3 young (6144K), 3 survivors (6144K)
 Metaspace       used 12613K, committed 12736K, reserved 1064960K
  class space    used 880K, committed 960K, reserved 1048576K
}

