# JRE version: Java(TM) SE Runtime Environment (16.0.2+7) (build 16.0.2+7-67)
# Java VM: Java HotSpot(TM) 64-Bit Server VM (16.0.2+7-67, mixed mode, sharing, tiered, compressed oops, compressed class ptrs, g1 gc, windows-amd64)
GC Precious Log:
 CPUs: 8 total, 8 available
 Memory: 16149M
 Large Page Support: Disabled
 NUMA Support: Disabled
 Compressed Oops: Enabled (Zero based)
 Heap Region Size: 2M
 Heap Min Capacity: 8M
 Heap Initial Capacity: 254M
 Heap Max Capacity: 4038M
 Pre-touch: Disabled
 Parallel Workers: 8
 Concurrent Workers: 2
 Concurrent Refinement Workers: 8
 Periodic GC: Disabled
Heap:
 garbage-first heap   total 454656K, used 127142K [0x0000000703a00000, 0x0000000800000000)
  region size 2048K, 59 young (120832K), 1 survivors (2048K)
 Metaspace       used 12406K, committed 12544K, reserved 1064960K
  class space    used 884K, committed 960K, reserved 1048576K
GC Heap History (20 events):
Event: 11.971 GC heap before
{Heap before GC invocations=15 (full 0):
 garbage-first heap   total 378880K, used 229376K [0x0000000703a00000, 0x0000000800000000)
  region size 2048K, 111 young (227328K), 4 survivors (8192K)
 Metaspace       used 12314K, committed 12480K, reserved 1064960K
  class space    used 880K, committed 960K, reserved 1048576K
}
Event: 11.976 GC heap after
{Heap after GC invocations=16 (full 0):
 garbage-first heap   total 454656K, used 10051K [0x0000000703a00000, 0x0000000800000000)
  region size 2048K, 3 young (6144K), 3 survivors (6144K)
 Metaspace       used 12314K, committed 12480K, reserved 1064960K
  class space    used 880K, committed 960K, reserved 1048576K
}
Event: 12.278 GC heap before
{Heap before GC invocations=16 (full 0):
 garbage-first heap   total 454656K, used 276291K [0x0000000703a00000, 0x0000000800000000)
  region size 2048K, 133 young (272384K), 3 survivors (6144K)
 Metaspace       used 12326K, committed 12480K, reserved 1064960K
  class space    used 880K, committed 960K, reserved 1048576K
}
Event: 12.281 GC heap after
{Heap after GC invocations=17 (full 0):
 garbage-first heap   total 454656K, used 10361K [0x0000000703a00000, 0x0000000800000000)
  region size 2048K, 2 young (4096K), 2 survivors (4096K)
 Metaspace       used 12326K, committed 12480K, reserved 1064960K
  class space    used 880K, committed 960K, reserved 1048576K
}
Event: 12.551 GC heap before
{Heap before GC invocations=17 (full 0):
 garbage-first heap   total 454656K, used 278649K [0x0000000703a00000, 0x0000000800000000)
  region size 2048K, 133 young (272384K), 2 survivors (4096K)
 Metaspace       used 12327K, committed 12480K, reserved 1064960K
  class space    used 880K, committed 960K, reserved 1048576K
}
Event: 12.553 GC heap after
{Heap after GC invocations=18 (full 0):
 garbage-first heap   total 454656K, used 10425K [0x0000000703a00000, 0x0000000800000000)
  region size 2048K, 2 young (4096K), 2 survivors (4096K)
 Metaspace       used 12327K, committed 12480K, reserved 1064960K
  class space    used 880K, committed 960K, reserved 1048576K
}
Event: 12.834 GC heap before
{Heap before GC invocations=18 (full 0):
 garbage-first heap   total 454656K, used 278713K [0x0000000703a00000, 0x0000000800000000)
  region size 2048K, 133 young (272384K), 2 survivors (4096K)
 Metaspace       used 12330K, committed 12480K, reserved 1064960K
  class space    used 880K, committed 960K, reserved 1048576K
}
Event: 12.836 GC heap after
{Heap after GC invocations=19 (full 0):
 garbage-first heap   total 454656K, used 10359K [0x0000000703a00000, 0x0000000800000000)
  region size 2048K, 1 young (2048K), 1 survivors (2048K)
 Metaspace       used 12330K, committed 12480K, reserved 1064960K
  class space    used 880K, committed 960K, reserved 1048576K
}
Event: 13.140 GC heap before
{Heap before GC invocations=19 (full 0):
 garbage-first heap   total 454656K, used 280695K [0x0000000703a00000, 0x0000000800000000)
  region size 2048K, 133 young (272384K), 1 survivors (2048K)
 Metaspace       used 12332K, committed 12480K, reserved 1064960K
  class space    used 880K, committed 960K, reserved 1048576K
}
Event: 13.141 GC heap after
{Heap after GC invocations=20 (full 0):
 garbage-first heap   total 454656K, used 10366K [0x0000000703a00000, 0x0000000800000000)
  region size 2048K, 1 young (2048K), 1 survivors (2048K)
 Metaspace       used 12332K, committed 12480K, reserved 1064960K
  class space    used 880K, committed 960K, reserved 1048576K
}
Event: 13.402 GC heap before
{Heap before GC invocations=20 (full 0):
 garbage-first heap   total 454656K, used 280702K [0x0000000703a00000, 0x0000000800000000)
  region size 2048K, 133 young (272384K), 1 survivors (2048K)
 Metaspace       used 12342K, committed 12544K, reserved 1064960K
  class space    used 880K, committed 960K, reserved 1048576K
}
Event: 13.404 GC heap after
{Heap after GC invocations=21 (full 0):
 garbage-first heap   total 454656K, used 10387K [0x0000000703a00000, 0x0000000800000000)
  region size 2048K, 1 young (2048K), 1 survivors (2048K)
 Metaspace       used 12342K, committed 12544K, reserved 1064960K
  class space    used 880K, committed 960K, reserved 1048576K
}
Event: 13.666 GC heap before
{Heap before GC invocations=21 (full 0):
 garbage-first heap   total 454656K, used 280723K [0x0000000703a00000, 0x0000000800000000)
  region size 2048K, 133 young (272384K), 1 survivors (2048K)
 Metaspace       used 12344K, committed 12544K, reserved 1064960K
  class space    used 880K, committed 960K, reserved 1048576K
}
Event: 13.667 GC heap after
{Heap after GC invocations=22 (full 0):
 garbage-first heap   total 454656K, used 10385K [0x0000000703a00000, 0x0000000800000000)
  region size 2048K, 1 young (2048K), 1 survivors (2048K)
 Metaspace       used 12344K, committed 12544K, reserved 1064960K
  class space    used 880K, committed 960K, reserved 1048576K
}
Event: 13.971 GC heap before
{Heap before GC invocations=22 (full 0):
 garbage-first heap   total 454656K, used 280721K [0x0000000703a00000, 0x0000000800000000)
  region size 2048K, 133 young (272384K), 1 survivors (2048K)
 Metaspace       used 12348K, committed 12544K, reserved 1064960K
  class space    used 880K, committed 960K, reserved 1048576K
}
Event: 13.972 GC heap after
{Heap after GC invocations=23 (full 0):
 garbage-first heap   total 454656K, used 10384K [0x0000000703a00000, 0x0000000800000000)
  region size 2048K, 1 young (2048K), 1 survivors (2048K)
 Metaspace       used 12348K, committed 12544K, reserved 1064960K
  class space    used 880K, committed 960K, reserved 1048576K
}
Event: 14.220 GC heap before
{Heap before GC invocations=23 (full 0):
 garbage-first heap   total 454656K, used 280720K [0x0000000703a00000, 0x0000000800000000)
  region size 2048K, 133 young (272384K), 1 survivors (2048K)
 Metaspace       used 12357K, committed 12544K, reserved 1064960K
  class space    used 880K, committed 960K, reserved 1048576K
}
Event: 14.222 GC heap after
{Heap after GC invocations=24 (full 0):
 garbage-first heap   total 454656K, used 10422K [0x0000000703a00000, 0x0000000800000000)
  region size 2048K, 1 young (2048K), 1 survivors (2048K)
 Metaspace       used 12357K, committed 12544K, reserved 1064960K
  class space    used 880K, committed 960K, reserved 1048576K
}
Event: 14.506 GC heap before
{Heap before GC invocations=24 (full 0):
 garbage-first heap   total 454656K, used 280758K [0x0000000703a00000, 0x0000000800000000)
  region size 2048K, 133 young (272384K), 1 survivors (2048K)
 Metaspace       used 12358K, committed 12544K, reserved 1064960K
  class space    used 880K, committed 960K, reserved 1048576K
}
Event: 14.508 GC heap after
{Heap after GC invocations=25 (full 0):
 garbage-first heap   total 454656K, used 10406K [0x0000000703a00000, 0x0000000800000000)
  region size 2048K, 1 young (2048K), 1 survivors (2048K)
 Metaspace       used 12358K, committed 12544K, reserved 1064960K
  class space    used 880K, committed 960K, reserved 1048576K
}

