# JRE version: Java(TM) SE Runtime Environment (16.0.2+7) (build 16.0.2+7-67)
# Java VM: Java HotSpot(TM) 64-Bit Server VM (16.0.2+7-67, mixed mode, sharing, tiered, compressed oops, compressed class ptrs, g1 gc, windows-amd64)
GC Precious Log:
 CPUs: 8 total, 8 available
 Memory: 16149M
 Large Page Support: Disabled
 NUMA Support: Disabled
 Compressed Oops: Enabled (Zero based)
 Heap Region Size: 2M
 Heap Min Capacity: 8M
 Heap Initial Capacity: 254M
 Heap Max Capacity: 4038M
 Pre-touch: Disabled
 Parallel Workers: 8
 Concurrent Workers: 2
 Concurrent Refinement Workers: 8
 Periodic GC: Disabled
Heap:
 garbage-first heap   total 452608K, used 131780K [0x0000000703a00000, 0x0000000800000000)
  region size 2048K, 62 young (126976K), 1 survivors (2048K)
 Metaspace       used 12767K, committed 12928K, reserved 1064960K
  class space    used 884K, committed 960K, reserved 1048576K
GC Heap History (20 events):
Event: 81.443 GC heap before
{Heap before GC invocations=488 (full 0):
 garbage-first heap   total 452608K, used 277181K [0x0000000703a00000, 0x0000000800000000)
  region size 2048K, 132 young (270336K), 1 survivors (2048K)
 Metaspace       used 12724K, committed 12928K, reserved 1064960K
  class space    used 880K, committed 960K, reserved 1048576K
}
Event: 81.444 GC heap after
{Heap after GC invocations=489 (full 0):
 garbage-first heap   total 452608K, used 8893K [0x0000000703a00000, 0x0000000800000000)
  region size 2048K, 1 young (2048K), 1 survivors (2048K)
 Metaspace       used 12724K, committed 12928K, reserved 1064960K
  class space    used 880K, committed 960K, reserved 1048576K
}
Event: 81.641 GC heap before
{Heap before GC invocations=489 (full 0):
 garbage-first heap   total 452608K, used 277181K [0x0000000703a00000, 0x0000000800000000)
  region size 2048K, 132 young (270336K), 1 survivors (2048K)
 Metaspace       used 12724K, committed 12928K, reserved 1064960K
  class space    used 880K, committed 960K, reserved 1048576K
}
Event: 81.642 GC heap after
{Heap after GC invocations=490 (full 0):
 garbage-first heap   total 452608K, used 8895K [0x0000000703a00000, 0x0000000800000000)
  region size 2048K, 1 young (2048K), 1 survivors (2048K)
 Metaspace       used 12724K, committed 12928K, reserved 1064960K
  class space    used 880K, committed 960K, reserved 1048576K
}
Event: 81.831 GC heap before
{Heap before GC invocations=490 (full 0):
 garbage-first heap   total 452608K, used 277183K [0x0000000703a00000, 0x0000000800000000)
  region size 2048K, 132 young (270336K), 1 survivors (2048K)
 Metaspace       used 12724K, committed 12928K, reserved 1064960K
  class space    used 880K, committed 960K, reserved 1048576K
}
Event: 81.832 GC heap after
{Heap after GC invocations=491 (full 0):
 garbage-first heap   total 452608K, used 8897K [0x0000000703a00000, 0x0000000800000000)
  region size 2048K, 1 young (2048K), 1 survivors (2048K)
 Metaspace       used 12724K, committed 12928K, reserved 1064960K
  class space    used 880K, committed 960K, reserved 1048576K
}
Event: 82.022 GC heap before
{Heap before GC invocations=491 (full 0):
 garbage-first heap   total 452608K, used 277185K [0x0000000703a00000, 0x0000000800000000)
  region size 2048K, 132 young (270336K), 1 survivors (2048K)
 Metaspace       used 12724K, committed 12928K, reserved 1064960K
  class space    used 880K, committed 960K, reserved 1048576K
}
Event: 82.023 GC heap after
{Heap after GC invocations=492 (full 0):
 garbage-first heap   total 452608K, used 8895K [0x0000000703a00000, 0x0000000800000000)
  region size 2048K, 1 young (2048K), 1 survivors (2048K)
 Metaspace       used 12724K, committed 12928K, reserved 1064960K
  class space    used 880K, committed 960K, reserved 1048576K
}
Event: 82.211 GC heap before
{Heap before GC invocations=492 (full 0):
 garbage-first heap   total 452608K, used 277183K [0x0000000703a00000, 0x0000000800000000)
  region size 2048K, 132 young (270336K), 1 survivors (2048K)
 Metaspace       used 12724K, committed 12928K, reserved 1064960K
  class space    used 880K, committed 960K, reserved 1048576K
}
Event: 82.212 GC heap after
{Heap after GC invocations=493 (full 0):
 garbage-first heap   total 452608K, used 8893K [0x0000000703a00000, 0x0000000800000000)
  region size 2048K, 1 young (2048K), 1 survivors (2048K)
 Metaspace       used 12724K, committed 12928K, reserved 1064960K
  class space    used 880K, committed 960K, reserved 1048576K
}
Event: 82.405 GC heap before
{Heap before GC invocations=493 (full 0):
 garbage-first heap   total 452608K, used 277181K [0x0000000703a00000, 0x0000000800000000)
  region size 2048K, 132 young (270336K), 1 survivors (2048K)
 Metaspace       used 12724K, committed 12928K, reserved 1064960K
  class space    used 880K, committed 960K, reserved 1048576K
}
Event: 82.406 GC heap after
{Heap after GC invocations=494 (full 0):
 garbage-first heap   total 452608K, used 8893K [0x0000000703a00000, 0x0000000800000000)
  region size 2048K, 1 young (2048K), 1 survivors (2048K)
 Metaspace       used 12724K, committed 12928K, reserved 1064960K
  class space    used 880K, committed 960K, reserved 1048576K
}
Event: 82.598 GC heap before
{Heap before GC invocations=494 (full 0):
 garbage-first heap   total 452608K, used 277181K [0x0000000703a00000, 0x0000000800000000)
  region size 2048K, 132 young (270336K), 1 survivors (2048K)
 Metaspace       used 12724K, committed 12928K, reserved 1064960K
  class space    used 880K, committed 960K, reserved 1048576K
}
Event: 82.599 GC heap after
{Heap after GC invocations=495 (full 0):
 garbage-first heap   total 452608K, used 8897K [0x0000000703a00000, 0x0000000800000000)
  region size 2048K, 1 young (2048K), 1 survivors (2048K)
 Metaspace       used 12724K, committed 12928K, reserved 1064960K
  class space    used 880K, committed 960K, reserved 1048576K
}
Event: 82.788 GC heap before
{Heap before GC invocations=495 (full 0):
 garbage-first heap   total 452608K, used 277185K [0x0000000703a00000, 0x0000000800000000)
  region size 2048K, 132 young (270336K), 1 survivors (2048K)
 Metaspace       used 12724K, committed 12928K, reserved 1064960K
  class space    used 880K, committed 960K, reserved 1048576K
}
Event: 82.789 GC heap after
{Heap after GC invocations=496 (full 0):
 garbage-first heap   total 452608K, used 8893K [0x0000000703a00000, 0x0000000800000000)
  region size 2048K, 1 young (2048K), 1 survivors (2048K)
 Metaspace       used 12724K, committed 12928K, reserved 1064960K
  class space    used 880K, committed 960K, reserved 1048576K
}
Event: 82.973 GC heap before
{Heap before GC invocations=496 (full 0):
 garbage-first heap   total 452608K, used 277181K [0x0000000703a00000, 0x0000000800000000)
  region size 2048K, 132 young (270336K), 1 survivors (2048K)
 Metaspace       used 12724K, committed 12928K, reserved 1064960K
  class space    used 880K, committed 960K, reserved 1048576K
}
Event: 82.975 GC heap after
{Heap after GC invocations=497 (full 0):
 garbage-first heap   total 452608K, used 8900K [0x0000000703a00000, 0x0000000800000000)
  region size 2048K, 1 young (2048K), 1 survivors (2048K)
 Metaspace       used 12724K, committed 12928K, reserved 1064960K
  class space    used 880K, committed 960K, reserved 1048576K
}
Event: 83.167 GC heap before
{Heap before GC invocations=497 (full 0):
 garbage-first heap   total 452608K, used 277188K [0x0000000703a00000, 0x0000000800000000)
  region size 2048K, 132 young (270336K), 1 survivors (2048K)
 Metaspace       used 12724K, committed 12928K, reserved 1064960K
  class space    used 880K, committed 960K, reserved 1048576K
}
Event: 83.168 GC heap after
{Heap after GC invocations=498 (full 0):
 garbage-first heap   total 452608K, used 8900K [0x0000000703a00000, 0x0000000800000000)
  region size 2048K, 1 young (2048K), 1 survivors (2048K)
 Metaspace       used 12724K, committed 12928K, reserved 1064960K
  class space    used 880K, committed 960K, reserved 1048576K
}

