# JRE version: Java(TM) SE Runtime Environment (16.0.2+7) (build 16.0.2+7-67)
# Java VM: Java HotSpot(TM) 64-Bit Server VM (16.0.2+7-67, mixed mode, sharing, tiered, compressed oops, compressed class ptrs, g1 gc, windows-amd64)
GC Precious Log:
 CPUs: 8 total, 8 available
 Memory: 16149M
 Large Page Support: Disabled
 NUMA Support: Disabled
 Compressed Oops: Enabled (Zero based)
 Heap Region Size: 2M
 Heap Min Capacity: 8M
 Heap Initial Capacity: 254M
 Heap Max Capacity: 4038M
 Pre-touch: Disabled
 Parallel Workers: 8
 Concurrent Workers: 2
 Concurrent Refinement Workers: 8
 Periodic GC: Disabled
Heap:
 garbage-first heap   total 376832K, used 40390K [0x0000000703a00000, 0x0000000800000000)
  region size 2048K, 19 young (38912K), 1 survivors (2048K)
 Metaspace       used 12757K, committed 12928K, reserved 1064960K
  class space    used 885K, committed 960K, reserved 1048576K
GC Heap History (20 events):
Event: 12.640 GC heap before
{Heap before GC invocations=41 (full 0):
 garbage-first heap   total 376832K, used 228726K [0x0000000703a00000, 0x0000000800000000)
  region size 2048K, 110 young (225280K), 1 survivors (2048K)
 Metaspace       used 12628K, committed 12800K, reserved 1064960K
  class space    used 880K, committed 960K, reserved 1048576K
}
Event: 12.641 GC heap after
{Heap after GC invocations=42 (full 0):
 garbage-first heap   total 376832K, used 5496K [0x0000000703a00000, 0x0000000800000000)
  region size 2048K, 1 young (2048K), 1 survivors (2048K)
 Metaspace       used 12628K, committed 12800K, reserved 1064960K
  class space    used 880K, committed 960K, reserved 1048576K
}
Event: 12.923 GC heap before
{Heap before GC invocations=42 (full 0):
 garbage-first heap   total 376832K, used 228728K [0x0000000703a00000, 0x0000000800000000)
  region size 2048K, 110 young (225280K), 1 survivors (2048K)
 Metaspace       used 12634K, committed 12800K, reserved 1064960K
  class space    used 880K, committed 960K, reserved 1048576K
}
Event: 12.924 GC heap after
{Heap after GC invocations=43 (full 0):
 garbage-first heap   total 376832K, used 5511K [0x0000000703a00000, 0x0000000800000000)
  region size 2048K, 1 young (2048K), 1 survivors (2048K)
 Metaspace       used 12634K, committed 12800K, reserved 1064960K
  class space    used 880K, committed 960K, reserved 1048576K
}
Event: 13.204 GC heap before
{Heap before GC invocations=43 (full 0):
 garbage-first heap   total 376832K, used 228743K [0x0000000703a00000, 0x0000000800000000)
  region size 2048K, 110 young (225280K), 1 survivors (2048K)
 Metaspace       used 12634K, committed 12800K, reserved 1064960K
  class space    used 880K, committed 960K, reserved 1048576K
}
Event: 13.205 GC heap after
{Heap after GC invocations=44 (full 0):
 garbage-first heap   total 376832K, used 5517K [0x0000000703a00000, 0x0000000800000000)
  region size 2048K, 1 young (2048K), 1 survivors (2048K)
 Metaspace       used 12634K, committed 12800K, reserved 1064960K
  class space    used 880K, committed 960K, reserved 1048576K
}
Event: 13.519 GC heap before
{Heap before GC invocations=44 (full 0):
 garbage-first heap   total 376832K, used 228749K [0x0000000703a00000, 0x0000000800000000)
  region size 2048K, 110 young (225280K), 1 survivors (2048K)
 Metaspace       used 12634K, committed 12800K, reserved 1064960K
  class space    used 880K, committed 960K, reserved 1048576K
}
Event: 13.520 GC heap after
{Heap after GC invocations=45 (full 0):
 garbage-first heap   total 376832K, used 5530K [0x0000000703a00000, 0x0000000800000000)
  region size 2048K, 1 young (2048K), 1 survivors (2048K)
 Metaspace       used 12634K, committed 12800K, reserved 1064960K
  class space    used 880K, committed 960K, reserved 1048576K
}
Event: 13.813 GC heap before
{Heap before GC invocations=45 (full 0):
 garbage-first heap   total 376832K, used 228762K [0x0000000703a00000, 0x0000000800000000)
  region size 2048K, 110 young (225280K), 1 survivors (2048K)
 Metaspace       used 12708K, committed 12864K, reserved 1064960K
  class space    used 881K, committed 960K, reserved 1048576K
}
Event: 13.814 GC heap after
{Heap after GC invocations=46 (full 0):
 garbage-first heap   total 376832K, used 5540K [0x0000000703a00000, 0x0000000800000000)
  region size 2048K, 1 young (2048K), 1 survivors (2048K)
 Metaspace       used 12708K, committed 12864K, reserved 1064960K
  class space    used 881K, committed 960K, reserved 1048576K
}
Event: 14.098 GC heap before
{Heap before GC invocations=46 (full 0):
 garbage-first heap   total 376832K, used 228772K [0x0000000703a00000, 0x0000000800000000)
  region size 2048K, 110 young (225280K), 1 survivors (2048K)
 Metaspace       used 12708K, committed 12864K, reserved 1064960K
  class space    used 881K, committed 960K, reserved 1048576K
}
Event: 14.099 GC heap after
{Heap after GC invocations=47 (full 0):
 garbage-first heap   total 376832K, used 5551K [0x0000000703a00000, 0x0000000800000000)
  region size 2048K, 1 young (2048K), 1 survivors (2048K)
 Metaspace       used 12708K, committed 12864K, reserved 1064960K
  class space    used 881K, committed 960K, reserved 1048576K
}
Event: 14.381 GC heap before
{Heap before GC invocations=47 (full 0):
 garbage-first heap   total 376832K, used 228783K [0x0000000703a00000, 0x0000000800000000)
  region size 2048K, 110 young (225280K), 1 survivors (2048K)
 Metaspace       used 12708K, committed 12864K, reserved 1064960K
  class space    used 881K, committed 960K, reserved 1048576K
}
Event: 14.382 GC heap after
{Heap after GC invocations=48 (full 0):
 garbage-first heap   total 376832K, used 5557K [0x0000000703a00000, 0x0000000800000000)
  region size 2048K, 1 young (2048K), 1 survivors (2048K)
 Metaspace       used 12708K, committed 12864K, reserved 1064960K
  class space    used 881K, committed 960K, reserved 1048576K
}
Event: 14.662 GC heap before
{Heap before GC invocations=48 (full 0):
 garbage-first heap   total 376832K, used 228789K [0x0000000703a00000, 0x0000000800000000)
  region size 2048K, 110 young (225280K), 1 survivors (2048K)
 Metaspace       used 12709K, committed 12864K, reserved 1064960K
  class space    used 881K, committed 960K, reserved 1048576K
}
Event: 14.663 GC heap after
{Heap after GC invocations=49 (full 0):
 garbage-first heap   total 376832K, used 5572K [0x0000000703a00000, 0x0000000800000000)
  region size 2048K, 1 young (2048K), 1 survivors (2048K)
 Metaspace       used 12709K, committed 12864K, reserved 1064960K
  class space    used 881K, committed 960K, reserved 1048576K
}
Event: 14.972 GC heap before
{Heap before GC invocations=49 (full 0):
 garbage-first heap   total 376832K, used 228804K [0x0000000703a00000, 0x0000000800000000)
  region size 2048K, 110 young (225280K), 1 survivors (2048K)
 Metaspace       used 12713K, committed 12864K, reserved 1064960K
  class space    used 881K, committed 960K, reserved 1048576K
}
Event: 14.973 GC heap after
{Heap after GC invocations=50 (full 0):
 garbage-first heap   total 376832K, used 5574K [0x0000000703a00000, 0x0000000800000000)
  region size 2048K, 1 young (2048K), 1 survivors (2048K)
 Metaspace       used 12713K, committed 12864K, reserved 1064960K
  class space    used 881K, committed 960K, reserved 1048576K
}
Event: 15.265 GC heap before
{Heap before GC invocations=50 (full 0):
 garbage-first heap   total 376832K, used 228806K [0x0000000703a00000, 0x0000000800000000)
  region size 2048K, 110 young (225280K), 1 survivors (2048K)
 Metaspace       used 12713K, committed 12864K, reserved 1064960K
  class space    used 881K, committed 960K, reserved 1048576K
}
Event: 15.266 GC heap after
{Heap after GC invocations=51 (full 0):
 garbage-first heap   total 376832K, used 5574K [0x0000000703a00000, 0x0000000800000000)
  region size 2048K, 1 young (2048K), 1 survivors (2048K)
 Metaspace       used 12713K, committed 12864K, reserved 1064960K
  class space    used 881K, committed 960K, reserved 1048576K
}

