# JRE version: Java(TM) SE Runtime Environment (16.0.2+7) (build 16.0.2+7-67)
# Java VM: Java HotSpot(TM) 64-Bit Server VM (16.0.2+7-67, mixed mode, sharing, tiered, compressed oops, compressed class ptrs, g1 gc, windows-amd64)
GC Precious Log:
 CPUs: 8 total, 8 available
 Memory: 16149M
 Large Page Support: Disabled
 NUMA Support: Disabled
 Compressed Oops: Enabled (Zero based)
 Heap Region Size: 2M
 Heap Min Capacity: 8M
 Heap Initial Capacity: 254M
 Heap Max Capacity: 4038M
 Pre-touch: Disabled
 Parallel Workers: 8
 Concurrent Workers: 2
 Concurrent Refinement Workers: 8
 Periodic GC: Disabled
Heap:
 garbage-first heap   total 483328K, used 275530K [0x0000000703a00000, 0x0000000800000000)
  region size 2048K, 133 young (272384K), 1 survivors (2048K)
 Metaspace       used 12480K, committed 12608K, reserved 1064960K
  class space    used 884K, committed 960K, reserved 1048576K
GC Heap History (20 events):
Event: 4.000 GC heap before
{Heap before GC invocations=19 (full 0):
 garbage-first heap   total 483328K, used 293867K [0x0000000703a00000, 0x0000000800000000)
  region size 2048K, 141 young (288768K), 1 survivors (2048K)
 Metaspace       used 12344K, committed 12544K, reserved 1064960K
  class space    used 880K, committed 960K, reserved 1048576K
}
Event: 4.001 GC heap after
{Heap after GC invocations=20 (full 0):
 garbage-first heap   total 483328K, used 7158K [0x0000000703a00000, 0x0000000800000000)
  region size 2048K, 1 young (2048K), 1 survivors (2048K)
 Metaspace       used 12344K, committed 12544K, reserved 1064960K
  class space    used 880K, committed 960K, reserved 1048576K
}
Event: 4.148 GC heap before
{Heap before GC invocations=20 (full 0):
 garbage-first heap   total 483328K, used 293878K [0x0000000703a00000, 0x0000000800000000)
  region size 2048K, 141 young (288768K), 1 survivors (2048K)
 Metaspace       used 12355K, committed 12544K, reserved 1064960K
  class space    used 880K, committed 960K, reserved 1048576K
}
Event: 4.150 GC heap after
{Heap after GC invocations=21 (full 0):
 garbage-first heap   total 483328K, used 7171K [0x0000000703a00000, 0x0000000800000000)
  region size 2048K, 1 young (2048K), 1 survivors (2048K)
 Metaspace       used 12355K, committed 12544K, reserved 1064960K
  class space    used 880K, committed 960K, reserved 1048576K
}
Event: 4.296 GC heap before
{Heap before GC invocations=21 (full 0):
 garbage-first heap   total 483328K, used 293891K [0x0000000703a00000, 0x0000000800000000)
  region size 2048K, 141 young (288768K), 1 survivors (2048K)
 Metaspace       used 12392K, committed 12544K, reserved 1064960K
  class space    used 880K, committed 960K, reserved 1048576K
}
Event: 4.298 GC heap after
{Heap after GC invocations=22 (full 0):
 garbage-first heap   total 483328K, used 7186K [0x0000000703a00000, 0x0000000800000000)
  region size 2048K, 1 young (2048K), 1 survivors (2048K)
 Metaspace       used 12392K, committed 12544K, reserved 1064960K
  class space    used 880K, committed 960K, reserved 1048576K
}
Event: 4.448 GC heap before
{Heap before GC invocations=22 (full 0):
 garbage-first heap   total 483328K, used 293906K [0x0000000703a00000, 0x0000000800000000)
  region size 2048K, 141 young (288768K), 1 survivors (2048K)
 Metaspace       used 12397K, committed 12544K, reserved 1064960K
  class space    used 880K, committed 960K, reserved 1048576K
}
Event: 4.450 GC heap after
{Heap after GC invocations=23 (full 0):
 garbage-first heap   total 483328K, used 7182K [0x0000000703a00000, 0x0000000800000000)
  region size 2048K, 1 young (2048K), 1 survivors (2048K)
 Metaspace       used 12397K, committed 12544K, reserved 1064960K
  class space    used 880K, committed 960K, reserved 1048576K
}
Event: 4.602 GC heap before
{Heap before GC invocations=23 (full 0):
 garbage-first heap   total 483328K, used 293902K [0x0000000703a00000, 0x0000000800000000)
  region size 2048K, 141 young (288768K), 1 survivors (2048K)
 Metaspace       used 12399K, committed 12544K, reserved 1064960K
  class space    used 880K, committed 960K, reserved 1048576K
}
Event: 4.603 GC heap after
{Heap after GC invocations=24 (full 0):
 garbage-first heap   total 483328K, used 7199K [0x0000000703a00000, 0x0000000800000000)
  region size 2048K, 1 young (2048K), 1 survivors (2048K)
 Metaspace       used 12399K, committed 12544K, reserved 1064960K
  class space    used 880K, committed 960K, reserved 1048576K
}
Event: 4.756 GC heap before
{Heap before GC invocations=24 (full 0):
 garbage-first heap   total 483328K, used 293919K [0x0000000703a00000, 0x0000000800000000)
  region size 2048K, 141 young (288768K), 1 survivors (2048K)
 Metaspace       used 12408K, committed 12544K, reserved 1064960K
  class space    used 880K, committed 960K, reserved 1048576K
}
Event: 4.757 GC heap after
{Heap after GC invocations=25 (full 0):
 garbage-first heap   total 483328K, used 7205K [0x0000000703a00000, 0x0000000800000000)
  region size 2048K, 1 young (2048K), 1 survivors (2048K)
 Metaspace       used 12408K, committed 12544K, reserved 1064960K
  class space    used 880K, committed 960K, reserved 1048576K
}
Event: 4.908 GC heap before
{Heap before GC invocations=25 (full 0):
 garbage-first heap   total 483328K, used 293925K [0x0000000703a00000, 0x0000000800000000)
  region size 2048K, 141 young (288768K), 1 survivors (2048K)
 Metaspace       used 12409K, committed 12544K, reserved 1064960K
  class space    used 880K, committed 960K, reserved 1048576K
}
Event: 4.910 GC heap after
{Heap after GC invocations=26 (full 0):
 garbage-first heap   total 483328K, used 7219K [0x0000000703a00000, 0x0000000800000000)
  region size 2048K, 1 young (2048K), 1 survivors (2048K)
 Metaspace       used 12409K, committed 12544K, reserved 1064960K
  class space    used 880K, committed 960K, reserved 1048576K
}
Event: 5.053 GC heap before
{Heap before GC invocations=26 (full 0):
 garbage-first heap   total 483328K, used 293939K [0x0000000703a00000, 0x0000000800000000)
  region size 2048K, 141 young (288768K), 1 survivors (2048K)
 Metaspace       used 12409K, committed 12544K, reserved 1064960K
  class space    used 880K, committed 960K, reserved 1048576K
}
Event: 5.054 GC heap after
{Heap after GC invocations=27 (full 0):
 garbage-first heap   total 483328K, used 7226K [0x0000000703a00000, 0x0000000800000000)
  region size 2048K, 1 young (2048K), 1 survivors (2048K)
 Metaspace       used 12409K, committed 12544K, reserved 1064960K
  class space    used 880K, committed 960K, reserved 1048576K
}
Event: 5.198 GC heap before
{Heap before GC invocations=27 (full 0):
 garbage-first heap   total 483328K, used 293946K [0x0000000703a00000, 0x0000000800000000)
  region size 2048K, 141 young (288768K), 1 survivors (2048K)
 Metaspace       used 12413K, committed 12544K, reserved 1064960K
  class space    used 880K, committed 960K, reserved 1048576K
}
Event: 5.199 GC heap after
{Heap after GC invocations=28 (full 0):
 garbage-first heap   total 483328K, used 7235K [0x0000000703a00000, 0x0000000800000000)
  region size 2048K, 1 young (2048K), 1 survivors (2048K)
 Metaspace       used 12413K, committed 12544K, reserved 1064960K
  class space    used 880K, committed 960K, reserved 1048576K
}
Event: 5.348 GC heap before
{Heap before GC invocations=28 (full 0):
 garbage-first heap   total 483328K, used 293955K [0x0000000703a00000, 0x0000000800000000)
  region size 2048K, 141 young (288768K), 1 survivors (2048K)
 Metaspace       used 12436K, committed 12608K, reserved 1064960K
  class space    used 880K, committed 960K, reserved 1048576K
}
Event: 5.349 GC heap after
{Heap after GC invocations=29 (full 0):
 garbage-first heap   total 483328K, used 7242K [0x0000000703a00000, 0x0000000800000000)
  region size 2048K, 1 young (2048K), 1 survivors (2048K)
 Metaspace       used 12436K, committed 12608K, reserved 1064960K
  class space    used 880K, committed 960K, reserved 1048576K
}

