# JRE version: Java(TM) SE Runtime Environment (16.0.2+7) (build 16.0.2+7-67)
# Java VM: Java HotSpot(TM) 64-Bit Server VM (16.0.2+7-67, mixed mode, sharing, tiered, compressed oops, compressed class ptrs, g1 gc, windows-amd64)
GC Precious Log:
 CPUs: 8 total, 8 available
 Memory: 16149M
 Large Page Support: Disabled
 NUMA Support: Disabled
 Compressed Oops: Enabled (Zero based)
 Heap Region Size: 2M
 Heap Min Capacity: 8M
 Heap Initial Capacity: 254M
 Heap Max Capacity: 4038M
 Pre-touch: Disabled
 Parallel Workers: 8
 Concurrent Workers: 2
 Concurrent Refinement Workers: 8
 Periodic GC: Disabled
Heap:
 garbage-first heap   total 514048K, used 300499K [0x0000000703a00000, 0x0000000800000000)
  region size 2048K, 144 young (294912K), 1 survivors (2048K)
 Metaspace       used 12847K, committed 13056K, reserved 1064960K
  class space    used 885K, committed 960K, reserved 1048576K
GC Heap History (20 events):
Event: 370.741 GC heap before
{Heap before GC invocations=966 (full 0):
 garbage-first heap   total 514048K, used 314819K [0x0000000703a00000, 0x0000000800000000)
  region size 2048K, 150 young (307200K), 1 survivors (2048K)
 Metaspace       used 12804K, committed 12992K, reserved 1064960K
  class space    used 881K, committed 960K, reserved 1048576K
}
Event: 370.743 GC heap after
{Heap after GC invocations=967 (full 0):
 garbage-first heap   total 514048K, used 9667K [0x0000000703a00000, 0x0000000800000000)
  region size 2048K, 1 young (2048K), 1 survivors (2048K)
 Metaspace       used 12804K, committed 12992K, reserved 1064960K
  class space    used 881K, committed 960K, reserved 1048576K
}
Event: 371.176 GC heap before
{Heap before GC invocations=967 (full 0):
 garbage-first heap   total 514048K, used 314819K [0x0000000703a00000, 0x0000000800000000)
  region size 2048K, 150 young (307200K), 1 survivors (2048K)
 Metaspace       used 12804K, committed 12992K, reserved 1064960K
  class space    used 881K, committed 960K, reserved 1048576K
}
Event: 371.177 GC heap after
{Heap after GC invocations=968 (full 0):
 garbage-first heap   total 514048K, used 9667K [0x0000000703a00000, 0x0000000800000000)
  region size 2048K, 1 young (2048K), 1 survivors (2048K)
 Metaspace       used 12804K, committed 12992K, reserved 1064960K
  class space    used 881K, committed 960K, reserved 1048576K
}
Event: 371.566 GC heap before
{Heap before GC invocations=968 (full 0):
 garbage-first heap   total 514048K, used 314819K [0x0000000703a00000, 0x0000000800000000)
  region size 2048K, 150 young (307200K), 1 survivors (2048K)
 Metaspace       used 12804K, committed 12992K, reserved 1064960K
  class space    used 881K, committed 960K, reserved 1048576K
}
Event: 371.567 GC heap after
{Heap after GC invocations=969 (full 0):
 garbage-first heap   total 514048K, used 9665K [0x0000000703a00000, 0x0000000800000000)
  region size 2048K, 1 young (2048K), 1 survivors (2048K)
 Metaspace       used 12804K, committed 12992K, reserved 1064960K
  class space    used 881K, committed 960K, reserved 1048576K
}
Event: 372.073 GC heap before
{Heap before GC invocations=969 (full 0):
 garbage-first heap   total 514048K, used 314817K [0x0000000703a00000, 0x0000000800000000)
  region size 2048K, 150 young (307200K), 1 survivors (2048K)
 Metaspace       used 12804K, committed 12992K, reserved 1064960K
  class space    used 881K, committed 960K, reserved 1048576K
}
Event: 372.074 GC heap after
{Heap after GC invocations=970 (full 0):
 garbage-first heap   total 514048K, used 9670K [0x0000000703a00000, 0x0000000800000000)
  region size 2048K, 1 young (2048K), 1 survivors (2048K)
 Metaspace       used 12804K, committed 12992K, reserved 1064960K
  class space    used 881K, committed 960K, reserved 1048576K
}
Event: 372.467 GC heap before
{Heap before GC invocations=970 (full 0):
 garbage-first heap   total 514048K, used 314822K [0x0000000703a00000, 0x0000000800000000)
  region size 2048K, 150 young (307200K), 1 survivors (2048K)
 Metaspace       used 12804K, committed 12992K, reserved 1064960K
  class space    used 881K, committed 960K, reserved 1048576K
}
Event: 372.468 GC heap after
{Heap after GC invocations=971 (full 0):
 garbage-first heap   total 514048K, used 9672K [0x0000000703a00000, 0x0000000800000000)
  region size 2048K, 1 young (2048K), 1 survivors (2048K)
 Metaspace       used 12804K, committed 12992K, reserved 1064960K
  class space    used 881K, committed 960K, reserved 1048576K
}
Event: 372.958 GC heap before
{Heap before GC invocations=971 (full 0):
 garbage-first heap   total 514048K, used 314824K [0x0000000703a00000, 0x0000000800000000)
  region size 2048K, 150 young (307200K), 1 survivors (2048K)
 Metaspace       used 12804K, committed 12992K, reserved 1064960K
  class space    used 881K, committed 960K, reserved 1048576K
}
Event: 372.959 GC heap after
{Heap after GC invocations=972 (full 0):
 garbage-first heap   total 514048K, used 9672K [0x0000000703a00000, 0x0000000800000000)
  region size 2048K, 1 young (2048K), 1 survivors (2048K)
 Metaspace       used 12804K, committed 12992K, reserved 1064960K
  class space    used 881K, committed 960K, reserved 1048576K
}
Event: 373.396 GC heap before
{Heap before GC invocations=972 (full 0):
 garbage-first heap   total 514048K, used 314824K [0x0000000703a00000, 0x0000000800000000)
  region size 2048K, 150 young (307200K), 1 survivors (2048K)
 Metaspace       used 12804K, committed 12992K, reserved 1064960K
  class space    used 881K, committed 960K, reserved 1048576K
}
Event: 373.398 GC heap after
{Heap after GC invocations=973 (full 0):
 garbage-first heap   total 514048K, used 9668K [0x0000000703a00000, 0x0000000800000000)
  region size 2048K, 1 young (2048K), 1 survivors (2048K)
 Metaspace       used 12804K, committed 12992K, reserved 1064960K
  class space    used 881K, committed 960K, reserved 1048576K
}
Event: 373.912 GC heap before
{Heap before GC invocations=973 (full 0):
 garbage-first heap   total 514048K, used 314820K [0x0000000703a00000, 0x0000000800000000)
  region size 2048K, 150 young (307200K), 1 survivors (2048K)
 Metaspace       used 12804K, committed 12992K, reserved 1064960K
  class space    used 881K, committed 960K, reserved 1048576K
}
Event: 373.913 GC heap after
{Heap after GC invocations=974 (full 0):
 garbage-first heap   total 514048K, used 9680K [0x0000000703a00000, 0x0000000800000000)
  region size 2048K, 1 young (2048K), 1 survivors (2048K)
 Metaspace       used 12804K, committed 12992K, reserved 1064960K
  class space    used 881K, committed 960K, reserved 1048576K
}
Event: 374.359 GC heap before
{Heap before GC invocations=974 (full 0):
 garbage-first heap   total 514048K, used 314832K [0x0000000703a00000, 0x0000000800000000)
  region size 2048K, 150 young (307200K), 1 survivors (2048K)
 Metaspace       used 12804K, committed 12992K, reserved 1064960K
  class space    used 881K, committed 960K, reserved 1048576K
}
Event: 374.360 GC heap after
{Heap after GC invocations=975 (full 0):
 garbage-first heap   total 514048K, used 9679K [0x0000000703a00000, 0x0000000800000000)
  region size 2048K, 1 young (2048K), 1 survivors (2048K)
 Metaspace       used 12804K, committed 12992K, reserved 1064960K
  class space    used 881K, committed 960K, reserved 1048576K
}
Event: 374.875 GC heap before
{Heap before GC invocations=975 (full 0):
 garbage-first heap   total 514048K, used 314831K [0x0000000703a00000, 0x0000000800000000)
  region size 2048K, 150 young (307200K), 1 survivors (2048K)
 Metaspace       used 12804K, committed 12992K, reserved 1064960K
  class space    used 881K, committed 960K, reserved 1048576K
}
Event: 374.877 GC heap after
{Heap after GC invocations=976 (full 0):
 garbage-first heap   total 514048K, used 9683K [0x0000000703a00000, 0x0000000800000000)
  region size 2048K, 1 young (2048K), 1 survivors (2048K)
 Metaspace       used 12804K, committed 12992K, reserved 1064960K
  class space    used 881K, committed 960K, reserved 1048576K
}

