# JRE version: Java(TM) SE Runtime Environment (16.0.2+7) (build 16.0.2+7-67)
# Java VM: Java HotSpot(TM) 64-Bit Server VM (16.0.2+7-67, mixed mode, sharing, tiered, compressed oops, compressed class ptrs, g1 gc, windows-amd64)
GC Precious Log:
 CPUs: 8 total, 8 available
 Memory: 16149M
 Large Page Support: Disabled
 NUMA Support: Disabled
 Compressed Oops: Enabled (Zero based)
 Heap Region Size: 2M
 Heap Min Capacity: 8M
 Heap Initial Capacity: 254M
 Heap Max Capacity: 4038M
 Pre-touch: Disabled
 Parallel Workers: 8
 Concurrent Workers: 2
 Concurrent Refinement Workers: 8
 Periodic GC: Disabled
Heap:
 garbage-first heap   total 460800K, used 259579K [0x0000000703a00000, 0x0000000800000000)
  region size 2048K, 124 young (253952K), 1 survivors (2048K)
 Metaspace       used 12781K, committed 12928K, reserved 1064960K
  class space    used 884K, committed 960K, reserved 1048576K
GC Heap History (20 events):
Event: 51.786 GC heap before
{Heap before GC invocations=282 (full 0):
 garbage-first heap   total 460800K, used 284133K [0x0000000703a00000, 0x0000000800000000)
  region size 2048K, 135 young (276480K), 1 survivors (2048K)
 Metaspace       used 12738K, committed 12928K, reserved 1064960K
  class space    used 880K, committed 960K, reserved 1048576K
}
Event: 51.787 GC heap after
{Heap after GC invocations=283 (full 0):
 garbage-first heap   total 460800K, used 9697K [0x0000000703a00000, 0x0000000800000000)
  region size 2048K, 1 young (2048K), 1 survivors (2048K)
 Metaspace       used 12738K, committed 12928K, reserved 1064960K
  class space    used 880K, committed 960K, reserved 1048576K
}
Event: 52.019 GC heap before
{Heap before GC invocations=283 (full 0):
 garbage-first heap   total 460800K, used 284129K [0x0000000703a00000, 0x0000000800000000)
  region size 2048K, 135 young (276480K), 1 survivors (2048K)
 Metaspace       used 12738K, committed 12928K, reserved 1064960K
  class space    used 880K, committed 960K, reserved 1048576K
}
Event: 52.020 GC heap after
{Heap after GC invocations=284 (full 0):
 garbage-first heap   total 460800K, used 9699K [0x0000000703a00000, 0x0000000800000000)
  region size 2048K, 1 young (2048K), 1 survivors (2048K)
 Metaspace       used 12738K, committed 12928K, reserved 1064960K
  class space    used 880K, committed 960K, reserved 1048576K
}
Event: 52.255 GC heap before
{Heap before GC invocations=284 (full 0):
 garbage-first heap   total 460800K, used 284131K [0x0000000703a00000, 0x0000000800000000)
  region size 2048K, 135 young (276480K), 1 survivors (2048K)
 Metaspace       used 12738K, committed 12928K, reserved 1064960K
  class space    used 880K, committed 960K, reserved 1048576K
}
Event: 52.256 GC heap after
{Heap after GC invocations=285 (full 0):
 garbage-first heap   total 460800K, used 9701K [0x0000000703a00000, 0x0000000800000000)
  region size 2048K, 1 young (2048K), 1 survivors (2048K)
 Metaspace       used 12738K, committed 12928K, reserved 1064960K
  class space    used 880K, committed 960K, reserved 1048576K
}
Event: 52.490 GC heap before
{Heap before GC invocations=285 (full 0):
 garbage-first heap   total 460800K, used 284133K [0x0000000703a00000, 0x0000000800000000)
  region size 2048K, 135 young (276480K), 1 survivors (2048K)
 Metaspace       used 12738K, committed 12928K, reserved 1064960K
  class space    used 880K, committed 960K, reserved 1048576K
}
Event: 52.491 GC heap after
{Heap after GC invocations=286 (full 0):
 garbage-first heap   total 460800K, used 9699K [0x0000000703a00000, 0x0000000800000000)
  region size 2048K, 1 young (2048K), 1 survivors (2048K)
 Metaspace       used 12738K, committed 12928K, reserved 1064960K
  class space    used 880K, committed 960K, reserved 1048576K
}
Event: 52.729 GC heap before
{Heap before GC invocations=286 (full 0):
 garbage-first heap   total 460800K, used 284131K [0x0000000703a00000, 0x0000000800000000)
  region size 2048K, 135 young (276480K), 1 survivors (2048K)
 Metaspace       used 12738K, committed 12928K, reserved 1064960K
  class space    used 880K, committed 960K, reserved 1048576K
}
Event: 52.730 GC heap after
{Heap after GC invocations=287 (full 0):
 garbage-first heap   total 460800K, used 9703K [0x0000000703a00000, 0x0000000800000000)
  region size 2048K, 1 young (2048K), 1 survivors (2048K)
 Metaspace       used 12738K, committed 12928K, reserved 1064960K
  class space    used 880K, committed 960K, reserved 1048576K
}
Event: 52.966 GC heap before
{Heap before GC invocations=287 (full 0):
 garbage-first heap   total 460800K, used 284135K [0x0000000703a00000, 0x0000000800000000)
  region size 2048K, 135 young (276480K), 1 survivors (2048K)
 Metaspace       used 12738K, committed 12928K, reserved 1064960K
  class space    used 880K, committed 960K, reserved 1048576K
}
Event: 52.968 GC heap after
{Heap after GC invocations=288 (full 0):
 garbage-first heap   total 460800K, used 9708K [0x0000000703a00000, 0x0000000800000000)
  region size 2048K, 1 young (2048K), 1 survivors (2048K)
 Metaspace       used 12738K, committed 12928K, reserved 1064960K
  class space    used 880K, committed 960K, reserved 1048576K
}
Event: 53.201 GC heap before
{Heap before GC invocations=288 (full 0):
 garbage-first heap   total 460800K, used 284140K [0x0000000703a00000, 0x0000000800000000)
  region size 2048K, 135 young (276480K), 1 survivors (2048K)
 Metaspace       used 12738K, committed 12928K, reserved 1064960K
  class space    used 880K, committed 960K, reserved 1048576K
}
Event: 53.202 GC heap after
{Heap after GC invocations=289 (full 0):
 garbage-first heap   total 460800K, used 9712K [0x0000000703a00000, 0x0000000800000000)
  region size 2048K, 1 young (2048K), 1 survivors (2048K)
 Metaspace       used 12738K, committed 12928K, reserved 1064960K
  class space    used 880K, committed 960K, reserved 1048576K
}
Event: 53.448 GC heap before
{Heap before GC invocations=289 (full 0):
 garbage-first heap   total 460800K, used 284144K [0x0000000703a00000, 0x0000000800000000)
  region size 2048K, 135 young (276480K), 1 survivors (2048K)
 Metaspace       used 12738K, committed 12928K, reserved 1064960K
  class space    used 880K, committed 960K, reserved 1048576K
}
Event: 53.450 GC heap after
{Heap after GC invocations=290 (full 0):
 garbage-first heap   total 460800K, used 9719K [0x0000000703a00000, 0x0000000800000000)
  region size 2048K, 1 young (2048K), 1 survivors (2048K)
 Metaspace       used 12738K, committed 12928K, reserved 1064960K
  class space    used 880K, committed 960K, reserved 1048576K
}
Event: 53.723 GC heap before
{Heap before GC invocations=290 (full 0):
 garbage-first heap   total 460800K, used 284151K [0x0000000703a00000, 0x0000000800000000)
  region size 2048K, 135 young (276480K), 1 survivors (2048K)
 Metaspace       used 12738K, committed 12928K, reserved 1064960K
  class space    used 880K, committed 960K, reserved 1048576K
}
Event: 53.723 GC heap after
{Heap after GC invocations=291 (full 0):
 garbage-first heap   total 460800K, used 9719K [0x0000000703a00000, 0x0000000800000000)
  region size 2048K, 1 young (2048K), 1 survivors (2048K)
 Metaspace       used 12738K, committed 12928K, reserved 1064960K
  class space    used 880K, committed 960K, reserved 1048576K
}
Event: 53.965 GC heap before
{Heap before GC invocations=291 (full 0):
 garbage-first heap   total 460800K, used 284151K [0x0000000703a00000, 0x0000000800000000)
  region size 2048K, 135 young (276480K), 1 survivors (2048K)
 Metaspace       used 12738K, committed 12928K, reserved 1064960K
  class space    used 880K, committed 960K, reserved 1048576K
}
Event: 53.966 GC heap after
{Heap after GC invocations=292 (full 0):
 garbage-first heap   total 460800K, used 9723K [0x0000000703a00000, 0x0000000800000000)
  region size 2048K, 1 young (2048K), 1 survivors (2048K)
 Metaspace       used 12738K, committed 12928K, reserved 1064960K
  class space    used 880K, committed 960K, reserved 1048576K
}

