# JRE version: Java(TM) SE Runtime Environment (16.0.2+7) (build 16.0.2+7-67)
# Java VM: Java HotSpot(TM) 64-Bit Server VM (16.0.2+7-67, mixed mode, sharing, tiered, compressed oops, compressed class ptrs, g1 gc, windows-amd64)
GC Precious Log:
 CPUs: 8 total, 8 available
 Memory: 16149M
 Large Page Support: Disabled
 NUMA Support: Disabled
 Compressed Oops: Enabled (Zero based)
 Heap Region Size: 2M
 Heap Min Capacity: 8M
 Heap Initial Capacity: 254M
 Heap Max Capacity: 4038M
 Pre-touch: Disabled
 Parallel Workers: 8
 Concurrent Workers: 2
 Concurrent Refinement Workers: 8
 Periodic GC: Disabled
Heap:
 garbage-first heap   total 313344K, used 45284K [0x0000000703a00000, 0x0000000800000000)
  region size 2048K, 21 young (43008K), 1 survivors (2048K)
 Metaspace       used 12856K, committed 13056K, reserved 1064960K
  class space    used 886K, committed 960K, reserved 1048576K
GC Heap History (20 events):
Event: 51.678 GC heap before
{Heap before GC invocations=177 (full 0):
 garbage-first heap   total 313344K, used 190652K [0x0000000703a00000, 0x0000000800000000)
  region size 2048K, 91 young (186368K), 1 survivors (2048K)
 Metaspace       used 12813K, committed 12992K, reserved 1064960K
  class space    used 882K, committed 960K, reserved 1048576K
}
Event: 51.679 GC heap after
{Heap after GC invocations=178 (full 0):
 garbage-first heap   total 313344K, used 6337K [0x0000000703a00000, 0x0000000800000000)
  region size 2048K, 1 young (2048K), 1 survivors (2048K)
 Metaspace       used 12813K, committed 12992K, reserved 1064960K
  class space    used 882K, committed 960K, reserved 1048576K
}
Event: 51.977 GC heap before
{Heap before GC invocations=178 (full 0):
 garbage-first heap   total 313344K, used 190657K [0x0000000703a00000, 0x0000000800000000)
  region size 2048K, 91 young (186368K), 1 survivors (2048K)
 Metaspace       used 12813K, committed 12992K, reserved 1064960K
  class space    used 882K, committed 960K, reserved 1048576K
}
Event: 51.978 GC heap after
{Heap after GC invocations=179 (full 0):
 garbage-first heap   total 313344K, used 6345K [0x0000000703a00000, 0x0000000800000000)
  region size 2048K, 1 young (2048K), 1 survivors (2048K)
 Metaspace       used 12813K, committed 12992K, reserved 1064960K
  class space    used 882K, committed 960K, reserved 1048576K
}
Event: 52.283 GC heap before
{Heap before GC invocations=179 (full 0):
 garbage-first heap   total 313344K, used 190665K [0x0000000703a00000, 0x0000000800000000)
  region size 2048K, 91 young (186368K), 1 survivors (2048K)
 Metaspace       used 12813K, committed 12992K, reserved 1064960K
  class space    used 882K, committed 960K, reserved 1048576K
}
Event: 52.284 GC heap after
{Heap after GC invocations=180 (full 0):
 garbage-first heap   total 313344K, used 6345K [0x0000000703a00000, 0x0000000800000000)
  region size 2048K, 1 young (2048K), 1 survivors (2048K)
 Metaspace       used 12813K, committed 12992K, reserved 1064960K
  class space    used 882K, committed 960K, reserved 1048576K
}
Event: 52.580 GC heap before
{Heap before GC invocations=180 (full 0):
 garbage-first heap   total 313344K, used 190665K [0x0000000703a00000, 0x0000000800000000)
  region size 2048K, 91 young (186368K), 1 survivors (2048K)
 Metaspace       used 12813K, committed 12992K, reserved 1064960K
  class space    used 882K, committed 960K, reserved 1048576K
}
Event: 52.581 GC heap after
{Heap after GC invocations=181 (full 0):
 garbage-first heap   total 313344K, used 6354K [0x0000000703a00000, 0x0000000800000000)
  region size 2048K, 1 young (2048K), 1 survivors (2048K)
 Metaspace       used 12813K, committed 12992K, reserved 1064960K
  class space    used 882K, committed 960K, reserved 1048576K
}
Event: 52.900 GC heap before
{Heap before GC invocations=181 (full 0):
 garbage-first heap   total 313344K, used 190674K [0x0000000703a00000, 0x0000000800000000)
  region size 2048K, 91 young (186368K), 1 survivors (2048K)
 Metaspace       used 12813K, committed 12992K, reserved 1064960K
  class space    used 882K, committed 960K, reserved 1048576K
}
Event: 52.901 GC heap after
{Heap after GC invocations=182 (full 0):
 garbage-first heap   total 313344K, used 6358K [0x0000000703a00000, 0x0000000800000000)
  region size 2048K, 1 young (2048K), 1 survivors (2048K)
 Metaspace       used 12813K, committed 12992K, reserved 1064960K
  class space    used 882K, committed 960K, reserved 1048576K
}
Event: 53.201 GC heap before
{Heap before GC invocations=182 (full 0):
 garbage-first heap   total 313344K, used 190678K [0x0000000703a00000, 0x0000000800000000)
  region size 2048K, 91 young (186368K), 1 survivors (2048K)
 Metaspace       used 12813K, committed 12992K, reserved 1064960K
  class space    used 882K, committed 960K, reserved 1048576K
}
Event: 53.201 GC heap after
{Heap after GC invocations=183 (full 0):
 garbage-first heap   total 313344K, used 6356K [0x0000000703a00000, 0x0000000800000000)
  region size 2048K, 1 young (2048K), 1 survivors (2048K)
 Metaspace       used 12813K, committed 12992K, reserved 1064960K
  class space    used 882K, committed 960K, reserved 1048576K
}
Event: 53.536 GC heap before
{Heap before GC invocations=183 (full 0):
 garbage-first heap   total 313344K, used 190676K [0x0000000703a00000, 0x0000000800000000)
  region size 2048K, 91 young (186368K), 1 survivors (2048K)
 Metaspace       used 12814K, committed 12992K, reserved 1064960K
  class space    used 882K, committed 960K, reserved 1048576K
}
Event: 53.538 GC heap after
{Heap after GC invocations=184 (full 0):
 garbage-first heap   total 313344K, used 6355K [0x0000000703a00000, 0x0000000800000000)
  region size 2048K, 1 young (2048K), 1 survivors (2048K)
 Metaspace       used 12814K, committed 12992K, reserved 1064960K
  class space    used 882K, committed 960K, reserved 1048576K
}
Event: 53.859 GC heap before
{Heap before GC invocations=184 (full 0):
 garbage-first heap   total 313344K, used 190675K [0x0000000703a00000, 0x0000000800000000)
  region size 2048K, 91 young (186368K), 1 survivors (2048K)
 Metaspace       used 12814K, committed 12992K, reserved 1064960K
  class space    used 882K, committed 960K, reserved 1048576K
}
Event: 53.861 GC heap after
{Heap after GC invocations=185 (full 0):
 garbage-first heap   total 313344K, used 6361K [0x0000000703a00000, 0x0000000800000000)
  region size 2048K, 1 young (2048K), 1 survivors (2048K)
 Metaspace       used 12814K, committed 12992K, reserved 1064960K
  class space    used 882K, committed 960K, reserved 1048576K
}
Event: 54.179 GC heap before
{Heap before GC invocations=185 (full 0):
 garbage-first heap   total 313344K, used 190681K [0x0000000703a00000, 0x0000000800000000)
  region size 2048K, 91 young (186368K), 1 survivors (2048K)
 Metaspace       used 12814K, committed 12992K, reserved 1064960K
  class space    used 882K, committed 960K, reserved 1048576K
}
Event: 54.180 GC heap after
{Heap after GC invocations=186 (full 0):
 garbage-first heap   total 313344K, used 6371K [0x0000000703a00000, 0x0000000800000000)
  region size 2048K, 1 young (2048K), 1 survivors (2048K)
 Metaspace       used 12814K, committed 12992K, reserved 1064960K
  class space    used 882K, committed 960K, reserved 1048576K
}
Event: 54.517 GC heap before
{Heap before GC invocations=186 (full 0):
 garbage-first heap   total 313344K, used 190691K [0x0000000703a00000, 0x0000000800000000)
  region size 2048K, 91 young (186368K), 1 survivors (2048K)
 Metaspace       used 12814K, committed 12992K, reserved 1064960K
  class space    used 882K, committed 960K, reserved 1048576K
}
Event: 54.518 GC heap after
{Heap after GC invocations=187 (full 0):
 garbage-first heap   total 313344K, used 6372K [0x0000000703a00000, 0x0000000800000000)
  region size 2048K, 1 young (2048K), 1 survivors (2048K)
 Metaspace       used 12814K, committed 12992K, reserved 1064960K
  class space    used 882K, committed 960K, reserved 1048576K
}

