# JRE version: Java(TM) SE Runtime Environment (16.0.2+7) (build 16.0.2+7-67)
# Java VM: Java HotSpot(TM) 64-Bit Server VM (16.0.2+7-67, mixed mode, sharing, tiered, compressed oops, compressed class ptrs, g1 gc, windows-amd64)
GC Precious Log:
 CPUs: 8 total, 8 available
 Memory: 16149M
 Large Page Support: Disabled
 NUMA Support: Disabled
 Compressed Oops: Enabled (Zero based)
 Heap Region Size: 2M
 Heap Min Capacity: 8M
 Heap Initial Capacity: 254M
 Heap Max Capacity: 4038M
 Pre-touch: Disabled
 Parallel Workers: 8
 Concurrent Workers: 2
 Concurrent Refinement Workers: 8
 Periodic GC: Disabled
Heap:
 garbage-first heap   total 376832K, used 49934K [0x0000000703a00000, 0x0000000800000000)
  region size 2048K, 23 young (47104K), 1 survivors (2048K)
 Metaspace       used 12817K, committed 12928K, reserved 1064960K
  class space    used 885K, committed 960K, reserved 1048576K
GC Heap History (20 events):
Event: 35.245 GC heap before
{Heap before GC invocations=148 (full 0):
 garbage-first heap   total 376832K, used 230114K [0x0000000703a00000, 0x0000000800000000)
  region size 2048K, 110 young (225280K), 1 survivors (2048K)
 Metaspace       used 12773K, committed 12928K, reserved 1064960K
  class space    used 881K, committed 960K, reserved 1048576K
}
Event: 35.247 GC heap after
{Heap after GC invocations=149 (full 0):
 garbage-first heap   total 376832K, used 6885K [0x0000000703a00000, 0x0000000800000000)
  region size 2048K, 1 young (2048K), 1 survivors (2048K)
 Metaspace       used 12773K, committed 12928K, reserved 1064960K
  class space    used 881K, committed 960K, reserved 1048576K
}
Event: 35.504 GC heap before
{Heap before GC invocations=149 (full 0):
 garbage-first heap   total 376832K, used 230117K [0x0000000703a00000, 0x0000000800000000)
  region size 2048K, 110 young (225280K), 1 survivors (2048K)
 Metaspace       used 12773K, committed 12928K, reserved 1064960K
  class space    used 881K, committed 960K, reserved 1048576K
}
Event: 35.505 GC heap after
{Heap after GC invocations=150 (full 0):
 garbage-first heap   total 376832K, used 6895K [0x0000000703a00000, 0x0000000800000000)
  region size 2048K, 1 young (2048K), 1 survivors (2048K)
 Metaspace       used 12773K, committed 12928K, reserved 1064960K
  class space    used 881K, committed 960K, reserved 1048576K
}
Event: 35.767 GC heap before
{Heap before GC invocations=150 (full 0):
 garbage-first heap   total 376832K, used 230127K [0x0000000703a00000, 0x0000000800000000)
  region size 2048K, 110 young (225280K), 1 survivors (2048K)
 Metaspace       used 12773K, committed 12928K, reserved 1064960K
  class space    used 881K, committed 960K, reserved 1048576K
}
Event: 35.768 GC heap after
{Heap after GC invocations=151 (full 0):
 garbage-first heap   total 376832K, used 6893K [0x0000000703a00000, 0x0000000800000000)
  region size 2048K, 1 young (2048K), 1 survivors (2048K)
 Metaspace       used 12773K, committed 12928K, reserved 1064960K
  class space    used 881K, committed 960K, reserved 1048576K
}
Event: 36.033 GC heap before
{Heap before GC invocations=151 (full 0):
 garbage-first heap   total 376832K, used 230125K [0x0000000703a00000, 0x0000000800000000)
  region size 2048K, 110 young (225280K), 1 survivors (2048K)
 Metaspace       used 12773K, committed 12928K, reserved 1064960K
  class space    used 881K, committed 960K, reserved 1048576K
}
Event: 36.035 GC heap after
{Heap after GC invocations=152 (full 0):
 garbage-first heap   total 376832K, used 6902K [0x0000000703a00000, 0x0000000800000000)
  region size 2048K, 1 young (2048K), 1 survivors (2048K)
 Metaspace       used 12773K, committed 12928K, reserved 1064960K
  class space    used 881K, committed 960K, reserved 1048576K
}
Event: 36.299 GC heap before
{Heap before GC invocations=152 (full 0):
 garbage-first heap   total 376832K, used 230134K [0x0000000703a00000, 0x0000000800000000)
  region size 2048K, 110 young (225280K), 1 survivors (2048K)
 Metaspace       used 12773K, committed 12928K, reserved 1064960K
  class space    used 881K, committed 960K, reserved 1048576K
}
Event: 36.300 GC heap after
{Heap after GC invocations=153 (full 0):
 garbage-first heap   total 376832K, used 6902K [0x0000000703a00000, 0x0000000800000000)
  region size 2048K, 1 young (2048K), 1 survivors (2048K)
 Metaspace       used 12773K, committed 12928K, reserved 1064960K
  class space    used 881K, committed 960K, reserved 1048576K
}
Event: 36.567 GC heap before
{Heap before GC invocations=153 (full 0):
 garbage-first heap   total 376832K, used 230134K [0x0000000703a00000, 0x0000000800000000)
  region size 2048K, 110 young (225280K), 1 survivors (2048K)
 Metaspace       used 12773K, committed 12928K, reserved 1064960K
  class space    used 881K, committed 960K, reserved 1048576K
}
Event: 36.568 GC heap after
{Heap after GC invocations=154 (full 0):
 garbage-first heap   total 376832K, used 6909K [0x0000000703a00000, 0x0000000800000000)
  region size 2048K, 1 young (2048K), 1 survivors (2048K)
 Metaspace       used 12773K, committed 12928K, reserved 1064960K
  class space    used 881K, committed 960K, reserved 1048576K
}
Event: 36.830 GC heap before
{Heap before GC invocations=154 (full 0):
 garbage-first heap   total 376832K, used 230141K [0x0000000703a00000, 0x0000000800000000)
  region size 2048K, 110 young (225280K), 1 survivors (2048K)
 Metaspace       used 12773K, committed 12928K, reserved 1064960K
  class space    used 881K, committed 960K, reserved 1048576K
}
Event: 36.832 GC heap after
{Heap after GC invocations=155 (full 0):
 garbage-first heap   total 376832K, used 6907K [0x0000000703a00000, 0x0000000800000000)
  region size 2048K, 1 young (2048K), 1 survivors (2048K)
 Metaspace       used 12773K, committed 12928K, reserved 1064960K
  class space    used 881K, committed 960K, reserved 1048576K
}
Event: 37.089 GC heap before
{Heap before GC invocations=155 (full 0):
 garbage-first heap   total 376832K, used 230139K [0x0000000703a00000, 0x0000000800000000)
  region size 2048K, 110 young (225280K), 1 survivors (2048K)
 Metaspace       used 12773K, committed 12928K, reserved 1064960K
  class space    used 881K, committed 960K, reserved 1048576K
}
Event: 37.090 GC heap after
{Heap after GC invocations=156 (full 0):
 garbage-first heap   total 376832K, used 6915K [0x0000000703a00000, 0x0000000800000000)
  region size 2048K, 1 young (2048K), 1 survivors (2048K)
 Metaspace       used 12773K, committed 12928K, reserved 1064960K
  class space    used 881K, committed 960K, reserved 1048576K
}
Event: 37.349 GC heap before
{Heap before GC invocations=156 (full 0):
 garbage-first heap   total 376832K, used 230147K [0x0000000703a00000, 0x0000000800000000)
  region size 2048K, 110 young (225280K), 1 survivors (2048K)
 Metaspace       used 12773K, committed 12928K, reserved 1064960K
  class space    used 881K, committed 960K, reserved 1048576K
}
Event: 37.351 GC heap after
{Heap after GC invocations=157 (full 0):
 garbage-first heap   total 376832K, used 6915K [0x0000000703a00000, 0x0000000800000000)
  region size 2048K, 1 young (2048K), 1 survivors (2048K)
 Metaspace       used 12773K, committed 12928K, reserved 1064960K
  class space    used 881K, committed 960K, reserved 1048576K
}
Event: 37.611 GC heap before
{Heap before GC invocations=157 (full 0):
 garbage-first heap   total 376832K, used 230147K [0x0000000703a00000, 0x0000000800000000)
  region size 2048K, 110 young (225280K), 1 survivors (2048K)
 Metaspace       used 12773K, committed 12928K, reserved 1064960K
  class space    used 881K, committed 960K, reserved 1048576K
}
Event: 37.613 GC heap after
{Heap after GC invocations=158 (full 0):
 garbage-first heap   total 376832K, used 6926K [0x0000000703a00000, 0x0000000800000000)
  region size 2048K, 1 young (2048K), 1 survivors (2048K)
 Metaspace       used 12773K, committed 12928K, reserved 1064960K
  class space    used 881K, committed 960K, reserved 1048576K
}

