# JRE version: Java(TM) SE Runtime Environment (16.0.2+7) (build 16.0.2+7-67)
# Java VM: Java HotSpot(TM) 64-Bit Server VM (16.0.2+7-67, mixed mode, sharing, tiered, compressed oops, compressed class ptrs, g1 gc, windows-amd64)
GC Precious Log:
 CPUs: 8 total, 8 available
 Memory: 16149M
 Large Page Support: Disabled
 NUMA Support: Disabled
 Compressed Oops: Enabled (Zero based)
 Heap Region Size: 2M
 Heap Min Capacity: 8M
 Heap Initial Capacity: 254M
 Heap Max Capacity: 4038M
 Pre-touch: Disabled
 Parallel Workers: 8
 Concurrent Workers: 2
 Concurrent Refinement Workers: 8
 Periodic GC: Disabled
Heap:
 garbage-first heap   total 313344K, used 138759K [0x0000000703a00000, 0x0000000800000000)
  region size 2048K, 67 young (137216K), 1 survivors (2048K)
 Metaspace       used 12849K, committed 13056K, reserved 1064960K
  class space    used 885K, committed 960K, reserved 1048576K
GC Heap History (20 events):
Event: 25.970 GC heap before
{Heap before GC invocations=67 (full 0):
 garbage-first heap   total 313344K, used 189945K [0x0000000703a00000, 0x0000000800000000)
  region size 2048K, 91 young (186368K), 1 survivors (2048K)
 Metaspace       used 12806K, committed 12992K, reserved 1064960K
  class space    used 881K, committed 960K, reserved 1048576K
}
Event: 25.971 GC heap after
{Heap after GC invocations=68 (full 0):
 garbage-first heap   total 313344K, used 5625K [0x0000000703a00000, 0x0000000800000000)
  region size 2048K, 1 young (2048K), 1 survivors (2048K)
 Metaspace       used 12806K, committed 12992K, reserved 1064960K
  class space    used 881K, committed 960K, reserved 1048576K
}
Event: 26.389 GC heap before
{Heap before GC invocations=68 (full 0):
 garbage-first heap   total 313344K, used 189945K [0x0000000703a00000, 0x0000000800000000)
  region size 2048K, 91 young (186368K), 1 survivors (2048K)
 Metaspace       used 12806K, committed 12992K, reserved 1064960K
  class space    used 881K, committed 960K, reserved 1048576K
}
Event: 26.389 GC heap after
{Heap after GC invocations=69 (full 0):
 garbage-first heap   total 313344K, used 5623K [0x0000000703a00000, 0x0000000800000000)
  region size 2048K, 1 young (2048K), 1 survivors (2048K)
 Metaspace       used 12806K, committed 12992K, reserved 1064960K
  class space    used 881K, committed 960K, reserved 1048576K
}
Event: 26.836 GC heap before
{Heap before GC invocations=69 (full 0):
 garbage-first heap   total 313344K, used 189943K [0x0000000703a00000, 0x0000000800000000)
  region size 2048K, 91 young (186368K), 1 survivors (2048K)
 Metaspace       used 12806K, committed 12992K, reserved 1064960K
  class space    used 881K, committed 960K, reserved 1048576K
}
Event: 26.837 GC heap after
{Heap after GC invocations=70 (full 0):
 garbage-first heap   total 313344K, used 5625K [0x0000000703a00000, 0x0000000800000000)
  region size 2048K, 1 young (2048K), 1 survivors (2048K)
 Metaspace       used 12806K, committed 12992K, reserved 1064960K
  class space    used 881K, committed 960K, reserved 1048576K
}
Event: 27.288 GC heap before
{Heap before GC invocations=70 (full 0):
 garbage-first heap   total 313344K, used 189945K [0x0000000703a00000, 0x0000000800000000)
  region size 2048K, 91 young (186368K), 1 survivors (2048K)
 Metaspace       used 12806K, committed 12992K, reserved 1064960K
  class space    used 881K, committed 960K, reserved 1048576K
}
Event: 27.289 GC heap after
{Heap after GC invocations=71 (full 0):
 garbage-first heap   total 313344K, used 5623K [0x0000000703a00000, 0x0000000800000000)
  region size 2048K, 1 young (2048K), 1 survivors (2048K)
 Metaspace       used 12806K, committed 12992K, reserved 1064960K
  class space    used 881K, committed 960K, reserved 1048576K
}
Event: 27.707 GC heap before
{Heap before GC invocations=71 (full 0):
 garbage-first heap   total 313344K, used 189943K [0x0000000703a00000, 0x0000000800000000)
  region size 2048K, 91 young (186368K), 1 survivors (2048K)
 Metaspace       used 12806K, committed 12992K, reserved 1064960K
  class space    used 881K, committed 960K, reserved 1048576K
}
Event: 27.707 GC heap after
{Heap after GC invocations=72 (full 0):
 garbage-first heap   total 313344K, used 5630K [0x0000000703a00000, 0x0000000800000000)
  region size 2048K, 1 young (2048K), 1 survivors (2048K)
 Metaspace       used 12806K, committed 12992K, reserved 1064960K
  class space    used 881K, committed 960K, reserved 1048576K
}
Event: 28.136 GC heap before
{Heap before GC invocations=72 (full 0):
 garbage-first heap   total 313344K, used 189950K [0x0000000703a00000, 0x0000000800000000)
  region size 2048K, 91 young (186368K), 1 survivors (2048K)
 Metaspace       used 12806K, committed 12992K, reserved 1064960K
  class space    used 881K, committed 960K, reserved 1048576K
}
Event: 28.137 GC heap after
{Heap after GC invocations=73 (full 0):
 garbage-first heap   total 313344K, used 5634K [0x0000000703a00000, 0x0000000800000000)
  region size 2048K, 1 young (2048K), 1 survivors (2048K)
 Metaspace       used 12806K, committed 12992K, reserved 1064960K
  class space    used 881K, committed 960K, reserved 1048576K
}
Event: 28.608 GC heap before
{Heap before GC invocations=73 (full 0):
 garbage-first heap   total 313344K, used 189954K [0x0000000703a00000, 0x0000000800000000)
  region size 2048K, 91 young (186368K), 1 survivors (2048K)
 Metaspace       used 12806K, committed 12992K, reserved 1064960K
  class space    used 881K, committed 960K, reserved 1048576K
}
Event: 28.609 GC heap after
{Heap after GC invocations=74 (full 0):
 garbage-first heap   total 313344K, used 5639K [0x0000000703a00000, 0x0000000800000000)
  region size 2048K, 1 young (2048K), 1 survivors (2048K)
 Metaspace       used 12806K, committed 12992K, reserved 1064960K
  class space    used 881K, committed 960K, reserved 1048576K
}
Event: 29.053 GC heap before
{Heap before GC invocations=74 (full 0):
 garbage-first heap   total 313344K, used 189959K [0x0000000703a00000, 0x0000000800000000)
  region size 2048K, 91 young (186368K), 1 survivors (2048K)
 Metaspace       used 12806K, committed 12992K, reserved 1064960K
  class space    used 881K, committed 960K, reserved 1048576K
}
Event: 29.053 GC heap after
{Heap after GC invocations=75 (full 0):
 garbage-first heap   total 313344K, used 5639K [0x0000000703a00000, 0x0000000800000000)
  region size 2048K, 1 young (2048K), 1 survivors (2048K)
 Metaspace       used 12806K, committed 12992K, reserved 1064960K
  class space    used 881K, committed 960K, reserved 1048576K
}
Event: 29.520 GC heap before
{Heap before GC invocations=75 (full 0):
 garbage-first heap   total 313344K, used 189959K [0x0000000703a00000, 0x0000000800000000)
  region size 2048K, 91 young (186368K), 1 survivors (2048K)
 Metaspace       used 12806K, committed 12992K, reserved 1064960K
  class space    used 881K, committed 960K, reserved 1048576K
}
Event: 29.521 GC heap after
{Heap after GC invocations=76 (full 0):
 garbage-first heap   total 313344K, used 5639K [0x0000000703a00000, 0x0000000800000000)
  region size 2048K, 1 young (2048K), 1 survivors (2048K)
 Metaspace       used 12806K, committed 12992K, reserved 1064960K
  class space    used 881K, committed 960K, reserved 1048576K
}
Event: 29.978 GC heap before
{Heap before GC invocations=76 (full 0):
 garbage-first heap   total 313344K, used 189959K [0x0000000703a00000, 0x0000000800000000)
  region size 2048K, 91 young (186368K), 1 survivors (2048K)
 Metaspace       used 12806K, committed 12992K, reserved 1064960K
  class space    used 881K, committed 960K, reserved 1048576K
}
Event: 29.979 GC heap after
{Heap after GC invocations=77 (full 0):
 garbage-first heap   total 313344K, used 5639K [0x0000000703a00000, 0x0000000800000000)
  region size 2048K, 1 young (2048K), 1 survivors (2048K)
 Metaspace       used 12806K, committed 12992K, reserved 1064960K
  class space    used 881K, committed 960K, reserved 1048576K
}

