# JRE version: Java(TM) SE Runtime Environment (16.0.2+7) (build 16.0.2+7-67)
# Java VM: Java HotSpot(TM) 64-Bit Server VM (16.0.2+7-67, mixed mode, sharing, tiered, compressed oops, compressed class ptrs, g1 gc, windows-amd64)
GC Precious Log:
 CPUs: 8 total, 8 available
 Memory: 16149M
 Large Page Support: Disabled
 NUMA Support: Disabled
 Compressed Oops: Enabled (Zero based)
 Heap Region Size: 2M
 Heap Min Capacity: 8M
 Heap Initial Capacity: 254M
 Heap Max Capacity: 4038M
 Pre-touch: Disabled
 Parallel Workers: 8
 Concurrent Workers: 2
 Concurrent Refinement Workers: 8
 Periodic GC: Disabled
Heap:
 garbage-first heap   total 376832K, used 145471K [0x0000000703a00000, 0x0000000800000000)
  region size 2048K, 70 young (143360K), 1 survivors (2048K)
 Metaspace       used 12772K, committed 12992K, reserved 1064960K
  class space    used 883K, committed 960K, reserved 1048576K
GC Heap History (20 events):
Event: 35.232 GC heap before
{Heap before GC invocations=121 (full 0):
 garbage-first heap   total 376832K, used 229426K [0x0000000703a00000, 0x0000000800000000)
  region size 2048K, 110 young (225280K), 1 survivors (2048K)
 Metaspace       used 12723K, committed 12928K, reserved 1064960K
  class space    used 879K, committed 960K, reserved 1048576K
}
Event: 35.233 GC heap after
{Heap after GC invocations=122 (full 0):
 garbage-first heap   total 376832K, used 6196K [0x0000000703a00000, 0x0000000800000000)
  region size 2048K, 1 young (2048K), 1 survivors (2048K)
 Metaspace       used 12723K, committed 12928K, reserved 1064960K
  class space    used 879K, committed 960K, reserved 1048576K
}
Event: 35.549 GC heap before
{Heap before GC invocations=122 (full 0):
 garbage-first heap   total 376832K, used 229428K [0x0000000703a00000, 0x0000000800000000)
  region size 2048K, 110 young (225280K), 1 survivors (2048K)
 Metaspace       used 12723K, committed 12928K, reserved 1064960K
  class space    used 879K, committed 960K, reserved 1048576K
}
Event: 35.550 GC heap after
{Heap after GC invocations=123 (full 0):
 garbage-first heap   total 376832K, used 6194K [0x0000000703a00000, 0x0000000800000000)
  region size 2048K, 1 young (2048K), 1 survivors (2048K)
 Metaspace       used 12723K, committed 12928K, reserved 1064960K
  class space    used 879K, committed 960K, reserved 1048576K
}
Event: 35.875 GC heap before
{Heap before GC invocations=123 (full 0):
 garbage-first heap   total 376832K, used 229426K [0x0000000703a00000, 0x0000000800000000)
  region size 2048K, 110 young (225280K), 1 survivors (2048K)
 Metaspace       used 12723K, committed 12928K, reserved 1064960K
  class space    used 879K, committed 960K, reserved 1048576K
}
Event: 35.876 GC heap after
{Heap after GC invocations=124 (full 0):
 garbage-first heap   total 376832K, used 6196K [0x0000000703a00000, 0x0000000800000000)
  region size 2048K, 1 young (2048K), 1 survivors (2048K)
 Metaspace       used 12723K, committed 12928K, reserved 1064960K
  class space    used 879K, committed 960K, reserved 1048576K
}
Event: 36.199 GC heap before
{Heap before GC invocations=124 (full 0):
 garbage-first heap   total 376832K, used 229428K [0x0000000703a00000, 0x0000000800000000)
  region size 2048K, 110 young (225280K), 1 survivors (2048K)
 Metaspace       used 12723K, committed 12928K, reserved 1064960K
  class space    used 879K, committed 960K, reserved 1048576K
}
Event: 36.200 GC heap after
{Heap after GC invocations=125 (full 0):
 garbage-first heap   total 376832K, used 6190K [0x0000000703a00000, 0x0000000800000000)
  region size 2048K, 1 young (2048K), 1 survivors (2048K)
 Metaspace       used 12723K, committed 12928K, reserved 1064960K
  class space    used 879K, committed 960K, reserved 1048576K
}
Event: 36.537 GC heap before
{Heap before GC invocations=125 (full 0):
 garbage-first heap   total 376832K, used 229422K [0x0000000703a00000, 0x0000000800000000)
  region size 2048K, 110 young (225280K), 1 survivors (2048K)
 Metaspace       used 12723K, committed 12928K, reserved 1064960K
  class space    used 879K, committed 960K, reserved 1048576K
}
Event: 36.538 GC heap after
{Heap after GC invocations=126 (full 0):
 garbage-first heap   total 376832K, used 6202K [0x0000000703a00000, 0x0000000800000000)
  region size 2048K, 1 young (2048K), 1 survivors (2048K)
 Metaspace       used 12723K, committed 12928K, reserved 1064960K
  class space    used 879K, committed 960K, reserved 1048576K
}
Event: 36.875 GC heap before
{Heap before GC invocations=126 (full 0):
 garbage-first heap   total 376832K, used 229434K [0x0000000703a00000, 0x0000000800000000)
  region size 2048K, 110 young (225280K), 1 survivors (2048K)
 Metaspace       used 12723K, committed 12928K, reserved 1064960K
  class space    used 879K, committed 960K, reserved 1048576K
}
Event: 36.876 GC heap after
{Heap after GC invocations=127 (full 0):
 garbage-first heap   total 376832K, used 6200K [0x0000000703a00000, 0x0000000800000000)
  region size 2048K, 1 young (2048K), 1 survivors (2048K)
 Metaspace       used 12723K, committed 12928K, reserved 1064960K
  class space    used 879K, committed 960K, reserved 1048576K
}
Event: 37.204 GC heap before
{Heap before GC invocations=127 (full 0):
 garbage-first heap   total 376832K, used 229432K [0x0000000703a00000, 0x0000000800000000)
  region size 2048K, 110 young (225280K), 1 survivors (2048K)
 Metaspace       used 12723K, committed 12928K, reserved 1064960K
  class space    used 879K, committed 960K, reserved 1048576K
}
Event: 37.205 GC heap after
{Heap after GC invocations=128 (full 0):
 garbage-first heap   total 376832K, used 6200K [0x0000000703a00000, 0x0000000800000000)
  region size 2048K, 1 young (2048K), 1 survivors (2048K)
 Metaspace       used 12723K, committed 12928K, reserved 1064960K
  class space    used 879K, committed 960K, reserved 1048576K
}
Event: 37.542 GC heap before
{Heap before GC invocations=128 (full 0):
 garbage-first heap   total 376832K, used 229432K [0x0000000703a00000, 0x0000000800000000)
  region size 2048K, 110 young (225280K), 1 survivors (2048K)
 Metaspace       used 12727K, committed 12928K, reserved 1064960K
  class space    used 879K, committed 960K, reserved 1048576K
}
Event: 37.543 GC heap after
{Heap after GC invocations=129 (full 0):
 garbage-first heap   total 376832K, used 6202K [0x0000000703a00000, 0x0000000800000000)
  region size 2048K, 1 young (2048K), 1 survivors (2048K)
 Metaspace       used 12727K, committed 12928K, reserved 1064960K
  class space    used 879K, committed 960K, reserved 1048576K
}
Event: 37.870 GC heap before
{Heap before GC invocations=129 (full 0):
 garbage-first heap   total 376832K, used 229434K [0x0000000703a00000, 0x0000000800000000)
  region size 2048K, 110 young (225280K), 1 survivors (2048K)
 Metaspace       used 12727K, committed 12928K, reserved 1064960K
  class space    used 879K, committed 960K, reserved 1048576K
}
Event: 37.871 GC heap after
{Heap after GC invocations=130 (full 0):
 garbage-first heap   total 376832K, used 6201K [0x0000000703a00000, 0x0000000800000000)
  region size 2048K, 1 young (2048K), 1 survivors (2048K)
 Metaspace       used 12727K, committed 12928K, reserved 1064960K
  class space    used 879K, committed 960K, reserved 1048576K
}
Event: 38.198 GC heap before
{Heap before GC invocations=130 (full 0):
 garbage-first heap   total 376832K, used 229433K [0x0000000703a00000, 0x0000000800000000)
  region size 2048K, 110 young (225280K), 1 survivors (2048K)
 Metaspace       used 12727K, committed 12928K, reserved 1064960K
  class space    used 879K, committed 960K, reserved 1048576K
}
Event: 38.199 GC heap after
{Heap after GC invocations=131 (full 0):
 garbage-first heap   total 376832K, used 6207K [0x0000000703a00000, 0x0000000800000000)
  region size 2048K, 1 young (2048K), 1 survivors (2048K)
 Metaspace       used 12727K, committed 12928K, reserved 1064960K
  class space    used 879K, committed 960K, reserved 1048576K
}

