# JRE version: Java(TM) SE Runtime Environment (16.0.2+7) (build 16.0.2+7-67)
# Java VM: Java HotSpot(TM) 64-Bit Server VM (16.0.2+7-67, mixed mode, sharing, tiered, compressed oops, compressed class ptrs, g1 gc, windows-amd64)
GC Precious Log:
 CPUs: 8 total, 8 available
 Memory: 16149M
 Large Page Support: Disabled
 NUMA Support: Disabled
 Compressed Oops: Enabled (Zero based)
 Heap Region Size: 2M
 Heap Min Capacity: 8M
 Heap Initial Capacity: 254M
 Heap Max Capacity: 4038M
 Pre-touch: Disabled
 Parallel Workers: 8
 Concurrent Workers: 2
 Concurrent Refinement Workers: 8
 Periodic GC: Disabled
Heap:
 garbage-first heap   total 452608K, used 233065K [0x0000000703a00000, 0x0000000800000000)
  region size 2048K, 112 young (229376K), 1 survivors (2048K)
 Metaspace       used 12954K, committed 13184K, reserved 1064960K
  class space    used 888K, committed 1024K, reserved 1048576K
GC Heap History (20 events):
Event: 696.687 GC heap before
{Heap before GC invocations=1180 (full 0):
 garbage-first heap   total 452608K, used 276061K [0x0000000703a00000, 0x0000000800000000)
  region size 2048K, 132 young (270336K), 1 survivors (2048K)
 Metaspace       used 12912K, committed 13056K, reserved 1064960K
  class space    used 884K, committed 960K, reserved 1048576K
}
Event: 696.689 GC heap after
{Heap after GC invocations=1181 (full 0):
 garbage-first heap   total 452608K, used 7775K [0x0000000703a00000, 0x0000000800000000)
  region size 2048K, 1 young (2048K), 1 survivors (2048K)
 Metaspace       used 12912K, committed 13056K, reserved 1064960K
  class space    used 884K, committed 960K, reserved 1048576K
}
Event: 697.126 GC heap before
{Heap before GC invocations=1181 (full 0):
 garbage-first heap   total 452608K, used 276063K [0x0000000703a00000, 0x0000000800000000)
  region size 2048K, 132 young (270336K), 1 survivors (2048K)
 Metaspace       used 12912K, committed 13056K, reserved 1064960K
  class space    used 884K, committed 960K, reserved 1048576K
}
Event: 697.126 GC heap after
{Heap after GC invocations=1182 (full 0):
 garbage-first heap   total 452608K, used 7775K [0x0000000703a00000, 0x0000000800000000)
  region size 2048K, 1 young (2048K), 1 survivors (2048K)
 Metaspace       used 12912K, committed 13056K, reserved 1064960K
  class space    used 884K, committed 960K, reserved 1048576K
}
Event: 697.522 GC heap before
{Heap before GC invocations=1182 (full 0):
 garbage-first heap   total 452608K, used 276063K [0x0000000703a00000, 0x0000000800000000)
  region size 2048K, 132 young (270336K), 1 survivors (2048K)
 Metaspace       used 12912K, committed 13056K, reserved 1064960K
  class space    used 884K, committed 960K, reserved 1048576K
}
Event: 697.523 GC heap after
{Heap after GC invocations=1183 (full 0):
 garbage-first heap   total 452608K, used 7774K [0x0000000703a00000, 0x0000000800000000)
  region size 2048K, 1 young (2048K), 1 survivors (2048K)
 Metaspace       used 12912K, committed 13056K, reserved 1064960K
  class space    used 884K, committed 960K, reserved 1048576K
}
Event: 697.862 GC heap before
{Heap before GC invocations=1183 (full 0):
 garbage-first heap   total 452608K, used 276062K [0x0000000703a00000, 0x0000000800000000)
  region size 2048K, 132 young (270336K), 1 survivors (2048K)
 Metaspace       used 12912K, committed 13056K, reserved 1064960K
  class space    used 884K, committed 960K, reserved 1048576K
}
Event: 697.863 GC heap after
{Heap after GC invocations=1184 (full 0):
 garbage-first heap   total 452608K, used 7774K [0x0000000703a00000, 0x0000000800000000)
  region size 2048K, 1 young (2048K), 1 survivors (2048K)
 Metaspace       used 12912K, committed 13056K, reserved 1064960K
  class space    used 884K, committed 960K, reserved 1048576K
}
Event: 698.311 GC heap before
{Heap before GC invocations=1184 (full 0):
 garbage-first heap   total 452608K, used 276062K [0x0000000703a00000, 0x0000000800000000)
  region size 2048K, 132 young (270336K), 1 survivors (2048K)
 Metaspace       used 12912K, committed 13056K, reserved 1064960K
  class space    used 884K, committed 960K, reserved 1048576K
}
Event: 698.312 GC heap after
{Heap after GC invocations=1185 (full 0):
 garbage-first heap   total 452608K, used 7776K [0x0000000703a00000, 0x0000000800000000)
  region size 2048K, 1 young (2048K), 1 survivors (2048K)
 Metaspace       used 12912K, committed 13056K, reserved 1064960K
  class space    used 884K, committed 960K, reserved 1048576K
}
Event: 698.672 GC heap before
{Heap before GC invocations=1185 (full 0):
 garbage-first heap   total 452608K, used 276064K [0x0000000703a00000, 0x0000000800000000)
  region size 2048K, 132 young (270336K), 1 survivors (2048K)
 Metaspace       used 12912K, committed 13056K, reserved 1064960K
  class space    used 884K, committed 960K, reserved 1048576K
}
Event: 698.673 GC heap after
{Heap after GC invocations=1186 (full 0):
 garbage-first heap   total 452608K, used 7776K [0x0000000703a00000, 0x0000000800000000)
  region size 2048K, 1 young (2048K), 1 survivors (2048K)
 Metaspace       used 12912K, committed 13056K, reserved 1064960K
  class space    used 884K, committed 960K, reserved 1048576K
}
Event: 699.105 GC heap before
{Heap before GC invocations=1186 (full 0):
 garbage-first heap   total 452608K, used 276064K [0x0000000703a00000, 0x0000000800000000)
  region size 2048K, 132 young (270336K), 1 survivors (2048K)
 Metaspace       used 12912K, committed 13056K, reserved 1064960K
  class space    used 884K, committed 960K, reserved 1048576K
}
Event: 699.106 GC heap after
{Heap after GC invocations=1187 (full 0):
 garbage-first heap   total 452608K, used 7780K [0x0000000703a00000, 0x0000000800000000)
  region size 2048K, 1 young (2048K), 1 survivors (2048K)
 Metaspace       used 12912K, committed 13056K, reserved 1064960K
  class space    used 884K, committed 960K, reserved 1048576K
}
Event: 699.770 GC heap before
{Heap before GC invocations=1187 (full 0):
 garbage-first heap   total 452608K, used 276068K [0x0000000703a00000, 0x0000000800000000)
  region size 2048K, 132 young (270336K), 1 survivors (2048K)
 Metaspace       used 12912K, committed 13056K, reserved 1064960K
  class space    used 884K, committed 960K, reserved 1048576K
}
Event: 699.771 GC heap after
{Heap after GC invocations=1188 (full 0):
 garbage-first heap   total 452608K, used 7774K [0x0000000703a00000, 0x0000000800000000)
  region size 2048K, 1 young (2048K), 1 survivors (2048K)
 Metaspace       used 12912K, committed 13056K, reserved 1064960K
  class space    used 884K, committed 960K, reserved 1048576K
}
Event: 700.149 GC heap before
{Heap before GC invocations=1188 (full 0):
 garbage-first heap   total 452608K, used 276062K [0x0000000703a00000, 0x0000000800000000)
  region size 2048K, 132 young (270336K), 1 survivors (2048K)
 Metaspace       used 12912K, committed 13056K, reserved 1064960K
  class space    used 884K, committed 960K, reserved 1048576K
}
Event: 700.150 GC heap after
{Heap after GC invocations=1189 (full 0):
 garbage-first heap   total 452608K, used 7782K [0x0000000703a00000, 0x0000000800000000)
  region size 2048K, 1 young (2048K), 1 survivors (2048K)
 Metaspace       used 12912K, committed 13056K, reserved 1064960K
  class space    used 884K, committed 960K, reserved 1048576K
}
Event: 700.544 GC heap before
{Heap before GC invocations=1189 (full 0):
 garbage-first heap   total 452608K, used 276070K [0x0000000703a00000, 0x0000000800000000)
  region size 2048K, 132 young (270336K), 1 survivors (2048K)
 Metaspace       used 12912K, committed 13056K, reserved 1064960K
  class space    used 884K, committed 960K, reserved 1048576K
}
Event: 700.545 GC heap after
{Heap after GC invocations=1190 (full 0):
 garbage-first heap   total 452608K, used 7785K [0x0000000703a00000, 0x0000000800000000)
  region size 2048K, 1 young (2048K), 1 survivors (2048K)
 Metaspace       used 12912K, committed 13056K, reserved 1064960K
  class space    used 884K, committed 960K, reserved 1048576K
}

