# JRE version: Java(TM) SE Runtime Environment (16.0.2+7) (build 16.0.2+7-67)
# Java VM: Java HotSpot(TM) 64-Bit Server VM (16.0.2+7-67, mixed mode, sharing, tiered, compressed oops, compressed class ptrs, g1 gc, windows-amd64)
GC Precious Log:
 CPUs: 8 total, 8 available
 Memory: 16149M
 Large Page Support: Disabled
 NUMA Support: Disabled
 Compressed Oops: Enabled (Zero based)
 Heap Region Size: 2M
 Heap Min Capacity: 8M
 Heap Initial Capacity: 254M
 Heap Max Capacity: 4038M
 Pre-touch: Disabled
 Parallel Workers: 8
 Concurrent Workers: 2
 Concurrent Refinement Workers: 8
 Periodic GC: Disabled
Heap:
 garbage-first heap   total 460800K, used 117577K [0x0000000703a00000, 0x0000000800000000)
  region size 2048K, 56 young (114688K), 1 survivors (2048K)
 Metaspace       used 12928K, committed 13056K, reserved 1064960K
  class space    used 887K, committed 960K, reserved 1048576K
GC Heap History (20 events):
Event: 74.701 GC heap before
{Heap before GC invocations=210 (full 0):
 garbage-first heap   total 460800K, used 281401K [0x0000000703a00000, 0x0000000800000000)
  region size 2048K, 135 young (276480K), 1 survivors (2048K)
 Metaspace       used 12885K, committed 13056K, reserved 1064960K
  class space    used 884K, committed 960K, reserved 1048576K
}
Event: 74.702 GC heap after
{Heap after GC invocations=211 (full 0):
 garbage-first heap   total 460800K, used 6965K [0x0000000703a00000, 0x0000000800000000)
  region size 2048K, 1 young (2048K), 1 survivors (2048K)
 Metaspace       used 12885K, committed 13056K, reserved 1064960K
  class space    used 884K, committed 960K, reserved 1048576K
}
Event: 75.237 GC heap before
{Heap before GC invocations=211 (full 0):
 garbage-first heap   total 460800K, used 281397K [0x0000000703a00000, 0x0000000800000000)
  region size 2048K, 135 young (276480K), 1 survivors (2048K)
 Metaspace       used 12885K, committed 13056K, reserved 1064960K
  class space    used 884K, committed 960K, reserved 1048576K
}
Event: 75.238 GC heap after
{Heap after GC invocations=212 (full 0):
 garbage-first heap   total 460800K, used 6967K [0x0000000703a00000, 0x0000000800000000)
  region size 2048K, 1 young (2048K), 1 survivors (2048K)
 Metaspace       used 12885K, committed 13056K, reserved 1064960K
  class space    used 884K, committed 960K, reserved 1048576K
}
Event: 75.764 GC heap before
{Heap before GC invocations=212 (full 0):
 garbage-first heap   total 460800K, used 281399K [0x0000000703a00000, 0x0000000800000000)
  region size 2048K, 135 young (276480K), 1 survivors (2048K)
 Metaspace       used 12885K, committed 13056K, reserved 1064960K
  class space    used 884K, committed 960K, reserved 1048576K
}
Event: 75.765 GC heap after
{Heap after GC invocations=213 (full 0):
 garbage-first heap   total 460800K, used 6969K [0x0000000703a00000, 0x0000000800000000)
  region size 2048K, 1 young (2048K), 1 survivors (2048K)
 Metaspace       used 12885K, committed 13056K, reserved 1064960K
  class space    used 884K, committed 960K, reserved 1048576K
}
Event: 76.287 GC heap before
{Heap before GC invocations=213 (full 0):
 garbage-first heap   total 460800K, used 281401K [0x0000000703a00000, 0x0000000800000000)
  region size 2048K, 135 young (276480K), 1 survivors (2048K)
 Metaspace       used 12885K, committed 13056K, reserved 1064960K
  class space    used 884K, committed 960K, reserved 1048576K
}
Event: 76.289 GC heap after
{Heap after GC invocations=214 (full 0):
 garbage-first heap   total 460800K, used 6974K [0x0000000703a00000, 0x0000000800000000)
  region size 2048K, 1 young (2048K), 1 survivors (2048K)
 Metaspace       used 12885K, committed 13056K, reserved 1064960K
  class space    used 884K, committed 960K, reserved 1048576K
}
Event: 76.815 GC heap before
{Heap before GC invocations=214 (full 0):
 garbage-first heap   total 460800K, used 281406K [0x0000000703a00000, 0x0000000800000000)
  region size 2048K, 135 young (276480K), 1 survivors (2048K)
 Metaspace       used 12885K, committed 13056K, reserved 1064960K
  class space    used 884K, committed 960K, reserved 1048576K
}
Event: 76.817 GC heap after
{Heap after GC invocations=215 (full 0):
 garbage-first heap   total 460800K, used 6976K [0x0000000703a00000, 0x0000000800000000)
  region size 2048K, 1 young (2048K), 1 survivors (2048K)
 Metaspace       used 12885K, committed 13056K, reserved 1064960K
  class space    used 884K, committed 960K, reserved 1048576K
}
Event: 77.361 GC heap before
{Heap before GC invocations=215 (full 0):
 garbage-first heap   total 460800K, used 281408K [0x0000000703a00000, 0x0000000800000000)
  region size 2048K, 135 young (276480K), 1 survivors (2048K)
 Metaspace       used 12885K, committed 13056K, reserved 1064960K
  class space    used 884K, committed 960K, reserved 1048576K
}
Event: 77.362 GC heap after
{Heap after GC invocations=216 (full 0):
 garbage-first heap   total 460800K, used 6976K [0x0000000703a00000, 0x0000000800000000)
  region size 2048K, 1 young (2048K), 1 survivors (2048K)
 Metaspace       used 12885K, committed 13056K, reserved 1064960K
  class space    used 884K, committed 960K, reserved 1048576K
}
Event: 77.736 GC heap before
{Heap before GC invocations=216 (full 0):
 garbage-first heap   total 460800K, used 281408K [0x0000000703a00000, 0x0000000800000000)
  region size 2048K, 135 young (276480K), 1 survivors (2048K)
 Metaspace       used 12885K, committed 13056K, reserved 1064960K
  class space    used 884K, committed 960K, reserved 1048576K
}
Event: 77.738 GC heap after
{Heap after GC invocations=217 (full 0):
 garbage-first heap   total 460800K, used 6978K [0x0000000703a00000, 0x0000000800000000)
  region size 2048K, 1 young (2048K), 1 survivors (2048K)
 Metaspace       used 12885K, committed 13056K, reserved 1064960K
  class space    used 884K, committed 960K, reserved 1048576K
}
Event: 78.034 GC heap before
{Heap before GC invocations=217 (full 0):
 garbage-first heap   total 460800K, used 281410K [0x0000000703a00000, 0x0000000800000000)
  region size 2048K, 135 young (276480K), 1 survivors (2048K)
 Metaspace       used 12885K, committed 13056K, reserved 1064960K
  class space    used 884K, committed 960K, reserved 1048576K
}
Event: 78.034 GC heap after
{Heap after GC invocations=218 (full 0):
 garbage-first heap   total 460800K, used 6976K [0x0000000703a00000, 0x0000000800000000)
  region size 2048K, 1 young (2048K), 1 survivors (2048K)
 Metaspace       used 12885K, committed 13056K, reserved 1064960K
  class space    used 884K, committed 960K, reserved 1048576K
}
Event: 78.307 GC heap before
{Heap before GC invocations=218 (full 0):
 garbage-first heap   total 460800K, used 281408K [0x0000000703a00000, 0x0000000800000000)
  region size 2048K, 135 young (276480K), 1 survivors (2048K)
 Metaspace       used 12885K, committed 13056K, reserved 1064960K
  class space    used 884K, committed 960K, reserved 1048576K
}
Event: 78.309 GC heap after
{Heap after GC invocations=219 (full 0):
 garbage-first heap   total 460800K, used 6980K [0x0000000703a00000, 0x0000000800000000)
  region size 2048K, 1 young (2048K), 1 survivors (2048K)
 Metaspace       used 12885K, committed 13056K, reserved 1064960K
  class space    used 884K, committed 960K, reserved 1048576K
}
Event: 78.625 GC heap before
{Heap before GC invocations=219 (full 0):
 garbage-first heap   total 460800K, used 281412K [0x0000000703a00000, 0x0000000800000000)
  region size 2048K, 135 young (276480K), 1 survivors (2048K)
 Metaspace       used 12885K, committed 13056K, reserved 1064960K
  class space    used 884K, committed 960K, reserved 1048576K
}
Event: 78.626 GC heap after
{Heap after GC invocations=220 (full 0):
 garbage-first heap   total 460800K, used 6985K [0x0000000703a00000, 0x0000000800000000)
  region size 2048K, 1 young (2048K), 1 survivors (2048K)
 Metaspace       used 12885K, committed 13056K, reserved 1064960K
  class space    used 884K, committed 960K, reserved 1048576K
}

